This file contains any messages produced by compilers while
running configure, to aid debugging if configure makes a mistake.

It was created by libzen configure 0.4.25, which was
generated by GNU Autoconf 2.59.  Invocation command line was

  $ ./configure --without-subdirs --enable-gui

## --------- ##
## Platform. ##
## --------- ##

hostname = debian
uname -m = x86_64
uname -r = 3.2.0-4-amd64
uname -s = Linux
uname -v = #1 SMP Debian 3.2.46-1

/usr/bin/uname -p = unknown
/bin/uname -X     = unknown

/bin/arch              = unknown
/usr/bin/arch -k       = unknown
/usr/convex/getsysinfo = unknown
hostinfo               = unknown
/bin/machine           = unknown
/usr/bin/oslevel       = unknown
/bin/universe          = unknown

PATH: /home/cedar/.cedar/bin
PATH: /home/cedar/bin
PATH: /usr/local/bin
PATH: /usr/bin
PATH: /bin
PATH: /usr/local/games
PATH: /usr/games


## ----------- ##
## Core tests. ##
## ----------- ##

configure:1566: checking build system type
configure:1584: result: x86_64-unknown-linux-gnu
configure:1606: checking for a BSD-compatible install
configure:1661: result: /usr/bin/install -c
configure:1672: checking whether build environment is sane
configure:1715: result: yes
configure:1780: checking for gawk
configure:1796: found /usr/bin/gawk
configure:1806: result: gawk
configure:1816: checking whether make sets $(MAKE)
configure:1836: result: yes
configure:2051: checking for gcc
configure:2067: found /usr/bin/gcc
configure:2077: result: gcc
configure:2321: checking for C compiler version
configure:2324: gcc --version </dev/null >&5
gcc (Debian 4.4.7-2) 4.4.7
Copyright (C) 2010 Free Software Foundation, Inc.
This is free software; see the source for copying conditions.  There is NO
warranty; not even for MERCHANTABILITY or FITNESS FOR A PARTICULAR PURPOSE.

configure:2327: $? = 0
configure:2329: gcc -v </dev/null >&5
Using built-in specs.
Target: x86_64-linux-gnu
Configured with: ../src/configure -v --with-pkgversion='Debian 4.4.7-2' --with-bugurl=file:///usr/share/doc/gcc-4.4/README.Bugs --enable-languages=c,c++,fortran --prefix=/usr --program-suffix=-4.4 --enable-shared --enable-linker-build-id --with-system-zlib --libexecdir=/usr/lib --without-included-gettext --enable-threads=posix --with-gxx-include-dir=/usr/include/c++/4.4 --libdir=/usr/lib --enable-nls --enable-clocale=gnu --enable-libstdcxx-debug --with-arch-32=i586 --with-tune=generic --enable-checking=release --build=x86_64-linux-gnu --host=x86_64-linux-gnu --target=x86_64-linux-gnu
Thread model: posix
gcc version 4.4.7 (Debian 4.4.7-2) 
configure:2332: $? = 0
configure:2334: gcc -V </dev/null >&5
gcc: '-V' option must have argument
configure:2337: $? = 1
configure:2360: checking for C compiler default output file name
configure:2363: gcc    conftest.c  >&5
configure:2366: $? = 0
configure:2412: result: a.out
configure:2417: checking whether the C compiler works
configure:2423: ./a.out
configure:2426: $? = 0
configure:2443: result: yes
configure:2450: checking whether we are cross compiling
configure:2452: result: no
configure:2455: checking for suffix of executables
configure:2457: gcc -o conftest    conftest.c  >&5
configure:2460: $? = 0
configure:2485: result: 
configure:2491: checking for suffix of object files
configure:2512: gcc -c   conftest.c >&5
configure:2515: $? = 0
configure:2537: result: o
configure:2541: checking whether we are using the GNU C compiler
configure:2565: gcc -c   conftest.c >&5
configure:2571: $? = 0
configure:2575: test -z 
			 || test ! -s conftest.err
configure:2578: $? = 0
configure:2581: test -s conftest.o
configure:2584: $? = 0
configure:2597: result: yes
configure:2603: checking whether gcc accepts -g
configure:2624: gcc -c -g  conftest.c >&5
configure:2630: $? = 0
configure:2634: test -z 
			 || test ! -s conftest.err
configure:2637: $? = 0
configure:2640: test -s conftest.o
configure:2643: $? = 0
configure:2654: result: yes
configure:2671: checking for gcc option to accept ANSI C
configure:2741: gcc  -c -g -O2  conftest.c >&5
configure:2747: $? = 0
configure:2751: test -z 
			 || test ! -s conftest.err
configure:2754: $? = 0
configure:2757: test -s conftest.o
configure:2760: $? = 0
configure:2778: result: none needed
configure:2796: gcc -c -g -O2  conftest.c >&5
conftest.c:2: error: expected '=', ',', ';', 'asm' or '__attribute__' before 'me'
configure:2802: $? = 1
configure: failed program was:
| #ifndef __cplusplus
|   choke me
| #endif
configure:2946: checking for style of include used by make
configure:2974: result: GNU
configure:3002: checking dependency style of gcc
configure:3092: result: gcc3
configure:3161: checking for g++
configure:3177: found /usr/bin/g++
configure:3187: result: g++
configure:3203: checking for C++ compiler version
configure:3206: g++ --version </dev/null >&5
g++ (Debian 4.4.7-2) 4.4.7
Copyright (C) 2010 Free Software Foundation, Inc.
This is free software; see the source for copying conditions.  There is NO
warranty; not even for MERCHANTABILITY or FITNESS FOR A PARTICULAR PURPOSE.

configure:3209: $? = 0
configure:3211: g++ -v </dev/null >&5
Using built-in specs.
Target: x86_64-linux-gnu
Configured with: ../src/configure -v --with-pkgversion='Debian 4.4.7-2' --with-bugurl=file:///usr/share/doc/gcc-4.4/README.Bugs --enable-languages=c,c++,fortran --prefix=/usr --program-suffix=-4.4 --enable-shared --enable-linker-build-id --with-system-zlib --libexecdir=/usr/lib --without-included-gettext --enable-threads=posix --with-gxx-include-dir=/usr/include/c++/4.4 --libdir=/usr/lib --enable-nls --enable-clocale=gnu --enable-libstdcxx-debug --with-arch-32=i586 --with-tune=generic --enable-checking=release --build=x86_64-linux-gnu --host=x86_64-linux-gnu --target=x86_64-linux-gnu
Thread model: posix
gcc version 4.4.7 (Debian 4.4.7-2) 
configure:3214: $? = 0
configure:3216: g++ -V </dev/null >&5
g++: '-V' option must have argument
configure:3219: $? = 1
configure:3222: checking whether we are using the GNU C++ compiler
configure:3246: g++ -c   conftest.cc >&5
configure:3252: $? = 0
configure:3256: test -z 
			 || test ! -s conftest.err
configure:3259: $? = 0
configure:3262: test -s conftest.o
configure:3265: $? = 0
configure:3278: result: yes
configure:3284: checking whether g++ accepts -g
configure:3305: g++ -c -g  conftest.cc >&5
configure:3311: $? = 0
configure:3315: test -z 
			 || test ! -s conftest.err
configure:3318: $? = 0
configure:3321: test -s conftest.o
configure:3324: $? = 0
configure:3335: result: yes
configure:3377: g++ -c -g -O2  conftest.cc >&5
configure:3383: $? = 0
configure:3387: test -z 
			 || test ! -s conftest.err
configure:3390: $? = 0
configure:3393: test -s conftest.o
configure:3396: $? = 0
configure:3422: g++ -c -g -O2  conftest.cc >&5
conftest.cc: In function 'int main()':
conftest.cc:15: error: 'exit' was not declared in this scope
configure:3428: $? = 1
configure: failed program was:
| /* confdefs.h.  */
| 
| #define PACKAGE_NAME "libzen"
| #define PACKAGE_TARNAME "libzen"
| #define PACKAGE_VERSION "0.4.25"
| #define PACKAGE_STRING "libzen 0.4.25"
| #define PACKAGE_BUGREPORT ""
| #define PACKAGE "libzen"
| #define VERSION "0.4.25"
| /* end confdefs.h.  */
| 
| int
| main ()
| {
| exit (42);
|   ;
|   return 0;
| }
configure:3377: g++ -c -g -O2  conftest.cc >&5
conftest.cc:11: error: 'void std::exit(int)' should have been declared inside 'std'
configure:3383: $? = 1
configure: failed program was:
| /* confdefs.h.  */
| 
| #define PACKAGE_NAME "libzen"
| #define PACKAGE_TARNAME "libzen"
| #define PACKAGE_VERSION "0.4.25"
| #define PACKAGE_STRING "libzen 0.4.25"
| #define PACKAGE_BUGREPORT ""
| #define PACKAGE "libzen"
| #define VERSION "0.4.25"
| /* end confdefs.h.  */
| extern "C" void std::exit (int) throw (); using std::exit;
| #include <stdlib.h>
| int
| main ()
| {
| exit (42);
|   ;
|   return 0;
| }
configure:3377: g++ -c -g -O2  conftest.cc >&5
conftest.cc:11: error: 'void std::exit(int)' should have been declared inside 'std'
In file included from conftest.cc:12:
/usr/include/stdlib.h:544: error: declaration of 'void std::exit(int) throw ()' throws different exceptions
conftest.cc:11: error: from previous declaration 'void std::exit(int)'
configure:3383: $? = 1
configure: failed program was:
| /* confdefs.h.  */
| 
| #define PACKAGE_NAME "libzen"
| #define PACKAGE_TARNAME "libzen"
| #define PACKAGE_VERSION "0.4.25"
| #define PACKAGE_STRING "libzen 0.4.25"
| #define PACKAGE_BUGREPORT ""
| #define PACKAGE "libzen"
| #define VERSION "0.4.25"
| /* end confdefs.h.  */
| extern "C" void std::exit (int); using std::exit;
| #include <stdlib.h>
| int
| main ()
| {
| exit (42);
|   ;
|   return 0;
| }
configure:3377: g++ -c -g -O2  conftest.cc >&5
configure:3383: $? = 0
configure:3387: test -z 
			 || test ! -s conftest.err
configure:3390: $? = 0
configure:3393: test -s conftest.o
configure:3396: $? = 0
configure:3422: g++ -c -g -O2  conftest.cc >&5
configure:3428: $? = 0
configure:3432: test -z 
			 || test ! -s conftest.err
configure:3435: $? = 0
configure:3438: test -s conftest.o
configure:3441: $? = 0
configure:3466: checking dependency style of g++
configure:3556: result: gcc3
configure:3578: checking how to run the C preprocessor
configure:3613: gcc -E  conftest.c
configure:3619: $? = 0
configure:3651: gcc -E  conftest.c
conftest.c:14:28: error: ac_nonexistent.h: No such file or directory
configure:3657: $? = 1
configure: failed program was:
| /* confdefs.h.  */
| 
| #define PACKAGE_NAME "libzen"
| #define PACKAGE_TARNAME "libzen"
| #define PACKAGE_VERSION "0.4.25"
| #define PACKAGE_STRING "libzen 0.4.25"
| #define PACKAGE_BUGREPORT ""
| #define PACKAGE "libzen"
| #define VERSION "0.4.25"
| #ifdef __cplusplus
| extern "C" void exit (int) throw ();
| #endif
| /* end confdefs.h.  */
| #include <ac_nonexistent.h>
configure:3696: result: gcc -E
configure:3720: gcc -E  conftest.c
configure:3726: $? = 0
configure:3758: gcc -E  conftest.c
conftest.c:14:28: error: ac_nonexistent.h: No such file or directory
configure:3764: $? = 1
configure: failed program was:
| /* confdefs.h.  */
| 
| #define PACKAGE_NAME "libzen"
| #define PACKAGE_TARNAME "libzen"
| #define PACKAGE_VERSION "0.4.25"
| #define PACKAGE_STRING "libzen 0.4.25"
| #define PACKAGE_BUGREPORT ""
| #define PACKAGE "libzen"
| #define VERSION "0.4.25"
| #ifdef __cplusplus
| extern "C" void exit (int) throw ();
| #endif
| /* end confdefs.h.  */
| #include <ac_nonexistent.h>
configure:3882: checking host system type
configure:3896: result: x86_64-unknown-linux-gnu
configure:3904: checking for a sed that does not truncate output
configure:3960: result: /bin/sed
configure:3963: checking for egrep
configure:3973: result: grep -E
configure:3989: checking for ld used by gcc
configure:4056: result: /usr/bin/ld
configure:4065: checking if the linker (/usr/bin/ld) is GNU ld
configure:4080: result: yes
configure:4085: checking for /usr/bin/ld option to reload object files
configure:4092: result: -r
configure:4110: checking for BSD-compatible nm
configure:4159: result: /usr/bin/nm -B
configure:4163: checking whether ln -s works
configure:4167: result: yes
configure:4174: checking how to recognise dependent libraries
configure:4350: result: pass_all
configure:4438: gcc -c -g -O2  conftest.c >&5
configure:4441: $? = 0
configure:4825: checking for ANSI C header files
configure:4850: gcc -c -g -O2  conftest.c >&5
configure:4856: $? = 0
configure:4860: test -z 
			 || test ! -s conftest.err
configure:4863: $? = 0
configure:4866: test -s conftest.o
configure:4869: $? = 0
configure:4958: gcc -o conftest -g -O2   conftest.c  >&5
conftest.c: In function 'main':
conftest.c:31: warning: incompatible implicit declaration of built-in function 'exit'
configure:4961: $? = 0
configure:4963: ./conftest
configure:4966: $? = 0
configure:4981: result: yes
configure:5005: checking for sys/types.h
configure:5021: gcc -c -g -O2  conftest.c >&5
configure:5027: $? = 0
configure:5031: test -z 
			 || test ! -s conftest.err
configure:5034: $? = 0
configure:5037: test -s conftest.o
configure:5040: $? = 0
configure:5051: result: yes
configure:5005: checking for sys/stat.h
configure:5021: gcc -c -g -O2  conftest.c >&5
configure:5027: $? = 0
configure:5031: test -z 
			 || test ! -s conftest.err
configure:5034: $? = 0
configure:5037: test -s conftest.o
configure:5040: $? = 0
configure:5051: result: yes
configure:5005: checking for stdlib.h
configure:5021: gcc -c -g -O2  conftest.c >&5
configure:5027: $? = 0
configure:5031: test -z 
			 || test ! -s conftest.err
configure:5034: $? = 0
configure:5037: test -s conftest.o
configure:5040: $? = 0
configure:5051: result: yes
configure:5005: checking for string.h
configure:5021: gcc -c -g -O2  conftest.c >&5
configure:5027: $? = 0
configure:5031: test -z 
			 || test ! -s conftest.err
configure:5034: $? = 0
configure:5037: test -s conftest.o
configure:5040: $? = 0
configure:5051: result: yes
configure:5005: checking for memory.h
configure:5021: gcc -c -g -O2  conftest.c >&5
configure:5027: $? = 0
configure:5031: test -z 
			 || test ! -s conftest.err
configure:5034: $? = 0
configure:5037: test -s conftest.o
configure:5040: $? = 0
configure:5051: result: yes
configure:5005: checking for strings.h
configure:5021: gcc -c -g -O2  conftest.c >&5
configure:5027: $? = 0
configure:5031: test -z 
			 || test ! -s conftest.err
configure:5034: $? = 0
configure:5037: test -s conftest.o
configure:5040: $? = 0
configure:5051: result: yes
configure:5005: checking for inttypes.h
configure:5021: gcc -c -g -O2  conftest.c >&5
configure:5027: $? = 0
configure:5031: test -z 
			 || test ! -s conftest.err
configure:5034: $? = 0
configure:5037: test -s conftest.o
configure:5040: $? = 0
configure:5051: result: yes
configure:5005: checking for stdint.h
configure:5021: gcc -c -g -O2  conftest.c >&5
configure:5027: $? = 0
configure:5031: test -z 
			 || test ! -s conftest.err
configure:5034: $? = 0
configure:5037: test -s conftest.o
configure:5040: $? = 0
configure:5051: result: yes
configure:5005: checking for unistd.h
configure:5021: gcc -c -g -O2  conftest.c >&5
configure:5027: $? = 0
configure:5031: test -z 
			 || test ! -s conftest.err
configure:5034: $? = 0
configure:5037: test -s conftest.o
configure:5040: $? = 0
configure:5051: result: yes
configure:5077: checking dlfcn.h usability
configure:5089: gcc -c -g -O2  conftest.c >&5
configure:5095: $? = 0
configure:5099: test -z 
			 || test ! -s conftest.err
configure:5102: $? = 0
configure:5105: test -s conftest.o
configure:5108: $? = 0
configure:5118: result: yes
configure:5122: checking dlfcn.h presence
configure:5132: gcc -E  conftest.c
configure:5138: $? = 0
configure:5158: result: yes
configure:5193: checking for dlfcn.h
configure:5200: result: yes
configure:5223: checking how to run the C++ preprocessor
configure:5254: g++ -E  conftest.cc
configure:5260: $? = 0
configure:5292: g++ -E  conftest.cc
conftest.cc:25:28: error: ac_nonexistent.h: No such file or directory
configure:5298: $? = 1
configure: failed program was:
| /* confdefs.h.  */
| 
| #define PACKAGE_NAME "libzen"
| #define PACKAGE_TARNAME "libzen"
| #define PACKAGE_VERSION "0.4.25"
| #define PACKAGE_STRING "libzen 0.4.25"
| #define PACKAGE_BUGREPORT ""
| #define PACKAGE "libzen"
| #define VERSION "0.4.25"
| #ifdef __cplusplus
| extern "C" void exit (int) throw ();
| #endif
| #define STDC_HEADERS 1
| #define HAVE_SYS_TYPES_H 1
| #define HAVE_SYS_STAT_H 1
| #define HAVE_STDLIB_H 1
| #define HAVE_STRING_H 1
| #define HAVE_MEMORY_H 1
| #define HAVE_STRINGS_H 1
| #define HAVE_INTTYPES_H 1
| #define HAVE_STDINT_H 1
| #define HAVE_UNISTD_H 1
| #define HAVE_DLFCN_H 1
| /* end confdefs.h.  */
| #include <ac_nonexistent.h>
configure:5337: result: g++ -E
configure:5361: g++ -E  conftest.cc
configure:5367: $? = 0
configure:5399: g++ -E  conftest.cc
conftest.cc:25:28: error: ac_nonexistent.h: No such file or directory
configure:5405: $? = 1
configure: failed program was:
| /* confdefs.h.  */
| 
| #define PACKAGE_NAME "libzen"
| #define PACKAGE_TARNAME "libzen"
| #define PACKAGE_VERSION "0.4.25"
| #define PACKAGE_STRING "libzen 0.4.25"
| #define PACKAGE_BUGREPORT ""
| #define PACKAGE "libzen"
| #define VERSION "0.4.25"
| #ifdef __cplusplus
| extern "C" void exit (int) throw ();
| #endif
| #define STDC_HEADERS 1
| #define HAVE_SYS_TYPES_H 1
| #define HAVE_SYS_STAT_H 1
| #define HAVE_STDLIB_H 1
| #define HAVE_STRING_H 1
| #define HAVE_MEMORY_H 1
| #define HAVE_STRINGS_H 1
| #define HAVE_INTTYPES_H 1
| #define HAVE_STDINT_H 1
| #define HAVE_UNISTD_H 1
| #define HAVE_DLFCN_H 1
| /* end confdefs.h.  */
| #include <ac_nonexistent.h>
configure:5502: checking for g77
configure:5531: result: no
configure:5502: checking for f77
configure:5531: result: no
configure:5502: checking for xlf
configure:5531: result: no
configure:5502: checking for frt
configure:5531: result: no
configure:5502: checking for pgf77
configure:5531: result: no
configure:5502: checking for fort77
configure:5531: result: no
configure:5502: checking for fl32
configure:5531: result: no
configure:5502: checking for af77
configure:5531: result: no
configure:5502: checking for f90
configure:5531: result: no
configure:5502: checking for xlf90
configure:5531: result: no
configure:5502: checking for pgf90
configure:5531: result: no
configure:5502: checking for epcf90
configure:5531: result: no
configure:5502: checking for f95
configure:5531: result: no
configure:5502: checking for fort
configure:5531: result: no
configure:5502: checking for xlf95
configure:5531: result: no
configure:5502: checking for ifc
configure:5531: result: no
configure:5502: checking for efc
configure:5531: result: no
configure:5502: checking for pgf95
configure:5531: result: no
configure:5502: checking for lf95
configure:5531: result: no
configure:5502: checking for gfortran
configure:5531: result: no
configure:5543: checking for Fortran 77 compiler version
configure:5546:  --version </dev/null >&5
./configure: line 5547: --version: command not found
configure:5549: $? = 127
configure:5551:  -v </dev/null >&5
./configure: line 5552: -v: command not found
configure:5554: $? = 127
configure:5556:  -V </dev/null >&5
./configure: line 5557: -V: command not found
configure:5559: $? = 127
configure:5567: checking whether we are using the GNU Fortran 77 compiler
configure:5581:  -c  conftest.F >&5
./configure: line 5582: -c: command not found
configure:5587: $? = 127
configure: failed program was:
|       program main
| #ifndef __GNUC__
|        choke me
| #endif
| 
|       end
configure:5613: result: no
configure:5619: checking whether  accepts -g
configure:5631:  -c -g conftest.f >&5
./configure: line 5632: -c: command not found
configure:5637: $? = 127
configure: failed program was:
|       program main
| 
|       end
configure:5662: result: no
configure:5692: checking the maximum length of command line arguments
configure:5801: result: 32768
configure:5812: checking command to parse /usr/bin/nm -B output from gcc object
configure:5917: gcc -c -g -O2  conftest.c >&5
configure:5920: $? = 0
configure:5924: /usr/bin/nm -B conftest.o \| sed -n -e 's/^.*[ 	]\([ABCDGIRSTW][ABCDGIRSTW]*\)[ 	][ 	]*\([_A-Za-z][_A-Za-z0-9]*\)$/\1 \2 \2/p' \> conftest.nm
configure:5927: $? = 0
configure:5979: gcc -o conftest -g -O2   conftest.c conftstm.o >&5
configure:5982: $? = 0
configure:6020: result: ok
configure:6024: checking for objdir
configure:6039: result: .libs
configure:6129: checking for ar
configure:6145: found /usr/bin/ar
configure:6156: result: ar
configure:6209: checking for ranlib
configure:6225: found /usr/bin/ranlib
configure:6236: result: ranlib
configure:6289: checking for strip
configure:6305: found /usr/bin/strip
configure:6316: result: strip
configure:6588: checking if gcc supports -fno-rtti -fno-exceptions
configure:6606: gcc -c -g -O2  -fno-rtti -fno-exceptions conftest.c >&5
cc1: warning: command line option "-fno-rtti" is valid for C++/ObjC++ but not for C
configure:6610: $? = 0
configure:6623: result: no
configure:6638: checking for gcc option to produce PIC
configure:6848: result: -fPIC
configure:6856: checking if gcc PIC flag -fPIC works
configure:6874: gcc -c -g -O2  -fPIC -DPIC conftest.c >&5
configure:6878: $? = 0
configure:6891: result: yes
configure:6919: checking if gcc static flag -static works
configure:6947: result: yes
configure:6957: checking if gcc supports -c -o file.o
configure:6978: gcc -c -g -O2  -o out/conftest2.o conftest.c >&5
configure:6982: $? = 0
configure:7004: result: yes
configure:7030: checking whether the gcc linker (/usr/bin/ld -m elf_x86_64) supports shared libraries
configure:7988: result: yes
configure:8055: checking dynamic linker characteristics
configure:8448: gcc -c -g -O2  conftest.c >&5
configure:8451: $? = 0
configure:8664: result: GNU/Linux ld.so
configure:8673: checking how to hardcode library paths into programs
configure:8698: result: immediate
configure:8712: checking whether stripping libraries is possible
configure:8717: result: yes
configure:9551: checking if libtool supports shared libraries
configure:9553: result: yes
configure:9556: checking whether to build shared libraries
configure:9577: result: no
configure:9580: checking whether to build static libraries
configure:9584: result: yes
configure:9676: creating libtool
configure:10267: checking for ld used by g++
configure:10334: result: /usr/bin/ld -m elf_x86_64
configure:10343: checking if the linker (/usr/bin/ld -m elf_x86_64) is GNU ld
configure:10358: result: yes
configure:10409: checking whether the g++ linker (/usr/bin/ld -m elf_x86_64) supports shared libraries
configure:11347: result: yes
configure:11365: g++ -c -g -O2  conftest.cpp >&5
configure:11368: $? = 0
configure:11487: checking for g++ option to produce PIC
configure:11761: result: -fPIC
configure:11769: checking if g++ PIC flag -fPIC works
configure:11787: g++ -c -g -O2  -fPIC -DPIC conftest.cpp >&5
configure:11791: $? = 0
configure:11804: result: yes
configure:11832: checking if g++ static flag -static works
configure:11860: result: yes
configure:11870: checking if g++ supports -c -o file.o
configure:11891: g++ -c -g -O2  -o out/conftest2.o conftest.cpp >&5
configure:11895: $? = 0
configure:11917: result: yes
configure:11943: checking whether the g++ linker (/usr/bin/ld -m elf_x86_64) supports shared libraries
configure:11968: result: yes
configure:12035: checking dynamic linker characteristics
configure:12428: g++ -c -g -O2  conftest.cpp >&5
configure:12431: $? = 0
configure:12644: result: GNU/Linux ld.so
configure:12653: checking how to hardcode library paths into programs
configure:12678: result: immediate
configure:18895: checking for a BSD-compatible install
configure:18950: result: /usr/bin/install -c
configure:19156: g++ -c -g -O2 -DUNICODE -D_LARGE_FILES -D_FILE_OFFSET_BITS=64  conftest.cc >&5
conftest.cc: In function 'int main()':
conftest.cc:5: error: call of overloaded 'foo(size_t)' is ambiguous
conftest.cc:3: note: candidates are: void foo(int)
conftest.cc:4: note:                 void foo(unsigned int)
configure:19162: $? = 1
configure: failed program was:
| 
| 	#include <cstdlib>
| 	void foo(signed int) {}
| 	void foo(unsigned int) {}
| 	int main () {foo(size_t(0)); return 0;}
configure:19204: g++ -c -g -O2 -DUNICODE -D_LARGE_FILES -D_FILE_OFFSET_BITS=64 -DSIZE_T_IS_LONG  conftest.cc >&5
configure:19210: $? = 0
configure:19214: test -z 
			 || test ! -s conftest.err
configure:19217: $? = 0
configure:19220: test -s conftest.o
configure:19223: $? = 0
configure:19453: creating ./config.status

## ---------------------- ##
## Running config.status. ##
## ---------------------- ##

This file was extended by libzen config.status 0.4.25, which was
generated by GNU Autoconf 2.59.  Invocation command line was

  CONFIG_FILES    = 
  CONFIG_HEADERS  = 
  CONFIG_LINKS    = 
  CONFIG_COMMANDS = 
  $ ./config.status 

on debian

config.status:721: creating libzen-config
config.status:721: creating libzen.pc
config.status:721: creating Makefile
config.status:908: executing depfiles commands

## ---------------- ##
## Cache variables. ##
## ---------------- ##

ac_cv_build=x86_64-unknown-linux-gnu
ac_cv_build_alias=x86_64-unknown-linux-gnu
ac_cv_c_compiler_gnu=yes
ac_cv_cxx_compiler_gnu=yes
ac_cv_env_CC_set=
ac_cv_env_CC_value=
ac_cv_env_CFLAGS_set=
ac_cv_env_CFLAGS_value=
ac_cv_env_CPPFLAGS_set=
ac_cv_env_CPPFLAGS_value=
ac_cv_env_CPP_set=
ac_cv_env_CPP_value=
ac_cv_env_CXXCPP_set=
ac_cv_env_CXXCPP_value=
ac_cv_env_CXXFLAGS_set=
ac_cv_env_CXXFLAGS_value=
ac_cv_env_CXX_set=
ac_cv_env_CXX_value=
ac_cv_env_F77_set=
ac_cv_env_F77_value=
ac_cv_env_FFLAGS_set=
ac_cv_env_FFLAGS_value=
ac_cv_env_LDFLAGS_set=
ac_cv_env_LDFLAGS_value=
ac_cv_env_build_alias_set=
ac_cv_env_build_alias_value=
ac_cv_env_host_alias_set=
ac_cv_env_host_alias_value=
ac_cv_env_target_alias_set=
ac_cv_env_target_alias_value=
ac_cv_exeext=
ac_cv_f77_compiler_gnu=no
ac_cv_header_dlfcn_h=yes
ac_cv_header_inttypes_h=yes
ac_cv_header_memory_h=yes
ac_cv_header_stdc=yes
ac_cv_header_stdint_h=yes
ac_cv_header_stdlib_h=yes
ac_cv_header_string_h=yes
ac_cv_header_strings_h=yes
ac_cv_header_sys_stat_h=yes
ac_cv_header_sys_types_h=yes
ac_cv_header_unistd_h=yes
ac_cv_host=x86_64-unknown-linux-gnu
ac_cv_host_alias=x86_64-unknown-linux-gnu
ac_cv_objext=o
ac_cv_path_install='/usr/bin/install -c'
ac_cv_prog_AWK=gawk
ac_cv_prog_CPP='gcc -E'
ac_cv_prog_CXXCPP='g++ -E'
ac_cv_prog_ac_ct_AR=ar
ac_cv_prog_ac_ct_CC=gcc
ac_cv_prog_ac_ct_CXX=g++
ac_cv_prog_ac_ct_RANLIB=ranlib
ac_cv_prog_ac_ct_STRIP=strip
ac_cv_prog_cc_g=yes
ac_cv_prog_cc_stdc=
ac_cv_prog_cxx_g=yes
ac_cv_prog_egrep='grep -E'
ac_cv_prog_f77_g=no
ac_cv_prog_make_make_set=yes
am_cv_CC_dependencies_compiler_type=gcc3
am_cv_CXX_dependencies_compiler_type=gcc3
lt_cv_deplibs_check_method=pass_all
lt_cv_file_magic_cmd='$MAGIC_CMD'
lt_cv_file_magic_test_file=
lt_cv_ld_reload_flag=-r
lt_cv_objdir=.libs
lt_cv_path_LD=/usr/bin/ld
lt_cv_path_LDCXX='/usr/bin/ld -m elf_x86_64'
lt_cv_path_NM='/usr/bin/nm -B'
lt_cv_path_SED=/bin/sed
lt_cv_prog_compiler_c_o=yes
lt_cv_prog_compiler_c_o_CXX=yes
lt_cv_prog_compiler_rtti_exceptions=no
lt_cv_prog_gnu_ld=yes
lt_cv_prog_gnu_ldcxx=yes
lt_cv_sys_global_symbol_pipe='sed -n -e '\''s/^.*[ 	]\([ABCDGIRSTW][ABCDGIRSTW]*\)[ 	][ 	]*\([_A-Za-z][_A-Za-z0-9]*\)$/\1 \2 \2/p'\'''
lt_cv_sys_global_symbol_to_c_name_address='sed -n -e '\''s/^: \([^ ]*\) $/  {\"\1\", (lt_ptr) 0},/p'\'' -e '\''s/^[BCDEGRST] \([^ ]*\) \([^ ]*\)$/  {"\2", (lt_ptr) \&\2},/p'\'''
lt_cv_sys_global_symbol_to_cdecl='sed -n -e '\''s/^. .* \(.*\)$/extern int \1;/p'\'''
lt_cv_sys_max_cmd_len=32768
lt_lt_cv_prog_compiler_c_o='"yes"'
lt_lt_cv_prog_compiler_c_o_CXX='"yes"'
lt_lt_cv_sys_global_symbol_pipe='"sed -n -e '\''s/^.*[ 	]\\([ABCDGIRSTW][ABCDGIRSTW]*\\)[ 	][ 	]*\\([_A-Za-z][_A-Za-z0-9]*\\)\$/\\1 \\2 \\2/p'\''"'
lt_lt_cv_sys_global_symbol_to_c_name_address='"sed -n -e '\''s/^: \\([^ ]*\\) \$/  {\\\"\\1\\\", (lt_ptr) 0},/p'\'' -e '\''s/^[BCDEGRST] \\([^ ]*\\) \\([^ ]*\\)\$/  {\"\\2\", (lt_ptr) \\&\\2},/p'\''"'
lt_lt_cv_sys_global_symbol_to_cdecl='"sed -n -e '\''s/^. .* \\(.*\\)\$/extern int \\1;/p'\''"'

## ----------------- ##
## Output variables. ##
## ----------------- ##

ACLOCAL='${SHELL} /home/cedar/.cedar/local/video/mediainfo/ZenLib/Project/GNU/Library/missing --run aclocal-1.9'
AMDEPBACKSLASH='\'
AMDEP_FALSE='#'
AMDEP_TRUE=''
AMTAR='${SHELL} /home/cedar/.cedar/local/video/mediainfo/ZenLib/Project/GNU/Library/missing --run tar'
AR='ar'
AS='as'
AUTOCONF='${SHELL} /home/cedar/.cedar/local/video/mediainfo/ZenLib/Project/GNU/Library/missing --run autoconf'
AUTOHEADER='${SHELL} /home/cedar/.cedar/local/video/mediainfo/ZenLib/Project/GNU/Library/missing --run autoheader'
AUTOMAKE='${SHELL} /home/cedar/.cedar/local/video/mediainfo/ZenLib/Project/GNU/Library/missing --run automake-1.9'
AWK='gawk'
CC='gcc'
CCDEPMODE='depmode=gcc3'
CFLAGS='-g -O2 -fPIC -O2'
CPP='gcc -E'
CPPFLAGS=''
CXX='g++'
CXXCPP='g++ -E'
CXXDEPMODE='depmode=gcc3'
CXXFLAGS='-g -O2 -DUNICODE -D_LARGE_FILES -D_FILE_OFFSET_BITS=64 -DSIZE_T_IS_LONG -fPIC -O2'
CYGPATH_W='echo'
DEFS='-DPACKAGE_NAME=\"libzen\" -DPACKAGE_TARNAME=\"libzen\" -DPACKAGE_VERSION=\"0.4.25\" -DPACKAGE_STRING=\"libzen\ 0.4.25\" -DPACKAGE_BUGREPORT=\"\" -DPACKAGE=\"libzen\" -DVERSION=\"0.4.25\" -DSTDC_HEADERS=1 -DHAVE_SYS_TYPES_H=1 -DHAVE_SYS_STAT_H=1 -DHAVE_STDLIB_H=1 -DHAVE_STRING_H=1 -DHAVE_MEMORY_H=1 -DHAVE_STRINGS_H=1 -DHAVE_INTTYPES_H=1 -DHAVE_STDINT_H=1 -DHAVE_UNISTD_H=1 -DHAVE_DLFCN_H=1 '
DEPDIR='.deps'
DLLTOOL='dlltool'
ECHO='echo'
ECHO_C=''
ECHO_N='-n'
ECHO_T=''
EGREP='grep -E'
EXEEXT=''
F77=''
FFLAGS=''
INSTALL_DATA='${INSTALL} -m 644'
INSTALL_PROGRAM='${INSTALL}'
INSTALL_SCRIPT='${INSTALL}'
INSTALL_STRIP_PROGRAM='${SHELL} $(install_sh) -c -s'
LDFLAGS=' -lpthread -lstdc++'
LIBOBJS=''
LIBS=''
LIBTOOL='$(SHELL) $(top_builddir)/libtool'
LN_S='ln -s'
LTLIBOBJS=''
MAKEINFO='${SHELL} /home/cedar/.cedar/local/video/mediainfo/ZenLib/Project/GNU/Library/missing --run makeinfo'
OBJDUMP='objdump'
OBJEXT='o'
PACKAGE='libzen'
PACKAGE_BUGREPORT=''
PACKAGE_NAME='libzen'
PACKAGE_STRING='libzen 0.4.25'
PACKAGE_TARNAME='libzen'
PACKAGE_VERSION='0.4.25'
PATH_SEPARATOR=':'
RANLIB='ranlib'
SED='/bin/sed'
SET_MAKE=''
SHELL='/bin/bash'
STRIP='strip'
VERSION='0.4.25'
ZenLib_CXXFLAGS=' -DUNICODE -DSIZE_T_IS_LONG'
ZenLib_LIBS='-L/home/cedar/.cedar/local/video/mediainfo/ZenLib/Project/GNU/Library -lzen -lpthread -lstdc++ '
ZenLib_LIBS_Static='/home/cedar/.cedar/local/video/mediainfo/ZenLib/Project/GNU/Library/.libs/libzen.a -lpthread -lstdc++ '
ZenLib_LargeFiles='yes'
ZenLib_Unicode='yes'
ZenLib_wstring_missing='no'
ac_ct_AR='ar'
ac_ct_AS=''
ac_ct_CC='gcc'
ac_ct_CXX='g++'
ac_ct_DLLTOOL=''
ac_ct_F77=''
ac_ct_OBJDUMP=''
ac_ct_RANLIB='ranlib'
ac_ct_STRIP='strip'
am__fastdepCC_FALSE='#'
am__fastdepCC_TRUE=''
am__fastdepCXX_FALSE='#'
am__fastdepCXX_TRUE=''
am__include='include'
am__leading_dot='.'
am__quote=''
am__tar='${AMTAR} chof - "$$tardir"'
am__untar='${AMTAR} xf -'
bindir='${exec_prefix}/bin'
build='x86_64-unknown-linux-gnu'
build_alias=''
build_cpu='x86_64'
build_os='linux-gnu'
build_vendor='unknown'
datadir='${prefix}/share'
exec_prefix='${prefix}'
host='x86_64-unknown-linux-gnu'
host_alias=''
host_cpu='x86_64'
host_os='linux-gnu'
host_vendor='unknown'
includedir='${prefix}/include'
infodir='${prefix}/info'
install_sh='/home/cedar/.cedar/local/video/mediainfo/ZenLib/Project/GNU/Library/install-sh'
libdir='${exec_prefix}/lib'
libexecdir='${exec_prefix}/libexec'
localstatedir='${prefix}/var'
mandir='${prefix}/man'
mkdir_p='mkdir -p --'
oldincludedir='/usr/include'
prefix='/usr/local'
program_transform_name='s,x,x,'
sbindir='${exec_prefix}/sbin'
sharedstatedir='${prefix}/com'
sysconfdir='${prefix}/etc'
target_alias=''

## ----------- ##
## confdefs.h. ##
## ----------- ##

#define HAVE_DLFCN_H 1
#define HAVE_INTTYPES_H 1
#define HAVE_MEMORY_H 1
#define HAVE_STDINT_H 1
#define HAVE_STDLIB_H 1
#define HAVE_STRINGS_H 1
#define HAVE_STRING_H 1
#define HAVE_SYS_STAT_H 1
#define HAVE_SYS_TYPES_H 1
#define HAVE_UNISTD_H 1
#define PACKAGE "libzen"
#define PACKAGE_BUGREPORT ""
#define PACKAGE_NAME "libzen"
#define PACKAGE_STRING "libzen 0.4.25"
#define PACKAGE_TARNAME "libzen"
#define PACKAGE_VERSION "0.4.25"
#define STDC_HEADERS 1
#define VERSION "0.4.25"
#endif
#ifdef __cplusplus
extern "C" void exit (int) throw ();

configure: exit 0
