This file contains any messages produced by compilers while
running configure, to aid debugging if configure makes a mistake.

It was created by mpeg4-2000 configure 1.2.3, which was
generated by GNU Autoconf 2.61.  Invocation command line was

  $ ./configure --prefix=/usr/local --cache-file=/dev/null --srcdir=.

## --------- ##
## Platform. ##
## --------- ##

hostname = debian
uname -m = x86_64
uname -r = 2.6.32-5-amd64
uname -s = Linux
uname -v = #1 SMP Fri Feb 15 15:39:52 UTC 2013

/usr/bin/uname -p = unknown
/bin/uname -X     = unknown

/bin/arch              = unknown
/usr/bin/arch -k       = unknown
/usr/convex/getsysinfo = unknown
/usr/bin/hostinfo      = unknown
/bin/machine           = unknown
/usr/bin/oslevel       = unknown
/bin/universe          = unknown

PATH: /home/cedar/.cedar/bin
PATH: /home/cedar/bin
PATH: /usr/local/bin
PATH: /usr/bin
PATH: /bin
PATH: /usr/local/games
PATH: /usr/games


## ----------- ##
## Core tests. ##
## ----------- ##

configure:2003: checking build system type
configure:2021: result: x86_64-unknown-linux-gnu
configure:2043: checking host system type
configure:2058: result: x86_64-unknown-linux-gnu
configure:2080: checking target system type
configure:2095: result: x86_64-unknown-linux-gnu
configure:2138: checking for a BSD-compatible install
configure:2194: result: /usr/bin/install -c
configure:2205: checking whether build environment is sane
configure:2248: result: yes
configure:2313: checking for gawk
configure:2343: result: no
configure:2313: checking for mawk
configure:2329: found /usr/bin/mawk
configure:2340: result: mawk
configure:2351: checking whether make sets $(MAKE)
configure:2372: result: yes
configure:2634: checking for style of include used by make
configure:2662: result: GNU
configure:2735: checking for gcc
configure:2751: found /usr/bin/gcc
configure:2762: result: gcc
configure:3000: checking for C compiler version
configure:3007: gcc --version >&5
gcc (Debian 4.4.5-8) 4.4.5
Copyright (C) 2010 Free Software Foundation, Inc.
This is free software; see the source for copying conditions.  There is NO
warranty; not even for MERCHANTABILITY or FITNESS FOR A PARTICULAR PURPOSE.

configure:3010: $? = 0
configure:3017: gcc -v >&5
Using built-in specs.
Target: x86_64-linux-gnu
Configured with: ../src/configure -v --with-pkgversion='Debian 4.4.5-8' --with-bugurl=file:///usr/share/doc/gcc-4.4/README.Bugs --enable-languages=c,c++,fortran,objc,obj-c++ --prefix=/usr --program-suffix=-4.4 --enable-shared --enable-multiarch --enable-linker-build-id --with-system-zlib --libexecdir=/usr/lib --without-included-gettext --enable-threads=posix --with-gxx-include-dir=/usr/include/c++/4.4 --libdir=/usr/lib --enable-nls --enable-clocale=gnu --enable-libstdcxx-debug --enable-objc-gc --with-arch-32=i586 --with-tune=generic --enable-checking=release --build=x86_64-linux-gnu --host=x86_64-linux-gnu --target=x86_64-linux-gnu
Thread model: posix
gcc version 4.4.5 (Debian 4.4.5-8) 
configure:3020: $? = 0
configure:3027: gcc -V >&5
gcc: '-V' option must have argument
configure:3030: $? = 1
configure:3053: checking for C compiler default output file name
configure:3080: gcc    conftest.c  >&5
configure:3083: $? = 0
configure:3121: result: a.out
configure:3138: checking whether the C compiler works
configure:3148: ./a.out
configure:3151: $? = 0
configure:3168: result: yes
configure:3175: checking whether we are cross compiling
configure:3177: result: no
configure:3180: checking for suffix of executables
configure:3187: gcc -o conftest    conftest.c  >&5
configure:3190: $? = 0
configure:3214: result: 
configure:3220: checking for suffix of object files
configure:3246: gcc -c   conftest.c >&5
configure:3249: $? = 0
configure:3272: result: o
configure:3276: checking whether we are using the GNU C compiler
configure:3305: gcc -c   conftest.c >&5
configure:3311: $? = 0
configure:3328: result: yes
configure:3333: checking whether gcc accepts -g
configure:3363: gcc -c -g  conftest.c >&5
configure:3369: $? = 0
configure:3468: result: yes
configure:3485: checking for gcc option to accept ISO C89
configure:3559: gcc  -c -g -O2  conftest.c >&5
configure:3565: $? = 0
configure:3588: result: none needed
configure:3608: checking dependency style of gcc
configure:3698: result: gcc3
configure:3715: checking for a sed that does not truncate output
configure:3771: result: /bin/sed
configure:3774: checking for grep that handles long lines and -e
configure:3848: result: /bin/grep
configure:3853: checking for egrep
configure:3931: result: /bin/grep -E
configure:3947: checking for ld used by gcc
configure:4014: result: /usr/bin/ld
configure:4023: checking if the linker (/usr/bin/ld) is GNU ld
configure:4038: result: yes
configure:4043: checking for /usr/bin/ld option to reload object files
configure:4050: result: -r
configure:4068: checking for BSD-compatible nm
configure:4117: result: /usr/bin/nm -B
configure:4121: checking whether ln -s works
configure:4125: result: yes
configure:4132: checking how to recognize dependent libraries
configure:4318: result: pass_all
configure:4407: gcc -c -g -O2  conftest.c >&5
configure:4410: $? = 0
configure:4559: checking how to run the C preprocessor
configure:4599: gcc -E  conftest.c
configure:4605: $? = 0
configure:4636: gcc -E  conftest.c
conftest.c:8:28: error: ac_nonexistent.h: No such file or directory
configure:4642: $? = 1
configure: failed program was:
| /* confdefs.h.  */
| #define PACKAGE_NAME "mpeg4-2000"
| #define PACKAGE_TARNAME "mpeg4-2000"
| #define PACKAGE_VERSION "1.2.3"
| #define PACKAGE_STRING "mpeg4-2000 1.2.3"
| #define PACKAGE_BUGREPORT ""
| /* end confdefs.h.  */
| #include <ac_nonexistent.h>
configure:4675: result: gcc -E
configure:4704: gcc -E  conftest.c
configure:4710: $? = 0
configure:4741: gcc -E  conftest.c
conftest.c:8:28: error: ac_nonexistent.h: No such file or directory
configure:4747: $? = 1
configure: failed program was:
| /* confdefs.h.  */
| #define PACKAGE_NAME "mpeg4-2000"
| #define PACKAGE_TARNAME "mpeg4-2000"
| #define PACKAGE_VERSION "1.2.3"
| #define PACKAGE_STRING "mpeg4-2000 1.2.3"
| #define PACKAGE_BUGREPORT ""
| /* end confdefs.h.  */
| #include <ac_nonexistent.h>
configure:4785: checking for ANSI C header files
configure:4815: gcc -c -g -O2  conftest.c >&5
configure:4821: $? = 0
configure:4920: gcc -o conftest -g -O2   conftest.c  >&5
configure:4923: $? = 0
configure:4929: ./conftest
configure:4932: $? = 0
configure:4949: result: yes
configure:4973: checking for sys/types.h
configure:4994: gcc -c -g -O2  conftest.c >&5
configure:5000: $? = 0
configure:5016: result: yes
configure:4973: checking for sys/stat.h
configure:4994: gcc -c -g -O2  conftest.c >&5
configure:5000: $? = 0
configure:5016: result: yes
configure:4973: checking for stdlib.h
configure:4994: gcc -c -g -O2  conftest.c >&5
configure:5000: $? = 0
configure:5016: result: yes
configure:4973: checking for string.h
configure:4994: gcc -c -g -O2  conftest.c >&5
configure:5000: $? = 0
configure:5016: result: yes
configure:4973: checking for memory.h
configure:4994: gcc -c -g -O2  conftest.c >&5
configure:5000: $? = 0
configure:5016: result: yes
configure:4973: checking for strings.h
configure:4994: gcc -c -g -O2  conftest.c >&5
configure:5000: $? = 0
configure:5016: result: yes
configure:4973: checking for inttypes.h
configure:4994: gcc -c -g -O2  conftest.c >&5
configure:5000: $? = 0
configure:5016: result: yes
configure:4973: checking for stdint.h
configure:4994: gcc -c -g -O2  conftest.c >&5
configure:5000: $? = 0
configure:5016: result: yes
configure:4973: checking for unistd.h
configure:4994: gcc -c -g -O2  conftest.c >&5
configure:5000: $? = 0
configure:5016: result: yes
configure:5043: checking dlfcn.h usability
configure:5060: gcc -c -g -O2  conftest.c >&5
configure:5066: $? = 0
configure:5080: result: yes
configure:5084: checking dlfcn.h presence
configure:5099: gcc -E  conftest.c
configure:5105: $? = 0
configure:5119: result: yes
configure:5147: checking for dlfcn.h
configure:5155: result: yes
configure:5226: checking for g++
configure:5242: found /usr/bin/g++
configure:5253: result: g++
configure:5284: checking for C++ compiler version
configure:5291: g++ --version >&5
g++ (Debian 4.4.5-8) 4.4.5
Copyright (C) 2010 Free Software Foundation, Inc.
This is free software; see the source for copying conditions.  There is NO
warranty; not even for MERCHANTABILITY or FITNESS FOR A PARTICULAR PURPOSE.

configure:5294: $? = 0
configure:5301: g++ -v >&5
Using built-in specs.
Target: x86_64-linux-gnu
Configured with: ../src/configure -v --with-pkgversion='Debian 4.4.5-8' --with-bugurl=file:///usr/share/doc/gcc-4.4/README.Bugs --enable-languages=c,c++,fortran,objc,obj-c++ --prefix=/usr --program-suffix=-4.4 --enable-shared --enable-multiarch --enable-linker-build-id --with-system-zlib --libexecdir=/usr/lib --without-included-gettext --enable-threads=posix --with-gxx-include-dir=/usr/include/c++/4.4 --libdir=/usr/lib --enable-nls --enable-clocale=gnu --enable-libstdcxx-debug --enable-objc-gc --with-arch-32=i586 --with-tune=generic --enable-checking=release --build=x86_64-linux-gnu --host=x86_64-linux-gnu --target=x86_64-linux-gnu
Thread model: posix
gcc version 4.4.5 (Debian 4.4.5-8) 
configure:5304: $? = 0
configure:5311: g++ -V >&5
g++: '-V' option must have argument
configure:5314: $? = 1
configure:5317: checking whether we are using the GNU C++ compiler
configure:5346: g++ -c   conftest.cpp >&5
configure:5352: $? = 0
configure:5369: result: yes
configure:5374: checking whether g++ accepts -g
configure:5404: g++ -c -g  conftest.cpp >&5
configure:5410: $? = 0
configure:5509: result: yes
configure:5534: checking dependency style of g++
configure:5624: result: gcc3
configure:5651: checking how to run the C++ preprocessor
configure:5687: g++ -E  conftest.cpp
configure:5693: $? = 0
configure:5724: g++ -E  conftest.cpp
conftest.cpp:19:28: error: ac_nonexistent.h: No such file or directory
configure:5730: $? = 1
configure: failed program was:
| /* confdefs.h.  */
| #define PACKAGE_NAME "mpeg4-2000"
| #define PACKAGE_TARNAME "mpeg4-2000"
| #define PACKAGE_VERSION "1.2.3"
| #define PACKAGE_STRING "mpeg4-2000 1.2.3"
| #define PACKAGE_BUGREPORT ""
| #define STDC_HEADERS 1
| #define HAVE_SYS_TYPES_H 1
| #define HAVE_SYS_STAT_H 1
| #define HAVE_STDLIB_H 1
| #define HAVE_STRING_H 1
| #define HAVE_MEMORY_H 1
| #define HAVE_STRINGS_H 1
| #define HAVE_INTTYPES_H 1
| #define HAVE_STDINT_H 1
| #define HAVE_UNISTD_H 1
| #define HAVE_DLFCN_H 1
| /* end confdefs.h.  */
| #include <ac_nonexistent.h>
configure:5763: result: g++ -E
configure:5792: g++ -E  conftest.cpp
configure:5798: $? = 0
configure:5829: g++ -E  conftest.cpp
conftest.cpp:19:28: error: ac_nonexistent.h: No such file or directory
configure:5835: $? = 1
configure: failed program was:
| /* confdefs.h.  */
| #define PACKAGE_NAME "mpeg4-2000"
| #define PACKAGE_TARNAME "mpeg4-2000"
| #define PACKAGE_VERSION "1.2.3"
| #define PACKAGE_STRING "mpeg4-2000 1.2.3"
| #define PACKAGE_BUGREPORT ""
| #define STDC_HEADERS 1
| #define HAVE_SYS_TYPES_H 1
| #define HAVE_SYS_STAT_H 1
| #define HAVE_STDLIB_H 1
| #define HAVE_STRING_H 1
| #define HAVE_MEMORY_H 1
| #define HAVE_STRINGS_H 1
| #define HAVE_INTTYPES_H 1
| #define HAVE_STDINT_H 1
| #define HAVE_UNISTD_H 1
| #define HAVE_DLFCN_H 1
| /* end confdefs.h.  */
| #include <ac_nonexistent.h>
configure:5928: checking for g77
configure:5958: result: no
configure:5928: checking for xlf
configure:5958: result: no
configure:5928: checking for f77
configure:5958: result: no
configure:5928: checking for frt
configure:5958: result: no
configure:5928: checking for pgf77
configure:5958: result: no
configure:5928: checking for cf77
configure:5958: result: no
configure:5928: checking for fort77
configure:5958: result: no
configure:5928: checking for fl32
configure:5958: result: no
configure:5928: checking for af77
configure:5958: result: no
configure:5928: checking for xlf90
configure:5958: result: no
configure:5928: checking for f90
configure:5958: result: no
configure:5928: checking for pgf90
configure:5958: result: no
configure:5928: checking for pghpf
configure:5958: result: no
configure:5928: checking for epcf90
configure:5958: result: no
configure:5928: checking for gfortran
configure:5958: result: no
configure:5928: checking for g95
configure:5958: result: no
configure:5928: checking for xlf95
configure:5958: result: no
configure:5928: checking for f95
configure:5958: result: no
configure:5928: checking for fort
configure:5958: result: no
configure:5928: checking for ifort
configure:5958: result: no
configure:5928: checking for ifc
configure:5958: result: no
configure:5928: checking for efc
configure:5958: result: no
configure:5928: checking for pgf95
configure:5958: result: no
configure:5928: checking for lf95
configure:5958: result: no
configure:5928: checking for ftn
configure:5958: result: no
configure:5985: checking for Fortran 77 compiler version
configure:5992:  --version >&5
./configure: line 5993: --version: command not found
configure:5995: $? = 127
configure:6002:  -v >&5
./configure: line 6003: -v: command not found
configure:6005: $? = 127
configure:6012:  -V >&5
./configure: line 6013: -V: command not found
configure:6015: $? = 127
configure:6023: checking whether we are using the GNU Fortran 77 compiler
configure:6042:  -c  conftest.F >&5
./configure: line 6043: -c: command not found
configure:6048: $? = 127
configure: failed program was:
|       program main
| #ifndef __GNUC__
|        choke me
| #endif
| 
|       end
configure:6065: result: no
configure:6071: checking whether  accepts -g
configure:6088:  -c -g conftest.f >&5
./configure: line 6089: -c: command not found
configure:6094: $? = 127
configure: failed program was:
|       program main
| 
|       end
configure:6110: result: no
configure:6140: checking the maximum length of command line arguments
configure:6252: result: 1572864
configure:6264: checking command to parse /usr/bin/nm -B output from gcc object
configure:6369: gcc -c -g -O2  conftest.c >&5
configure:6372: $? = 0
configure:6376: /usr/bin/nm -B conftest.o \| sed -n -e 's/^.*[ 	]\([ABCDGIRSTW][ABCDGIRSTW]*\)[ 	][ 	]*\([_A-Za-z][_A-Za-z0-9]*\)$/\1 \2 \2/p' \> conftest.nm
configure:6379: $? = 0
configure:6431: gcc -o conftest -g -O2   conftest.c conftstm.o >&5
configure:6434: $? = 0
configure:6472: result: ok
configure:6476: checking for objdir
configure:6491: result: .libs
configure:6583: checking for ar
configure:6599: found /usr/bin/ar
configure:6610: result: ar
configure:6679: checking for ranlib
configure:6695: found /usr/bin/ranlib
configure:6706: result: ranlib
configure:6775: checking for strip
configure:6791: found /usr/bin/strip
configure:6802: result: strip
configure:7088: checking if gcc supports -fno-rtti -fno-exceptions
configure:7106: gcc -c -g -O2  -fno-rtti -fno-exceptions conftest.c >&5
cc1: warning: command line option "-fno-rtti" is valid for C++/ObjC++ but not for C
configure:7110: $? = 0
configure:7123: result: no
configure:7138: checking for gcc option to produce PIC
configure:7370: result: -fPIC
configure:7378: checking if gcc PIC flag -fPIC works
configure:7396: gcc -c -g -O2  -fPIC -DPIC conftest.c >&5
configure:7400: $? = 0
configure:7413: result: yes
configure:7441: checking if gcc static flag -static works
configure:7469: result: yes
configure:7479: checking if gcc supports -c -o file.o
configure:7500: gcc -c -g -O2  -o out/conftest2.o conftest.c >&5
configure:7504: $? = 0
configure:7526: result: yes
configure:7552: checking whether the gcc linker (/usr/bin/ld -m elf_x86_64) supports shared libraries
configure:8532: result: yes
configure:8553: checking whether -lc should be explicitly linked in
configure:8558: gcc -c -g -O2  conftest.c >&5
configure:8561: $? = 0
configure:8576: gcc -shared conftest.o  -v -Wl,-soname -Wl,conftest -o conftest 2\>\&1 \| grep  -lc  \>/dev/null 2\>\&1
configure:8579: $? = 0
configure:8591: result: no
configure:8599: checking dynamic linker characteristics
configure:9201: result: GNU/Linux ld.so
configure:9210: checking how to hardcode library paths into programs
configure:9235: result: immediate
configure:9249: checking whether stripping libraries is possible
configure:9254: result: yes
configure:9378: checking for shl_load
configure:9434: gcc -o conftest -g -O2   conftest.c  >&5
/tmp/ccTBsX7O.o: In function `main':
/home/cedar/.cedar/local/video/mpeg4ip-1.6.1/common/video/iso-mpeg4/conftest.c:53: undefined reference to `shl_load'
collect2: ld returned 1 exit status
configure:9440: $? = 1
configure: failed program was:
| /* confdefs.h.  */
| #define PACKAGE_NAME "mpeg4-2000"
| #define PACKAGE_TARNAME "mpeg4-2000"
| #define PACKAGE_VERSION "1.2.3"
| #define PACKAGE_STRING "mpeg4-2000 1.2.3"
| #define PACKAGE_BUGREPORT ""
| #define STDC_HEADERS 1
| #define HAVE_SYS_TYPES_H 1
| #define HAVE_SYS_STAT_H 1
| #define HAVE_STDLIB_H 1
| #define HAVE_STRING_H 1
| #define HAVE_MEMORY_H 1
| #define HAVE_STRINGS_H 1
| #define HAVE_INTTYPES_H 1
| #define HAVE_STDINT_H 1
| #define HAVE_UNISTD_H 1
| #define HAVE_DLFCN_H 1
| /* end confdefs.h.  */
| /* Define shl_load to an innocuous variant, in case <limits.h> declares shl_load.
|    For example, HP-UX 11i <limits.h> declares gettimeofday.  */
| #define shl_load innocuous_shl_load
| 
| /* System header to define __stub macros and hopefully few prototypes,
|     which can conflict with char shl_load (); below.
|     Prefer <limits.h> to <assert.h> if __STDC__ is defined, since
|     <limits.h> exists even on freestanding compilers.  */
| 
| #ifdef __STDC__
| # include <limits.h>
| #else
| # include <assert.h>
| #endif
| 
| #undef shl_load
| 
| /* Override any GCC internal prototype to avoid an error.
|    Use char because int might match the return type of a GCC
|    builtin and then its argument prototype would still apply.  */
| #ifdef __cplusplus
| extern "C"
| #endif
| char shl_load ();
| /* The GNU C library defines this for functions which it implements
|     to always fail with ENOSYS.  Some functions are actually named
|     something starting with __ and the normal name is an alias.  */
| #if defined __stub_shl_load || defined __stub___shl_load
| choke me
| #endif
| 
| int
| main ()
| {
| return shl_load ();
|   ;
|   return 0;
| }
configure:9457: result: no
configure:9462: checking for shl_load in -ldld
configure:9497: gcc -o conftest -g -O2   conftest.c -ldld   >&5
/usr/bin/ld: cannot find -ldld
collect2: ld returned 1 exit status
configure:9503: $? = 1
configure: failed program was:
| /* confdefs.h.  */
| #define PACKAGE_NAME "mpeg4-2000"
| #define PACKAGE_TARNAME "mpeg4-2000"
| #define PACKAGE_VERSION "1.2.3"
| #define PACKAGE_STRING "mpeg4-2000 1.2.3"
| #define PACKAGE_BUGREPORT ""
| #define STDC_HEADERS 1
| #define HAVE_SYS_TYPES_H 1
| #define HAVE_SYS_STAT_H 1
| #define HAVE_STDLIB_H 1
| #define HAVE_STRING_H 1
| #define HAVE_MEMORY_H 1
| #define HAVE_STRINGS_H 1
| #define HAVE_INTTYPES_H 1
| #define HAVE_STDINT_H 1
| #define HAVE_UNISTD_H 1
| #define HAVE_DLFCN_H 1
| /* end confdefs.h.  */
| 
| /* Override any GCC internal prototype to avoid an error.
|    Use char because int might match the return type of a GCC
|    builtin and then its argument prototype would still apply.  */
| #ifdef __cplusplus
| extern "C"
| #endif
| char shl_load ();
| int
| main ()
| {
| return shl_load ();
|   ;
|   return 0;
| }
configure:9521: result: no
configure:9526: checking for dlopen
configure:9582: gcc -o conftest -g -O2   conftest.c  >&5
/tmp/ccm2gwKU.o: In function `main':
/home/cedar/.cedar/local/video/mpeg4ip-1.6.1/common/video/iso-mpeg4/conftest.c:53: undefined reference to `dlopen'
collect2: ld returned 1 exit status
configure:9588: $? = 1
configure: failed program was:
| /* confdefs.h.  */
| #define PACKAGE_NAME "mpeg4-2000"
| #define PACKAGE_TARNAME "mpeg4-2000"
| #define PACKAGE_VERSION "1.2.3"
| #define PACKAGE_STRING "mpeg4-2000 1.2.3"
| #define PACKAGE_BUGREPORT ""
| #define STDC_HEADERS 1
| #define HAVE_SYS_TYPES_H 1
| #define HAVE_SYS_STAT_H 1
| #define HAVE_STDLIB_H 1
| #define HAVE_STRING_H 1
| #define HAVE_MEMORY_H 1
| #define HAVE_STRINGS_H 1
| #define HAVE_INTTYPES_H 1
| #define HAVE_STDINT_H 1
| #define HAVE_UNISTD_H 1
| #define HAVE_DLFCN_H 1
| /* end confdefs.h.  */
| /* Define dlopen to an innocuous variant, in case <limits.h> declares dlopen.
|    For example, HP-UX 11i <limits.h> declares gettimeofday.  */
| #define dlopen innocuous_dlopen
| 
| /* System header to define __stub macros and hopefully few prototypes,
|     which can conflict with char dlopen (); below.
|     Prefer <limits.h> to <assert.h> if __STDC__ is defined, since
|     <limits.h> exists even on freestanding compilers.  */
| 
| #ifdef __STDC__
| # include <limits.h>
| #else
| # include <assert.h>
| #endif
| 
| #undef dlopen
| 
| /* Override any GCC internal prototype to avoid an error.
|    Use char because int might match the return type of a GCC
|    builtin and then its argument prototype would still apply.  */
| #ifdef __cplusplus
| extern "C"
| #endif
| char dlopen ();
| /* The GNU C library defines this for functions which it implements
|     to always fail with ENOSYS.  Some functions are actually named
|     something starting with __ and the normal name is an alias.  */
| #if defined __stub_dlopen || defined __stub___dlopen
| choke me
| #endif
| 
| int
| main ()
| {
| return dlopen ();
|   ;
|   return 0;
| }
configure:9605: result: no
configure:9610: checking for dlopen in -ldl
configure:9645: gcc -o conftest -g -O2   conftest.c -ldl   >&5
configure:9651: $? = 0
configure:9669: result: yes
configure:9838: checking whether a program can dlopen itself
configure:9912: gcc -o conftest -g -O2  -DHAVE_DLFCN_H  -Wl,--export-dynamic conftest.c -ldl  >&5
configure: In function 'main':
configure:9908: warning: incompatible implicit declaration of built-in function 'exit'
configure:9915: $? = 0
configure:9933: result: yes
configure:9938: checking whether a statically linked program can dlopen itself
configure:10012: gcc -o conftest -g -O2  -DHAVE_DLFCN_H  -Wl,--export-dynamic -static conftest.c -ldl  >&5
configure: In function 'main':
configure:10008: warning: incompatible implicit declaration of built-in function 'exit'
/tmp/ccRZX500.o: In function `main':
/home/cedar/.cedar/local/video/mpeg4ip-1.6.1/common/video/iso-mpeg4/configure:9996: warning: Using 'dlopen' in statically linked applications requires at runtime the shared libraries from the glibc version used for linking
/usr/bin/ld: dynamic STT_GNU_IFUNC symbol `strcmp' with pointer equality in `/usr/lib/gcc/x86_64-linux-gnu/4.4.5/../../../../lib/libc.a(strcmp.o)' can not be used when making an executable; recompile with -fPIE and relink with -pie
collect2: ld returned 1 exit status
configure:10015: $? = 1
configure:10033: result: no
configure:10056: checking if libtool supports shared libraries
configure:10058: result: yes
configure:10061: checking whether to build shared libraries
configure:10082: result: yes
configure:10085: checking whether to build static libraries
configure:10089: result: yes
configure:10182: creating libtool
configure:10770: checking for ld used by g++
configure:10837: result: /usr/bin/ld -m elf_x86_64
configure:10846: checking if the linker (/usr/bin/ld -m elf_x86_64) is GNU ld
configure:10861: result: yes
configure:10912: checking whether the g++ linker (/usr/bin/ld -m elf_x86_64) supports shared libraries
configure:11886: result: yes
configure:11904: g++ -c -g -O2  conftest.cpp >&5
configure:11907: $? = 0
configure:12059: checking for g++ option to produce PIC
configure:12343: result: -fPIC
configure:12351: checking if g++ PIC flag -fPIC works
configure:12369: g++ -c -g -O2  -fPIC -DPIC conftest.cpp >&5
configure:12373: $? = 0
configure:12386: result: yes
configure:12414: checking if g++ static flag -static works
configure:12442: result: yes
configure:12452: checking if g++ supports -c -o file.o
configure:12473: g++ -c -g -O2  -o out/conftest2.o conftest.cpp >&5
configure:12477: $? = 0
configure:12499: result: yes
configure:12525: checking whether the g++ linker (/usr/bin/ld -m elf_x86_64) supports shared libraries
configure:12550: result: yes
configure:12617: checking dynamic linker characteristics
configure:13167: result: GNU/Linux ld.so
configure:13176: checking how to hardcode library paths into programs
configure:13201: result: immediate
configure:19372: checking libtool tag=C for nasm
configure:19380: result: yes
configure:19383: checking whether make sets $(MAKE)
configure:19404: result: yes
configure:19461: checking for gcc
configure:19488: result: gcc
configure:19726: checking for C compiler version
configure:19733: gcc --version >&5
gcc (Debian 4.4.5-8) 4.4.5
Copyright (C) 2010 Free Software Foundation, Inc.
This is free software; see the source for copying conditions.  There is NO
warranty; not even for MERCHANTABILITY or FITNESS FOR A PARTICULAR PURPOSE.

configure:19736: $? = 0
configure:19743: gcc -v >&5
Using built-in specs.
Target: x86_64-linux-gnu
Configured with: ../src/configure -v --with-pkgversion='Debian 4.4.5-8' --with-bugurl=file:///usr/share/doc/gcc-4.4/README.Bugs --enable-languages=c,c++,fortran,objc,obj-c++ --prefix=/usr --program-suffix=-4.4 --enable-shared --enable-multiarch --enable-linker-build-id --with-system-zlib --libexecdir=/usr/lib --without-included-gettext --enable-threads=posix --with-gxx-include-dir=/usr/include/c++/4.4 --libdir=/usr/lib --enable-nls --enable-clocale=gnu --enable-libstdcxx-debug --enable-objc-gc --with-arch-32=i586 --with-tune=generic --enable-checking=release --build=x86_64-linux-gnu --host=x86_64-linux-gnu --target=x86_64-linux-gnu
Thread model: posix
gcc version 4.4.5 (Debian 4.4.5-8) 
configure:19746: $? = 0
configure:19753: gcc -V >&5
gcc: '-V' option must have argument
configure:19756: $? = 1
configure:19759: checking whether we are using the GNU C compiler
configure:19811: result: yes
configure:19816: checking whether gcc accepts -g
configure:19951: result: yes
configure:19968: checking for gcc option to accept ISO C89
configure:20071: result: none needed
configure:20091: checking dependency style of gcc
configure:20181: result: gcc3
configure:20316: checking for C++ compiler version
configure:20323: g++ --version >&5
g++ (Debian 4.4.5-8) 4.4.5
Copyright (C) 2010 Free Software Foundation, Inc.
This is free software; see the source for copying conditions.  There is NO
warranty; not even for MERCHANTABILITY or FITNESS FOR A PARTICULAR PURPOSE.

configure:20326: $? = 0
configure:20333: g++ -v >&5
Using built-in specs.
Target: x86_64-linux-gnu
Configured with: ../src/configure -v --with-pkgversion='Debian 4.4.5-8' --with-bugurl=file:///usr/share/doc/gcc-4.4/README.Bugs --enable-languages=c,c++,fortran,objc,obj-c++ --prefix=/usr --program-suffix=-4.4 --enable-shared --enable-multiarch --enable-linker-build-id --with-system-zlib --libexecdir=/usr/lib --without-included-gettext --enable-threads=posix --with-gxx-include-dir=/usr/include/c++/4.4 --libdir=/usr/lib --enable-nls --enable-clocale=gnu --enable-libstdcxx-debug --enable-objc-gc --with-arch-32=i586 --with-tune=generic --enable-checking=release --build=x86_64-linux-gnu --host=x86_64-linux-gnu --target=x86_64-linux-gnu
Thread model: posix
gcc version 4.4.5 (Debian 4.4.5-8) 
configure:20336: $? = 0
configure:20343: g++ -V >&5
g++: '-V' option must have argument
configure:20346: $? = 1
configure:20349: checking whether we are using the GNU C++ compiler
configure:20401: result: yes
configure:20406: checking whether g++ accepts -g
configure:20541: result: yes
configure:20566: checking dependency style of g++
configure:20656: result: gcc3
configure:20673: checking for inline
configure:20699: gcc -c -g -O2  conftest.c >&5
configure:20705: $? = 0
configure:20723: result: inline
configure:20742: checking for an ANSI C-conforming const
configure:20817: gcc -c -g -O2  conftest.c >&5
configure:20823: $? = 0
configure:20838: result: yes
configure:20861: checking for a BSD-compatible install
configure:20917: result: /usr/bin/install -c
configure:20928: checking for X
configure:21043: gcc -E  conftest.c
configure:21049: $? = 0
configure:21098: gcc -o conftest -g -O2   conftest.c -lX11  >&5
configure:21104: $? = 0
configure:21163: result: libraries , headers 
configure:21324: gcc -o conftest -g -O2   conftest.c   -lX11 >&5
configure:21330: $? = 0
configure:21487: checking for gethostbyname
configure:21543: gcc -o conftest -g -O2   conftest.c  >&5
configure:21549: $? = 0
configure:21566: result: yes
configure:21711: checking for connect
configure:21767: gcc -o conftest -g -O2   conftest.c  >&5
configure:21773: $? = 0
configure:21790: result: yes
configure:21862: checking for remove
configure:21918: gcc -o conftest -g -O2   conftest.c  >&5
configure:21924: $? = 0
configure:21941: result: yes
configure:22013: checking for shmat
configure:22069: gcc -o conftest -g -O2   conftest.c  >&5
configure:22075: $? = 0
configure:22092: result: yes
configure:22173: checking for IceConnectionNumber in -lICE
configure:22208: gcc -o conftest -g -O2   conftest.c -lICE   >&5
configure:22214: $? = 0
configure:22232: result: yes
configure:22242: checking whether byte ordering is bigendian
configure:22275: gcc -c -g -O2  conftest.c >&5
configure:22281: $? = 0
configure:22313: gcc -c -g -O2  conftest.c >&5
conftest.c: In function 'main':
conftest.c:26: error: 'not' undeclared (first use in this function)
conftest.c:26: error: (Each undeclared identifier is reported only once
conftest.c:26: error: for each function it appears in.)
conftest.c:26: error: expected ';' before 'big'
configure:22319: $? = 1
configure: failed program was:
| /* confdefs.h.  */
| #define PACKAGE_NAME "mpeg4-2000"
| #define PACKAGE_TARNAME "mpeg4-2000"
| #define PACKAGE_VERSION "1.2.3"
| #define PACKAGE_STRING "mpeg4-2000 1.2.3"
| #define PACKAGE_BUGREPORT ""
| #define STDC_HEADERS 1
| #define HAVE_SYS_TYPES_H 1
| #define HAVE_SYS_STAT_H 1
| #define HAVE_STDLIB_H 1
| #define HAVE_STRING_H 1
| #define HAVE_MEMORY_H 1
| #define HAVE_STRINGS_H 1
| #define HAVE_INTTYPES_H 1
| #define HAVE_STDINT_H 1
| #define HAVE_UNISTD_H 1
| #define HAVE_DLFCN_H 1
| /* end confdefs.h.  */
| #include <sys/types.h>
| #include <sys/param.h>
| 
| int
| main ()
| {
| #if BYTE_ORDER != BIG_ENDIAN
|  not big endian
| #endif
| 
|   ;
|   return 0;
| }
configure:22459: result: no
configure:22491: checking for ANSI C header files
configure:22655: result: yes
configure:22665: checking whether time.h and sys/time.h may both be included
configure:22695: gcc -c -g -O2  conftest.c >&5
configure:22701: $? = 0
configure:22716: result: yes
configure:22726: checking for long
configure:22756: gcc -c -g -O2  conftest.c >&5
configure:22762: $? = 0
configure:22777: result: yes
configure:22784: checking size of long
configure:23086: gcc -o conftest -g -O2   conftest.c  >&5
configure:23089: $? = 0
configure:23095: ./conftest
configure:23098: $? = 0
configure:23121: result: 8
configure:23137: checking for bool
configure:23167: g++ -c -g -O2  conftest.cpp >&5
configure:23173: $? = 0
configure:23188: result: yes
configure:23195: checking size of bool
configure:23497: g++ -o conftest -g -O2   conftest.cpp  >&5
configure:23500: $? = 0
configure:23506: ./conftest
configure:23509: $? = 0
configure:23532: result: 1
configure:23569: checking fcntl.h usability
configure:23586: gcc -c -g -O2  conftest.c >&5
configure:23592: $? = 0
configure:23606: result: yes
configure:23610: checking fcntl.h presence
configure:23625: gcc -E  conftest.c
configure:23631: $? = 0
configure:23645: result: yes
configure:23673: checking for fcntl.h
configure:23681: result: yes
configure:23559: checking for unistd.h
configure:23565: result: yes
configure:23559: checking for stdint.h
configure:23565: result: yes
configure:23559: checking for inttypes.h
configure:23565: result: yes
configure:23569: checking getopt.h usability
configure:23586: gcc -c -g -O2  conftest.c >&5
configure:23592: $? = 0
configure:23606: result: yes
configure:23610: checking getopt.h presence
configure:23625: gcc -E  conftest.c
configure:23631: $? = 0
configure:23645: result: yes
configure:23673: checking for getopt.h
configure:23681: result: yes
configure:23569: checking byteswap.h usability
configure:23586: gcc -c -g -O2  conftest.c >&5
configure:23592: $? = 0
configure:23606: result: yes
configure:23610: checking byteswap.h presence
configure:23625: gcc -E  conftest.c
configure:23631: $? = 0
configure:23645: result: yes
configure:23673: checking for byteswap.h
configure:23681: result: yes
configure:23709: checking sys/time.h usability
configure:23726: gcc -c -g -O2  conftest.c >&5
configure:23732: $? = 0
configure:23746: result: yes
configure:23750: checking sys/time.h presence
configure:23765: gcc -E  conftest.c
configure:23771: $? = 0
configure:23785: result: yes
configure:23813: checking for sys/time.h
configure:23821: result: yes
configure:23848: checking for strerror
configure:23904: gcc -o conftest -g -O2   conftest.c  >&5
configure:23910: $? = 0
configure:23928: result: yes
configure:23848: checking for strcasestr
configure:23904: gcc -o conftest -g -O2   conftest.c  >&5
configure:23910: $? = 0
configure:23928: result: yes
configure:23848: checking for poll
configure:23904: gcc -o conftest -g -O2   conftest.c  >&5
configure:23910: $? = 0
configure:23928: result: yes
configure:23848: checking for getopt
configure:23904: gcc -o conftest -g -O2   conftest.c  >&5
configure:23910: $? = 0
configure:23928: result: yes
configure:23848: checking for getopt_long
configure:23904: gcc -o conftest -g -O2   conftest.c  >&5
configure:23910: $? = 0
configure:23928: result: yes
configure:23848: checking for getopt_long_only
configure:23904: gcc -o conftest -g -O2   conftest.c  >&5
configure:23910: $? = 0
configure:23928: result: yes
configure:23848: checking for getrusage
configure:23904: gcc -o conftest -g -O2   conftest.c  >&5
configure:23910: $? = 0
configure:23928: result: yes
configure:23848: checking for socketpair
configure:23904: gcc -o conftest -g -O2   conftest.c  >&5
configure:23910: $? = 0
configure:23928: result: yes
configure:23848: checking for strsep
configure:23904: gcc -o conftest -g -O2   conftest.c  >&5
configure:23910: $? = 0
configure:23928: result: yes
configure:23848: checking for inet_ntoa
configure:23904: gcc -o conftest -g -O2   conftest.c  >&5
configure:23910: $? = 0
configure:23928: result: yes
configure:23960: compiler warnings will not be errs
configure:23984: checking whether c compiler accepts -malign-loops
configure:23995: gcc -c -g -O2 -Werror -malign-loops  conftest.c >&5
cc1: error: unrecognized command line option "-malign-loops"
configure:24001: $? = 1
configure: failed program was:
| extern void f(void); void f(void){}
configure:24014: result: no
configure:24042: checking whether c compiler accepts -falign-loops
configure:24053: gcc -c -g -O2 -Werror -falign-loops  conftest.c >&5
configure:24059: $? = 0
configure:24065: result: yes
configure:24127: checking whether c compiler accepts -malign-functions
configure:24138: gcc -c -g -O2 -Werror -malign-functions  conftest.c >&5
cc1: error: unrecognized command line option "-malign-functions"
configure:24144: $? = 1
configure: failed program was:
| extern void f(void); void f(void){}
configure:24157: result: no
configure:24185: checking whether c compiler accepts -falign-functions
configure:24196: gcc -c -g -O2 -Werror -falign-functions  conftest.c >&5
configure:24202: $? = 0
configure:24208: result: yes
configure:24270: checking whether c compiler accepts -malign-jumps
configure:24281: gcc -c -g -O2 -Werror -malign-jumps  conftest.c >&5
cc1: error: unrecognized command line option "-malign-jumps"
configure:24287: $? = 1
configure: failed program was:
| extern void f(void); void f(void){}
configure:24300: result: no
configure:24328: checking whether c compiler accepts -falign-jumps
configure:24339: gcc -c -g -O2 -Werror -falign-jumps  conftest.c >&5
configure:24345: $? = 0
configure:24351: result: yes
configure:24403: checking whether c compiler accepts -Wmissing-prototypes
configure:24414: gcc -c -g -O2 -Werror -Wmissing-prototypes  conftest.c >&5
configure:24420: $? = 0
configure:24426: result: yes
configure:24451: checking whether c compiler accepts -Wmissing-declarations
configure:24462: gcc -c -g -O2 -Werror -Wmissing-declarations  conftest.c >&5
configure:24468: $? = 0
configure:24474: result: yes
configure:24499: checking whether c compiler accepts -Wno-char-subscripts
configure:24510: gcc -c -g -O2 -Werror -Wno-char-subscripts  conftest.c >&5
configure:24516: $? = 0
configure:24522: result: yes
configure:24547: checking whether c compiler accepts -Wno-unknown-pragmas
configure:24558: gcc -c -g -O2 -Werror -Wno-unknown-pragmas  conftest.c >&5
configure:24564: $? = 0
configure:24570: result: yes
configure:24595: checking whether c compiler accepts -Wformat=2
configure:24606: gcc -c -g -O2 -Werror -Wformat=2  conftest.c >&5
configure:24612: $? = 0
configure:24618: result: yes
configure:24650: checking whether c++ compiler accepts -Wmissing-prototypes
configure:24661: g++ -c -g -O2 -Werror -Wmissing-prototypes  conftest.cpp >&5
cc1plus: warnings being treated as errors
cc1plus: error: command line option "-Wmissing-prototypes" is valid for Ada/C/ObjC but not for C++
configure:24667: $? = 1
configure: failed program was:
| extern void f(void); void f(void){}
configure:24680: result: no
configure:24698: checking whether c++ compiler accepts -Wno-char-subscripts
configure:24709: g++ -c -g -O2 -Werror -Wno-char-subscripts  conftest.cpp >&5
configure:24715: $? = 0
configure:24721: result: yes
configure:24746: checking whether c++ compiler accepts -Woverloaded-virtual
configure:24757: g++ -c -g -O2 -Werror -Woverloaded-virtual  conftest.cpp >&5
configure:24763: $? = 0
configure:24769: result: yes
configure:24794: checking whether c++ compiler accepts -Wno-unknown-pragmas
configure:24805: g++ -c -g -O2 -Werror -Wno-unknown-pragmas  conftest.cpp >&5
configure:24811: $? = 0
configure:24817: result: yes
configure:24842: checking whether c++ compiler accepts -Wno-deprecated
configure:24853: g++ -c -g -O2 -Werror -Wno-deprecated  conftest.cpp >&5
configure:24859: $? = 0
configure:24865: result: yes
configure:24890: checking whether c++ compiler accepts -Wformat=2
configure:24901: g++ -c -g -O2 -Werror -Wformat=2  conftest.cpp >&5
configure:24907: $? = 0
configure:24913: result: yes
configure:25168: creating ./config.status

## ---------------------- ##
## Running config.status. ##
## ---------------------- ##

This file was extended by mpeg4-2000 config.status 1.2.3, which was
generated by GNU Autoconf 2.61.  Invocation command line was

  CONFIG_FILES    = 
  CONFIG_HEADERS  = 
  CONFIG_LINKS    = 
  CONFIG_COMMANDS = 
  $ ./config.status 

on debian

config.status:688: creating Makefile
config.status:688: creating src/Makefile
config.status:688: creating mpeg4-2000.h
config.status:974: executing depfiles commands

## ---------------- ##
## Cache variables. ##
## ---------------- ##

ac_cv_build=x86_64-unknown-linux-gnu
ac_cv_c_bigendian=no
ac_cv_c_compiler_gnu=yes
ac_cv_c_const=yes
ac_cv_c_inline=inline
ac_cv_cxx_compiler_gnu=yes
ac_cv_env_CCC_set=
ac_cv_env_CCC_value=
ac_cv_env_CC_set=
ac_cv_env_CC_value=
ac_cv_env_CFLAGS_set=
ac_cv_env_CFLAGS_value=
ac_cv_env_CPPFLAGS_set=
ac_cv_env_CPPFLAGS_value=
ac_cv_env_CPP_set=
ac_cv_env_CPP_value=
ac_cv_env_CXXCPP_set=
ac_cv_env_CXXCPP_value=
ac_cv_env_CXXFLAGS_set=
ac_cv_env_CXXFLAGS_value=
ac_cv_env_CXX_set=
ac_cv_env_CXX_value=
ac_cv_env_F77_set=
ac_cv_env_F77_value=
ac_cv_env_FFLAGS_set=
ac_cv_env_FFLAGS_value=
ac_cv_env_LDFLAGS_set=
ac_cv_env_LDFLAGS_value=
ac_cv_env_LIBS_set=
ac_cv_env_LIBS_value=
ac_cv_env_XMKMF_set=
ac_cv_env_XMKMF_value=
ac_cv_env_build_alias_set=
ac_cv_env_build_alias_value=
ac_cv_env_host_alias_set=
ac_cv_env_host_alias_value=
ac_cv_env_target_alias_set=
ac_cv_env_target_alias_value=
ac_cv_f77_compiler_gnu=no
ac_cv_func_connect=yes
ac_cv_func_dlopen=no
ac_cv_func_gethostbyname=yes
ac_cv_func_getopt=yes
ac_cv_func_getopt_long=yes
ac_cv_func_getopt_long_only=yes
ac_cv_func_getrusage=yes
ac_cv_func_inet_ntoa=yes
ac_cv_func_poll=yes
ac_cv_func_remove=yes
ac_cv_func_shl_load=no
ac_cv_func_shmat=yes
ac_cv_func_socketpair=yes
ac_cv_func_strcasestr=yes
ac_cv_func_strerror=yes
ac_cv_func_strsep=yes
ac_cv_have_x='have_x=yes	ac_x_includes='\'''\''	ac_x_libraries='\'''\'''
ac_cv_header_byteswap_h=yes
ac_cv_header_dlfcn_h=yes
ac_cv_header_fcntl_h=yes
ac_cv_header_getopt_h=yes
ac_cv_header_inttypes_h=yes
ac_cv_header_memory_h=yes
ac_cv_header_stdc=yes
ac_cv_header_stdint_h=yes
ac_cv_header_stdlib_h=yes
ac_cv_header_string_h=yes
ac_cv_header_strings_h=yes
ac_cv_header_sys_stat_h=yes
ac_cv_header_sys_time_h=yes
ac_cv_header_sys_types_h=yes
ac_cv_header_time=yes
ac_cv_header_unistd_h=yes
ac_cv_host=x86_64-unknown-linux-gnu
ac_cv_lib_ICE_IceConnectionNumber=yes
ac_cv_lib_dl_dlopen=yes
ac_cv_lib_dld_shl_load=no
ac_cv_objext=o
ac_cv_path_EGREP='/bin/grep -E'
ac_cv_path_GREP=/bin/grep
ac_cv_path_install='/usr/bin/install -c'
ac_cv_prog_AWK=mawk
ac_cv_prog_CPP='gcc -E'
ac_cv_prog_CXXCPP='g++ -E'
ac_cv_prog_ac_ct_AR=ar
ac_cv_prog_ac_ct_CC=gcc
ac_cv_prog_ac_ct_CXX=g++
ac_cv_prog_ac_ct_RANLIB=ranlib
ac_cv_prog_ac_ct_STRIP=strip
ac_cv_prog_cc_c89=
ac_cv_prog_cc_g=yes
ac_cv_prog_cxx_g=yes
ac_cv_prog_f77_g=no
ac_cv_prog_make_make_set=yes
ac_cv_sizeof_bool=1
ac_cv_sizeof_long=8
ac_cv_target=x86_64-unknown-linux-gnu
ac_cv_type_bool=yes
ac_cv_type_long=yes
am_cv_CC_dependencies_compiler_type=gcc3
am_cv_CXX_dependencies_compiler_type=gcc3
lt_cv_deplibs_check_method=pass_all
lt_cv_dlopen=dlopen
lt_cv_dlopen_libs=-ldl
lt_cv_dlopen_self=yes
lt_cv_dlopen_self_static=no
lt_cv_file_magic_cmd='$MAGIC_CMD'
lt_cv_file_magic_test_file=
lt_cv_ld_reload_flag=-r
lt_cv_objdir=.libs
lt_cv_path_LD=/usr/bin/ld
lt_cv_path_LDCXX='/usr/bin/ld -m elf_x86_64'
lt_cv_path_NM='/usr/bin/nm -B'
lt_cv_path_SED=/bin/sed
lt_cv_prog_compiler_c_o=yes
lt_cv_prog_compiler_c_o_CXX=yes
lt_cv_prog_compiler_rtti_exceptions=no
lt_cv_prog_gnu_ld=yes
lt_cv_prog_gnu_ldcxx=yes
lt_cv_sys_global_symbol_pipe='sed -n -e '\''s/^.*[ 	]\([ABCDGIRSTW][ABCDGIRSTW]*\)[ 	][ 	]*\([_A-Za-z][_A-Za-z0-9]*\)$/\1 \2 \2/p'\'''
lt_cv_sys_global_symbol_to_c_name_address='sed -n -e '\''s/^: \([^ ]*\) $/  {\"\1\", (lt_ptr) 0},/p'\'' -e '\''s/^[BCDEGRST] \([^ ]*\) \([^ ]*\)$/  {"\2", (lt_ptr) \&\2},/p'\'''
lt_cv_sys_global_symbol_to_cdecl='sed -n -e '\''s/^. .* \(.*\)$/extern int \1;/p'\'''
lt_cv_sys_max_cmd_len=1572864
lt_lt_cv_prog_compiler_c_o='"yes"'
lt_lt_cv_prog_compiler_c_o_CXX='"yes"'
lt_lt_cv_sys_global_symbol_pipe='"sed -n -e '\''s/^.*[ 	]\\([ABCDGIRSTW][ABCDGIRSTW]*\\)[ 	][ 	]*\\([_A-Za-z][_A-Za-z0-9]*\\)\$/\\1 \\2 \\2/p'\''"'
lt_lt_cv_sys_global_symbol_to_c_name_address='"sed -n -e '\''s/^: \\([^ ]*\\) \$/  {\\\"\\1\\\", (lt_ptr) 0},/p'\'' -e '\''s/^[BCDEGRST] \\([^ ]*\\) \\([^ ]*\\)\$/  {\"\\2\", (lt_ptr) \\&\\2},/p'\''"'
lt_lt_cv_sys_global_symbol_to_cdecl='"sed -n -e '\''s/^. .* \\(.*\\)\$/extern int \\1;/p'\''"'

## ----------------- ##
## Output variables. ##
## ----------------- ##

ACLOCAL='${SHELL} /home/cedar/.cedar/local/video/mpeg4ip-1.6.1/common/video/iso-mpeg4/missing --run aclocal-1.9'
ACLOCAL_AMFLAGS=''
ALIGN_FUNCS='-falign-functions'
ALIGN_JUMPS='-falign-jumps'
ALIGN_LOOPS='-falign-loops'
AMDEPBACKSLASH='\'
AMDEP_FALSE='#'
AMDEP_TRUE=''
AMTAR='${SHELL} /home/cedar/.cedar/local/video/mpeg4ip-1.6.1/common/video/iso-mpeg4/missing --run tar'
AR='ar'
AS='gcc'
ASFLAGS=''
AUTOCONF='${SHELL} /home/cedar/.cedar/local/video/mpeg4ip-1.6.1/common/video/iso-mpeg4/missing --run autoconf'
AUTOHEADER='${SHELL} /home/cedar/.cedar/local/video/mpeg4ip-1.6.1/common/video/iso-mpeg4/missing --run autoheader'
AUTOMAKE='${SHELL} /home/cedar/.cedar/local/video/mpeg4ip-1.6.1/common/video/iso-mpeg4/missing --run automake-1.9'
AWK='mawk'
BILLS_CPPWARNINGS='-Wall -Wno-char-subscripts -Woverloaded-virtual -Wno-unknown-pragmas -Wno-deprecated -Wformat=2'
BILLS_CWARNINGS='-Wall -Wmissing-prototypes -Wmissing-declarations -Wno-char-subscripts -Wno-unknown-pragmas -Wformat=2'
CC='gcc'
CCAS='gcc'
CCASFLAGS=''
CCDEPMODE='depmode=gcc3'
CFLAGS='-g -O2 -DMPEG4IP -I/usr/include/SDL -D_GNU_SOURCE=1 -D_REENTRANT'
CPP='gcc -E'
CPPFLAGS=''
CXX='g++'
CXXCPP='g++ -E'
CXXDEPMODE='depmode=gcc3'
CXXFLAGS='-g -O2 -DMPEG4IP -I/usr/include/SDL -D_GNU_SOURCE=1 -D_REENTRANT'
CYGPATH_W='echo'
DEFS='-DHAVE_CONFIG_H'
DEPDIR='.deps'
ECHO='echo'
ECHO_C=''
ECHO_N='-n'
ECHO_T=''
EGREP='/bin/grep -E'
EXEEXT=''
F77=''
FFLAGS=''
GREP='/bin/grep'
HAVE_ALIGN_FUNCS_FALSE='#'
HAVE_ALIGN_FUNCS_TRUE=''
HAVE_ALIGN_JUMPS_FALSE='#'
HAVE_ALIGN_JUMPS_TRUE=''
HAVE_ALIGN_LOOPS_FALSE='#'
HAVE_ALIGN_LOOPS_TRUE=''
INSTALL_DATA='${INSTALL} -m 644'
INSTALL_PROGRAM='${INSTALL}'
INSTALL_SCRIPT='${INSTALL}'
INSTALL_STRIP_PROGRAM='${SHELL} $(install_sh) -c -s'
LDFLAGS=''
LIBOBJS=''
LIBS=''
LIBTOOL='$(SHELL) $(top_builddir)/libtool'
LIBTOOL_C_TAG='--tag=CXX'
LN_S='ln -s'
LTLIBOBJS=''
MAKEINFO='${SHELL} /home/cedar/.cedar/local/video/mpeg4ip-1.6.1/common/video/iso-mpeg4/missing --run makeinfo'
OBJC='???'
OBJEXT='o'
PACKAGE='mpeg4-2000'
PACKAGE_BUGREPORT=''
PACKAGE_NAME='mpeg4-2000'
PACKAGE_STRING='mpeg4-2000 1.2.3'
PACKAGE_TARNAME='mpeg4-2000'
PACKAGE_VERSION='1.2.3'
PATH_SEPARATOR=':'
RANLIB='ranlib'
SED='/bin/sed'
SET_MAKE=''
SHELL='/bin/bash'
STRIP='strip'
VERSION='1.2.3'
XMKMF=''
X_CFLAGS=''
X_EXTRA_LIBS=''
X_LIBS=''
X_PRE_LIBS=' -lSM -lICE'
ac_ct_CC='gcc'
ac_ct_CXX='g++'
ac_ct_F77=''
am__fastdepCC_FALSE='#'
am__fastdepCC_TRUE=''
am__fastdepCXX_FALSE='#'
am__fastdepCXX_TRUE=''
am__include='include'
am__leading_dot='.'
am__quote=''
am__tar='${AMTAR} chof - "$$tardir"'
am__untar='${AMTAR} xf -'
bindir='${exec_prefix}/bin'
build='x86_64-unknown-linux-gnu'
build_alias=''
build_cpu='x86_64'
build_os='linux-gnu'
build_vendor='unknown'
datadir='${datarootdir}'
datarootdir='${prefix}/share'
docdir='${datarootdir}/doc/${PACKAGE_TARNAME}'
dvidir='${docdir}'
exec_prefix='${prefix}'
host='x86_64-unknown-linux-gnu'
host_alias=''
host_cpu='x86_64'
host_os='linux-gnu'
host_vendor='unknown'
htmldir='${docdir}'
includedir='${prefix}/include'
infodir='${datarootdir}/info'
install_sh='/home/cedar/.cedar/local/video/mpeg4ip-1.6.1/common/video/iso-mpeg4/install-sh'
libdir='${exec_prefix}/lib'
libexecdir='${exec_prefix}/libexec'
localedir='${datarootdir}/locale'
localstatedir='${prefix}/var'
mandir='${datarootdir}/man'
mkdir_p='mkdir -p --'
oldincludedir='/usr/include'
pdfdir='${docdir}'
prefix='/usr/local'
program_transform_name='s,x,x,'
psdir='${docdir}'
sbindir='${exec_prefix}/sbin'
sharedstatedir='${prefix}/com'
sysconfdir='${prefix}/etc'
target='x86_64-unknown-linux-gnu'
target_alias=''
target_cpu='x86_64'
target_os='linux-gnu'
target_vendor='unknown'

## ----------- ##
## confdefs.h. ##
## ----------- ##

#define PACKAGE_NAME "mpeg4-2000"
#define PACKAGE_TARNAME "mpeg4-2000"
#define PACKAGE_VERSION "1.2.3"
#define PACKAGE_STRING "mpeg4-2000 1.2.3"
#define PACKAGE_BUGREPORT ""
#define STDC_HEADERS 1
#define HAVE_SYS_TYPES_H 1
#define HAVE_SYS_STAT_H 1
#define HAVE_STDLIB_H 1
#define HAVE_STRING_H 1
#define HAVE_MEMORY_H 1
#define HAVE_STRINGS_H 1
#define HAVE_INTTYPES_H 1
#define HAVE_STDINT_H 1
#define HAVE_UNISTD_H 1
#define HAVE_DLFCN_H 1
#define STDC_HEADERS 1
#define TIME_WITH_SYS_TIME 1
#define SIZEOF_LONG 8
#define SIZEOF_BOOL 1
#define HAVE_FCNTL_H 1
#define HAVE_UNISTD_H 1
#define HAVE_STDINT_H 1
#define HAVE_INTTYPES_H 1
#define HAVE_GETOPT_H 1
#define HAVE_BYTESWAP_H 1
#define HAVE_SYS_TIME_H 1
#define HAVE_STRERROR 1
#define HAVE_STRCASESTR 1
#define HAVE_POLL 1
#define HAVE_GETOPT 1
#define HAVE_GETOPT_LONG 1
#define HAVE_GETOPT_LONG_ONLY 1
#define HAVE_GETRUSAGE 1
#define HAVE_SOCKETPAIR 1
#define HAVE_STRSEP 1
#define HAVE_INET_NTOA 1

configure: exit 0
