This file contains any messages produced by compilers while
running configure, to aid debugging if configure makes a mistake.

It was created by configure, which was
generated by GNU Autoconf 2.59.  Invocation command line was

  $ ./configure 

## --------- ##
## Platform. ##
## --------- ##

hostname = debian
uname -m = x86_64
uname -r = 3.2.0-4-amd64
uname -s = Linux
uname -v = #1 SMP Debian 3.2.46-1

/usr/bin/uname -p = unknown
/bin/uname -X     = unknown

/bin/arch              = unknown
/usr/bin/arch -k       = unknown
/usr/convex/getsysinfo = unknown
hostinfo               = unknown
/bin/machine           = unknown
/usr/bin/oslevel       = unknown
/bin/universe          = unknown

PATH: /home/cedar/.cedar/bin
PATH: /home/cedar/bin
PATH: /usr/local/bin
PATH: /usr/bin
PATH: /bin
PATH: /usr/local/games
PATH: /usr/games


## ----------- ##
## Core tests. ##
## ----------- ##

configure:1686: checking build system type
configure:1704: result: x86_64-unknown-linux-gnu
configure:1727: checking for a BSD-compatible install
configure:1782: result: /usr/bin/install -c
configure:1793: checking whether build environment is sane
configure:1836: result: yes
configure:1901: checking for gawk
configure:1917: found /usr/bin/gawk
configure:1927: result: gawk
configure:1937: checking whether make sets $(MAKE)
configure:1957: result: yes
configure:2174: checking for gcc
configure:2190: found /usr/bin/gcc
configure:2200: result: gcc
configure:2444: checking for C compiler version
configure:2447: gcc --version </dev/null >&5
gcc (Debian 4.4.7-2) 4.4.7
Copyright (C) 2010 Free Software Foundation, Inc.
This is free software; see the source for copying conditions.  There is NO
warranty; not even for MERCHANTABILITY or FITNESS FOR A PARTICULAR PURPOSE.

configure:2450: $? = 0
configure:2452: gcc -v </dev/null >&5
Using built-in specs.
Target: x86_64-linux-gnu
Configured with: ../src/configure -v --with-pkgversion='Debian 4.4.7-2' --with-bugurl=file:///usr/share/doc/gcc-4.4/README.Bugs --enable-languages=c,c++,fortran --prefix=/usr --program-suffix=-4.4 --enable-shared --enable-linker-build-id --with-system-zlib --libexecdir=/usr/lib --without-included-gettext --enable-threads=posix --with-gxx-include-dir=/usr/include/c++/4.4 --libdir=/usr/lib --enable-nls --enable-clocale=gnu --enable-libstdcxx-debug --with-arch-32=i586 --with-tune=generic --enable-checking=release --build=x86_64-linux-gnu --host=x86_64-linux-gnu --target=x86_64-linux-gnu
Thread model: posix
gcc version 4.4.7 (Debian 4.4.7-2) 
configure:2455: $? = 0
configure:2457: gcc -V </dev/null >&5
gcc: '-V' option must have argument
configure:2460: $? = 1
configure:2483: checking for C compiler default output file name
configure:2486: gcc    conftest.c  >&5
configure:2489: $? = 0
configure:2535: result: a.out
configure:2540: checking whether the C compiler works
configure:2546: ./a.out
configure:2549: $? = 0
configure:2566: result: yes
configure:2573: checking whether we are cross compiling
configure:2575: result: no
configure:2578: checking for suffix of executables
configure:2580: gcc -o conftest    conftest.c  >&5
configure:2583: $? = 0
configure:2608: result: 
configure:2614: checking for suffix of object files
configure:2635: gcc -c   conftest.c >&5
configure:2638: $? = 0
configure:2660: result: o
configure:2664: checking whether we are using the GNU C compiler
configure:2688: gcc -c   conftest.c >&5
configure:2694: $? = 0
configure:2698: test -z 
			 || test ! -s conftest.err
configure:2701: $? = 0
configure:2704: test -s conftest.o
configure:2707: $? = 0
configure:2720: result: yes
configure:2726: checking whether gcc accepts -g
configure:2747: gcc -c -g  conftest.c >&5
configure:2753: $? = 0
configure:2757: test -z 
			 || test ! -s conftest.err
configure:2760: $? = 0
configure:2763: test -s conftest.o
configure:2766: $? = 0
configure:2777: result: yes
configure:2794: checking for gcc option to accept ANSI C
configure:2864: gcc  -c   conftest.c >&5
configure:2870: $? = 0
configure:2874: test -z 
			 || test ! -s conftest.err
configure:2877: $? = 0
configure:2880: test -s conftest.o
configure:2883: $? = 0
configure:2901: result: none needed
configure:2919: gcc -c   conftest.c >&5
conftest.c:2: error: expected '=', ',', ';', 'asm' or '__attribute__' before 'me'
configure:2925: $? = 1
configure: failed program was:
| #ifndef __cplusplus
|   choke me
| #endif
configure:3069: checking for style of include used by make
configure:3097: result: GNU
configure:3125: checking dependency style of gcc
configure:3215: result: gcc3
configure:3284: checking for g++
configure:3300: found /usr/bin/g++
configure:3310: result: g++
configure:3326: checking for C++ compiler version
configure:3329: g++ --version </dev/null >&5
g++ (Debian 4.4.7-2) 4.4.7
Copyright (C) 2010 Free Software Foundation, Inc.
This is free software; see the source for copying conditions.  There is NO
warranty; not even for MERCHANTABILITY or FITNESS FOR A PARTICULAR PURPOSE.

configure:3332: $? = 0
configure:3334: g++ -v </dev/null >&5
Using built-in specs.
Target: x86_64-linux-gnu
Configured with: ../src/configure -v --with-pkgversion='Debian 4.4.7-2' --with-bugurl=file:///usr/share/doc/gcc-4.4/README.Bugs --enable-languages=c,c++,fortran --prefix=/usr --program-suffix=-4.4 --enable-shared --enable-linker-build-id --with-system-zlib --libexecdir=/usr/lib --without-included-gettext --enable-threads=posix --with-gxx-include-dir=/usr/include/c++/4.4 --libdir=/usr/lib --enable-nls --enable-clocale=gnu --enable-libstdcxx-debug --with-arch-32=i586 --with-tune=generic --enable-checking=release --build=x86_64-linux-gnu --host=x86_64-linux-gnu --target=x86_64-linux-gnu
Thread model: posix
gcc version 4.4.7 (Debian 4.4.7-2) 
configure:3337: $? = 0
configure:3339: g++ -V </dev/null >&5
g++: '-V' option must have argument
configure:3342: $? = 1
configure:3345: checking whether we are using the GNU C++ compiler
configure:3369: g++ -c   conftest.cc >&5
configure:3375: $? = 0
configure:3379: test -z 
			 || test ! -s conftest.err
configure:3382: $? = 0
configure:3385: test -s conftest.o
configure:3388: $? = 0
configure:3401: result: yes
configure:3407: checking whether g++ accepts -g
configure:3428: g++ -c -g  conftest.cc >&5
configure:3434: $? = 0
configure:3438: test -z 
			 || test ! -s conftest.err
configure:3441: $? = 0
configure:3444: test -s conftest.o
configure:3447: $? = 0
configure:3458: result: yes
configure:3500: g++ -c   conftest.cc >&5
configure:3506: $? = 0
configure:3510: test -z 
			 || test ! -s conftest.err
configure:3513: $? = 0
configure:3516: test -s conftest.o
configure:3519: $? = 0
configure:3545: g++ -c   conftest.cc >&5
conftest.cc: In function 'int main()':
conftest.cc:15: error: 'exit' was not declared in this scope
configure:3551: $? = 1
configure: failed program was:
| /* confdefs.h.  */
| 
| #define PACKAGE_NAME ""
| #define PACKAGE_TARNAME ""
| #define PACKAGE_VERSION ""
| #define PACKAGE_STRING ""
| #define PACKAGE_BUGREPORT ""
| #define PACKAGE "libmediainfo"
| #define VERSION "0"
| /* end confdefs.h.  */
| 
| int
| main ()
| {
| exit (42);
|   ;
|   return 0;
| }
configure:3500: g++ -c   conftest.cc >&5
conftest.cc:11: error: 'void std::exit(int)' should have been declared inside 'std'
configure:3506: $? = 1
configure: failed program was:
| /* confdefs.h.  */
| 
| #define PACKAGE_NAME ""
| #define PACKAGE_TARNAME ""
| #define PACKAGE_VERSION ""
| #define PACKAGE_STRING ""
| #define PACKAGE_BUGREPORT ""
| #define PACKAGE "libmediainfo"
| #define VERSION "0"
| /* end confdefs.h.  */
| extern "C" void std::exit (int) throw (); using std::exit;
| #include <stdlib.h>
| int
| main ()
| {
| exit (42);
|   ;
|   return 0;
| }
configure:3500: g++ -c   conftest.cc >&5
conftest.cc:11: error: 'void std::exit(int)' should have been declared inside 'std'
In file included from conftest.cc:12:
/usr/include/stdlib.h:544: error: declaration of 'void std::exit(int) throw ()' throws different exceptions
conftest.cc:11: error: from previous declaration 'void std::exit(int)'
configure:3506: $? = 1
configure: failed program was:
| /* confdefs.h.  */
| 
| #define PACKAGE_NAME ""
| #define PACKAGE_TARNAME ""
| #define PACKAGE_VERSION ""
| #define PACKAGE_STRING ""
| #define PACKAGE_BUGREPORT ""
| #define PACKAGE "libmediainfo"
| #define VERSION "0"
| /* end confdefs.h.  */
| extern "C" void std::exit (int); using std::exit;
| #include <stdlib.h>
| int
| main ()
| {
| exit (42);
|   ;
|   return 0;
| }
configure:3500: g++ -c   conftest.cc >&5
configure:3506: $? = 0
configure:3510: test -z 
			 || test ! -s conftest.err
configure:3513: $? = 0
configure:3516: test -s conftest.o
configure:3519: $? = 0
configure:3545: g++ -c   conftest.cc >&5
configure:3551: $? = 0
configure:3555: test -z 
			 || test ! -s conftest.err
configure:3558: $? = 0
configure:3561: test -s conftest.o
configure:3564: $? = 0
configure:3589: checking dependency style of g++
configure:3679: result: gcc3
configure:3771: checking host system type
configure:3785: result: x86_64-unknown-linux-gnu
configure:3793: checking for a sed that does not truncate output
configure:3849: result: /bin/sed
configure:3852: checking for egrep
configure:3862: result: grep -E
configure:3878: checking for ld used by gcc
configure:3945: result: /usr/bin/ld
configure:3954: checking if the linker (/usr/bin/ld) is GNU ld
configure:3969: result: yes
configure:3974: checking for /usr/bin/ld option to reload object files
configure:3981: result: -r
configure:3999: checking for BSD-compatible nm
configure:4048: result: /usr/bin/nm -B
configure:4052: checking whether ln -s works
configure:4056: result: yes
configure:4063: checking how to recognise dependent libraries
configure:4239: result: pass_all
configure:4327: gcc -c   conftest.c >&5
configure:4330: $? = 0
configure:4718: checking how to run the C preprocessor
configure:4753: gcc -E  conftest.c
configure:4759: $? = 0
configure:4791: gcc -E  conftest.c
conftest.c:14:28: error: ac_nonexistent.h: No such file or directory
configure:4797: $? = 1
configure: failed program was:
| /* confdefs.h.  */
| 
| #define PACKAGE_NAME ""
| #define PACKAGE_TARNAME ""
| #define PACKAGE_VERSION ""
| #define PACKAGE_STRING ""
| #define PACKAGE_BUGREPORT ""
| #define PACKAGE "libmediainfo"
| #define VERSION "0"
| #ifdef __cplusplus
| extern "C" void exit (int) throw ();
| #endif
| /* end confdefs.h.  */
| #include <ac_nonexistent.h>
configure:4836: result: gcc -E
configure:4860: gcc -E  conftest.c
configure:4866: $? = 0
configure:4898: gcc -E  conftest.c
conftest.c:14:28: error: ac_nonexistent.h: No such file or directory
configure:4904: $? = 1
configure: failed program was:
| /* confdefs.h.  */
| 
| #define PACKAGE_NAME ""
| #define PACKAGE_TARNAME ""
| #define PACKAGE_VERSION ""
| #define PACKAGE_STRING ""
| #define PACKAGE_BUGREPORT ""
| #define PACKAGE "libmediainfo"
| #define VERSION "0"
| #ifdef __cplusplus
| extern "C" void exit (int) throw ();
| #endif
| /* end confdefs.h.  */
| #include <ac_nonexistent.h>
configure:4948: checking for ANSI C header files
configure:4973: gcc -c   conftest.c >&5
configure:4979: $? = 0
configure:4983: test -z 
			 || test ! -s conftest.err
configure:4986: $? = 0
configure:4989: test -s conftest.o
configure:4992: $? = 0
configure:5081: gcc -o conftest    conftest.c  >&5
conftest.c: In function 'main':
conftest.c:31: warning: incompatible implicit declaration of built-in function 'exit'
configure:5084: $? = 0
configure:5086: ./conftest
configure:5089: $? = 0
configure:5104: result: yes
configure:5128: checking for sys/types.h
configure:5144: gcc -c   conftest.c >&5
configure:5150: $? = 0
configure:5154: test -z 
			 || test ! -s conftest.err
configure:5157: $? = 0
configure:5160: test -s conftest.o
configure:5163: $? = 0
configure:5174: result: yes
configure:5128: checking for sys/stat.h
configure:5144: gcc -c   conftest.c >&5
configure:5150: $? = 0
configure:5154: test -z 
			 || test ! -s conftest.err
configure:5157: $? = 0
configure:5160: test -s conftest.o
configure:5163: $? = 0
configure:5174: result: yes
configure:5128: checking for stdlib.h
configure:5144: gcc -c   conftest.c >&5
configure:5150: $? = 0
configure:5154: test -z 
			 || test ! -s conftest.err
configure:5157: $? = 0
configure:5160: test -s conftest.o
configure:5163: $? = 0
configure:5174: result: yes
configure:5128: checking for string.h
configure:5144: gcc -c   conftest.c >&5
configure:5150: $? = 0
configure:5154: test -z 
			 || test ! -s conftest.err
configure:5157: $? = 0
configure:5160: test -s conftest.o
configure:5163: $? = 0
configure:5174: result: yes
configure:5128: checking for memory.h
configure:5144: gcc -c   conftest.c >&5
configure:5150: $? = 0
configure:5154: test -z 
			 || test ! -s conftest.err
configure:5157: $? = 0
configure:5160: test -s conftest.o
configure:5163: $? = 0
configure:5174: result: yes
configure:5128: checking for strings.h
configure:5144: gcc -c   conftest.c >&5
configure:5150: $? = 0
configure:5154: test -z 
			 || test ! -s conftest.err
configure:5157: $? = 0
configure:5160: test -s conftest.o
configure:5163: $? = 0
configure:5174: result: yes
configure:5128: checking for inttypes.h
configure:5144: gcc -c   conftest.c >&5
configure:5150: $? = 0
configure:5154: test -z 
			 || test ! -s conftest.err
configure:5157: $? = 0
configure:5160: test -s conftest.o
configure:5163: $? = 0
configure:5174: result: yes
configure:5128: checking for stdint.h
configure:5144: gcc -c   conftest.c >&5
configure:5150: $? = 0
configure:5154: test -z 
			 || test ! -s conftest.err
configure:5157: $? = 0
configure:5160: test -s conftest.o
configure:5163: $? = 0
configure:5174: result: yes
configure:5128: checking for unistd.h
configure:5144: gcc -c   conftest.c >&5
configure:5150: $? = 0
configure:5154: test -z 
			 || test ! -s conftest.err
configure:5157: $? = 0
configure:5160: test -s conftest.o
configure:5163: $? = 0
configure:5174: result: yes
configure:5200: checking dlfcn.h usability
configure:5212: gcc -c   conftest.c >&5
configure:5218: $? = 0
configure:5222: test -z 
			 || test ! -s conftest.err
configure:5225: $? = 0
configure:5228: test -s conftest.o
configure:5231: $? = 0
configure:5241: result: yes
configure:5245: checking dlfcn.h presence
configure:5255: gcc -E  conftest.c
configure:5261: $? = 0
configure:5281: result: yes
configure:5316: checking for dlfcn.h
configure:5323: result: yes
configure:5346: checking how to run the C++ preprocessor
configure:5377: g++ -E  conftest.cc
configure:5383: $? = 0
configure:5415: g++ -E  conftest.cc
conftest.cc:25:28: error: ac_nonexistent.h: No such file or directory
configure:5421: $? = 1
configure: failed program was:
| /* confdefs.h.  */
| 
| #define PACKAGE_NAME ""
| #define PACKAGE_TARNAME ""
| #define PACKAGE_VERSION ""
| #define PACKAGE_STRING ""
| #define PACKAGE_BUGREPORT ""
| #define PACKAGE "libmediainfo"
| #define VERSION "0"
| #ifdef __cplusplus
| extern "C" void exit (int) throw ();
| #endif
| #define STDC_HEADERS 1
| #define HAVE_SYS_TYPES_H 1
| #define HAVE_SYS_STAT_H 1
| #define HAVE_STDLIB_H 1
| #define HAVE_STRING_H 1
| #define HAVE_MEMORY_H 1
| #define HAVE_STRINGS_H 1
| #define HAVE_INTTYPES_H 1
| #define HAVE_STDINT_H 1
| #define HAVE_UNISTD_H 1
| #define HAVE_DLFCN_H 1
| /* end confdefs.h.  */
| #include <ac_nonexistent.h>
configure:5460: result: g++ -E
configure:5484: g++ -E  conftest.cc
configure:5490: $? = 0
configure:5522: g++ -E  conftest.cc
conftest.cc:25:28: error: ac_nonexistent.h: No such file or directory
configure:5528: $? = 1
configure: failed program was:
| /* confdefs.h.  */
| 
| #define PACKAGE_NAME ""
| #define PACKAGE_TARNAME ""
| #define PACKAGE_VERSION ""
| #define PACKAGE_STRING ""
| #define PACKAGE_BUGREPORT ""
| #define PACKAGE "libmediainfo"
| #define VERSION "0"
| #ifdef __cplusplus
| extern "C" void exit (int) throw ();
| #endif
| #define STDC_HEADERS 1
| #define HAVE_SYS_TYPES_H 1
| #define HAVE_SYS_STAT_H 1
| #define HAVE_STDLIB_H 1
| #define HAVE_STRING_H 1
| #define HAVE_MEMORY_H 1
| #define HAVE_STRINGS_H 1
| #define HAVE_INTTYPES_H 1
| #define HAVE_STDINT_H 1
| #define HAVE_UNISTD_H 1
| #define HAVE_DLFCN_H 1
| /* end confdefs.h.  */
| #include <ac_nonexistent.h>
configure:5625: checking for g77
configure:5654: result: no
configure:5625: checking for f77
configure:5654: result: no
configure:5625: checking for xlf
configure:5654: result: no
configure:5625: checking for frt
configure:5654: result: no
configure:5625: checking for pgf77
configure:5654: result: no
configure:5625: checking for fort77
configure:5654: result: no
configure:5625: checking for fl32
configure:5654: result: no
configure:5625: checking for af77
configure:5654: result: no
configure:5625: checking for f90
configure:5654: result: no
configure:5625: checking for xlf90
configure:5654: result: no
configure:5625: checking for pgf90
configure:5654: result: no
configure:5625: checking for epcf90
configure:5654: result: no
configure:5625: checking for f95
configure:5654: result: no
configure:5625: checking for fort
configure:5654: result: no
configure:5625: checking for xlf95
configure:5654: result: no
configure:5625: checking for ifc
configure:5654: result: no
configure:5625: checking for efc
configure:5654: result: no
configure:5625: checking for pgf95
configure:5654: result: no
configure:5625: checking for lf95
configure:5654: result: no
configure:5625: checking for gfortran
configure:5654: result: no
configure:5666: checking for Fortran 77 compiler version
configure:5669:  --version </dev/null >&5
./configure: line 5670: --version: command not found
configure:5672: $? = 127
configure:5674:  -v </dev/null >&5
./configure: line 5675: -v: command not found
configure:5677: $? = 127
configure:5679:  -V </dev/null >&5
./configure: line 5680: -V: command not found
configure:5682: $? = 127
configure:5690: checking whether we are using the GNU Fortran 77 compiler
configure:5704:  -c  conftest.F >&5
./configure: line 5705: -c: command not found
configure:5710: $? = 127
configure: failed program was:
|       program main
| #ifndef __GNUC__
|        choke me
| #endif
| 
|       end
configure:5736: result: no
configure:5742: checking whether  accepts -g
configure:5754:  -c -g conftest.f >&5
./configure: line 5755: -c: command not found
configure:5760: $? = 127
configure: failed program was:
|       program main
| 
|       end
configure:5785: result: no
configure:5815: checking the maximum length of command line arguments
configure:5924: result: 32768
configure:5935: checking command to parse /usr/bin/nm -B output from gcc object
configure:6040: gcc -c   conftest.c >&5
configure:6043: $? = 0
configure:6047: /usr/bin/nm -B conftest.o \| sed -n -e 's/^.*[ 	]\([ABCDGIRSTW][ABCDGIRSTW]*\)[ 	][ 	]*\([_A-Za-z][_A-Za-z0-9]*\)$/\1 \2 \2/p' \> conftest.nm
configure:6050: $? = 0
configure:6102: gcc -o conftest    conftest.c conftstm.o >&5
configure:6105: $? = 0
configure:6143: result: ok
configure:6147: checking for objdir
configure:6162: result: .libs
configure:6252: checking for ar
configure:6268: found /usr/bin/ar
configure:6279: result: ar
configure:6332: checking for ranlib
configure:6348: found /usr/bin/ranlib
configure:6359: result: ranlib
configure:6412: checking for strip
configure:6428: found /usr/bin/strip
configure:6439: result: strip
configure:6711: checking if gcc supports -fno-rtti -fno-exceptions
configure:6729: gcc -c   -fno-rtti -fno-exceptions conftest.c >&5
cc1: warning: command line option "-fno-rtti" is valid for C++/ObjC++ but not for C
configure:6733: $? = 0
configure:6746: result: no
configure:6761: checking for gcc option to produce PIC
configure:6971: result: -fPIC
configure:6979: checking if gcc PIC flag -fPIC works
configure:6997: gcc -c   -fPIC -DPIC conftest.c >&5
configure:7001: $? = 0
configure:7014: result: yes
configure:7042: checking if gcc static flag -static works
configure:7070: result: yes
configure:7080: checking if gcc supports -c -o file.o
configure:7101: gcc -c   -o out/conftest2.o conftest.c >&5
configure:7105: $? = 0
configure:7127: result: yes
configure:7153: checking whether the gcc linker (/usr/bin/ld -m elf_x86_64) supports shared libraries
configure:8111: result: yes
configure:8178: checking dynamic linker characteristics
configure:8571: gcc -c   conftest.c >&5
configure:8574: $? = 0
configure:8787: result: GNU/Linux ld.so
configure:8796: checking how to hardcode library paths into programs
configure:8821: result: immediate
configure:8835: checking whether stripping libraries is possible
configure:8840: result: yes
configure:9674: checking if libtool supports shared libraries
configure:9676: result: yes
configure:9679: checking whether to build shared libraries
configure:9700: result: no
configure:9703: checking whether to build static libraries
configure:9707: result: yes
configure:9799: creating libtool
configure:10390: checking for ld used by g++
configure:10457: result: /usr/bin/ld -m elf_x86_64
configure:10466: checking if the linker (/usr/bin/ld -m elf_x86_64) is GNU ld
configure:10481: result: yes
configure:10532: checking whether the g++ linker (/usr/bin/ld -m elf_x86_64) supports shared libraries
configure:11470: result: yes
configure:11488: g++ -c   conftest.cpp >&5
configure:11491: $? = 0
configure:11610: checking for g++ option to produce PIC
configure:11884: result: -fPIC
configure:11892: checking if g++ PIC flag -fPIC works
configure:11910: g++ -c   -fPIC -DPIC conftest.cpp >&5
configure:11914: $? = 0
configure:11927: result: yes
configure:11955: checking if g++ static flag -static works
configure:11983: result: yes
configure:11993: checking if g++ supports -c -o file.o
configure:12014: g++ -c   -o out/conftest2.o conftest.cpp >&5
configure:12018: $? = 0
configure:12040: result: yes
configure:12066: checking whether the g++ linker (/usr/bin/ld -m elf_x86_64) supports shared libraries
configure:12091: result: yes
configure:12158: checking dynamic linker characteristics
configure:12551: g++ -c   conftest.cpp >&5
configure:12554: $? = 0
configure:12767: result: GNU/Linux ld.so
configure:12776: checking how to hardcode library paths into programs
configure:12801: result: immediate
configure:19018: checking for a BSD-compatible install
configure:19073: result: /usr/bin/install -c
configure:20816: checking for uncompress in -lz
configure:20846: gcc -o conftest    conftest.c -lz   >&5
configure:20852: $? = 0
configure:20856: test -z 
			 || test ! -s conftest.err
configure:20859: $? = 0
configure:20862: test -s conftest
configure:20865: $? = 0
configure:20878: result: yes
configure:20900: checking zlib.h usability
configure:20912: gcc -c   conftest.c >&5
configure:20918: $? = 0
configure:20922: test -z 
			 || test ! -s conftest.err
configure:20925: $? = 0
configure:20928: test -s conftest.o
configure:20931: $? = 0
configure:20941: result: yes
configure:20945: checking zlib.h presence
configure:20955: gcc -E  conftest.c
configure:20961: $? = 0
configure:20981: result: yes
configure:21016: checking for zlib.h
configure:21023: result: yes
configure:21775: creating ./config.status

## ---------------------- ##
## Running config.status. ##
## ---------------------- ##

This file was extended by config.status, which was
generated by GNU Autoconf 2.59.  Invocation command line was

  CONFIG_FILES    = 
  CONFIG_HEADERS  = 
  CONFIG_LINKS    = 
  CONFIG_COMMANDS = 
  $ ./config.status 

on debian

config.status:726: creating libmediainfo-config
config.status:726: creating libmediainfo.pc
config.status:726: creating Makefile
config.status:913: executing depfiles commands

## ---------------- ##
## Cache variables. ##
## ---------------- ##

ac_cv_build=x86_64-unknown-linux-gnu
ac_cv_build_alias=x86_64-unknown-linux-gnu
ac_cv_c_compiler_gnu=yes
ac_cv_cxx_compiler_gnu=yes
ac_cv_env_CC_set=
ac_cv_env_CC_value=
ac_cv_env_CFLAGS_set=
ac_cv_env_CFLAGS_value=
ac_cv_env_CPPFLAGS_set=
ac_cv_env_CPPFLAGS_value=
ac_cv_env_CPP_set=
ac_cv_env_CPP_value=
ac_cv_env_CXXCPP_set=
ac_cv_env_CXXCPP_value=
ac_cv_env_CXXFLAGS_set=
ac_cv_env_CXXFLAGS_value=
ac_cv_env_CXX_set=
ac_cv_env_CXX_value=
ac_cv_env_F77_set=
ac_cv_env_F77_value=
ac_cv_env_FFLAGS_set=
ac_cv_env_FFLAGS_value=
ac_cv_env_LDFLAGS_set=
ac_cv_env_LDFLAGS_value=
ac_cv_env_PKG_CONFIG_set=
ac_cv_env_PKG_CONFIG_value=
ac_cv_env_TINYXML2_CFLAGS_set=
ac_cv_env_TINYXML2_CFLAGS_value=
ac_cv_env_TINYXML2_LIBS_set=
ac_cv_env_TINYXML2_LIBS_value=
ac_cv_env_build_alias_set=
ac_cv_env_build_alias_value=
ac_cv_env_host_alias_set=
ac_cv_env_host_alias_value=
ac_cv_env_target_alias_set=
ac_cv_env_target_alias_value=
ac_cv_exeext=
ac_cv_f77_compiler_gnu=no
ac_cv_header_dlfcn_h=yes
ac_cv_header_inttypes_h=yes
ac_cv_header_memory_h=yes
ac_cv_header_stdc=yes
ac_cv_header_stdint_h=yes
ac_cv_header_stdlib_h=yes
ac_cv_header_string_h=yes
ac_cv_header_strings_h=yes
ac_cv_header_sys_stat_h=yes
ac_cv_header_sys_types_h=yes
ac_cv_header_unistd_h=yes
ac_cv_header_zlib_h=yes
ac_cv_host=x86_64-unknown-linux-gnu
ac_cv_host_alias=x86_64-unknown-linux-gnu
ac_cv_lib_z_uncompress=yes
ac_cv_objext=o
ac_cv_path_install='/usr/bin/install -c'
ac_cv_prog_AWK=gawk
ac_cv_prog_CPP='gcc -E'
ac_cv_prog_CXXCPP='g++ -E'
ac_cv_prog_ac_ct_AR=ar
ac_cv_prog_ac_ct_CC=gcc
ac_cv_prog_ac_ct_CXX=g++
ac_cv_prog_ac_ct_RANLIB=ranlib
ac_cv_prog_ac_ct_STRIP=strip
ac_cv_prog_cc_g=yes
ac_cv_prog_cc_stdc=
ac_cv_prog_cxx_g=yes
ac_cv_prog_egrep='grep -E'
ac_cv_prog_f77_g=no
ac_cv_prog_make_make_set=yes
am_cv_CC_dependencies_compiler_type=gcc3
am_cv_CXX_dependencies_compiler_type=gcc3
lt_cv_deplibs_check_method=pass_all
lt_cv_file_magic_cmd='$MAGIC_CMD'
lt_cv_file_magic_test_file=
lt_cv_ld_reload_flag=-r
lt_cv_objdir=.libs
lt_cv_path_LD=/usr/bin/ld
lt_cv_path_LDCXX='/usr/bin/ld -m elf_x86_64'
lt_cv_path_NM='/usr/bin/nm -B'
lt_cv_path_SED=/bin/sed
lt_cv_prog_compiler_c_o=yes
lt_cv_prog_compiler_c_o_CXX=yes
lt_cv_prog_compiler_rtti_exceptions=no
lt_cv_prog_gnu_ld=yes
lt_cv_prog_gnu_ldcxx=yes
lt_cv_sys_global_symbol_pipe='sed -n -e '\''s/^.*[ 	]\([ABCDGIRSTW][ABCDGIRSTW]*\)[ 	][ 	]*\([_A-Za-z][_A-Za-z0-9]*\)$/\1 \2 \2/p'\'''
lt_cv_sys_global_symbol_to_c_name_address='sed -n -e '\''s/^: \([^ ]*\) $/  {\"\1\", (lt_ptr) 0},/p'\'' -e '\''s/^[BCDEGRST] \([^ ]*\) \([^ ]*\)$/  {"\2", (lt_ptr) \&\2},/p'\'''
lt_cv_sys_global_symbol_to_cdecl='sed -n -e '\''s/^. .* \(.*\)$/extern int \1;/p'\'''
lt_cv_sys_max_cmd_len=32768
lt_lt_cv_prog_compiler_c_o='"yes"'
lt_lt_cv_prog_compiler_c_o_CXX='"yes"'
lt_lt_cv_sys_global_symbol_pipe='"sed -n -e '\''s/^.*[ 	]\\([ABCDGIRSTW][ABCDGIRSTW]*\\)[ 	][ 	]*\\([_A-Za-z][_A-Za-z0-9]*\\)\$/\\1 \\2 \\2/p'\''"'
lt_lt_cv_sys_global_symbol_to_c_name_address='"sed -n -e '\''s/^: \\([^ ]*\\) \$/  {\\\"\\1\\\", (lt_ptr) 0},/p'\'' -e '\''s/^[BCDEGRST] \\([^ ]*\\) \\([^ ]*\\)\$/  {\"\\2\", (lt_ptr) \\&\\2},/p'\''"'
lt_lt_cv_sys_global_symbol_to_cdecl='"sed -n -e '\''s/^. .* \\(.*\\)\$/extern int \\1;/p'\''"'

## ----------------- ##
## Output variables. ##
## ----------------- ##

ACLOCAL='${SHELL} /home/cedar/.cedar/local/video/mediainfo/MediaInfoLib/Project/GNU/Library/missing --run aclocal-1.9'
AMDEPBACKSLASH='\'
AMDEP_FALSE='#'
AMDEP_TRUE=''
AMTAR='${SHELL} /home/cedar/.cedar/local/video/mediainfo/MediaInfoLib/Project/GNU/Library/missing --run tar'
AR='ar'
AS='as'
AUTOCONF='${SHELL} /home/cedar/.cedar/local/video/mediainfo/MediaInfoLib/Project/GNU/Library/missing --run autoconf'
AUTOHEADER='${SHELL} /home/cedar/.cedar/local/video/mediainfo/MediaInfoLib/Project/GNU/Library/missing --run autoheader'
AUTOMAKE='${SHELL} /home/cedar/.cedar/local/video/mediainfo/MediaInfoLib/Project/GNU/Library/missing --run automake-1.9'
AWK='gawk'
CC='gcc'
CCDEPMODE='depmode=gcc3'
CFLAGS=' -fPIC -O2'
COMPILE_TINYXML2_FALSE='#'
COMPILE_TINYXML2_TRUE=''
CPP='gcc -E'
CPPFLAGS=''
CXX='g++'
CXXCPP='g++ -E'
CXXDEPMODE='depmode=gcc3'
CXXFLAGS=' -DUNICODE -DSIZE_T_IS_LONG -DMEDIAINFO_LIBCURL_NO -DMEDIAINFO_LIBMMS_NO -I../../../Source/ThirdParty/tinyxml2 -I../../../Source/ThirdParty/base64 -DUNICODE -fPIC -O2'
CYGPATH_W='echo'
DEFS='-DPACKAGE_NAME=\"\" -DPACKAGE_TARNAME=\"\" -DPACKAGE_VERSION=\"\" -DPACKAGE_STRING=\"\" -DPACKAGE_BUGREPORT=\"\" -DPACKAGE=\"libmediainfo\" -DVERSION=\"0\" -DSTDC_HEADERS=1 -DHAVE_SYS_TYPES_H=1 -DHAVE_SYS_STAT_H=1 -DHAVE_STDLIB_H=1 -DHAVE_STRING_H=1 -DHAVE_MEMORY_H=1 -DHAVE_STRINGS_H=1 -DHAVE_INTTYPES_H=1 -DHAVE_STDINT_H=1 -DHAVE_UNISTD_H=1 -DHAVE_DLFCN_H=1 -DHAVE_ZLIB_H=1 '
DEPDIR='.deps'
DLLTOOL='dlltool'
ECHO='echo'
ECHO_C=''
ECHO_N='-n'
ECHO_T=''
EGREP='grep -E'
EXEEXT=''
F77=''
FFLAGS=''
INSTALL_DATA='${INSTALL} -m 644'
INSTALL_PROGRAM='${INSTALL}'
INSTALL_SCRIPT='${INSTALL}'
INSTALL_STRIP_PROGRAM='${SHELL} $(install_sh) -c -s'
LDFLAGS=' -fPIC'
LIBOBJS=''
LIBS=' -lz -L/home/cedar/.cedar/local/video/mediainfo/ZenLib/Project/GNU/Library -lzen -lpthread -lstdc++'
LIBTOOL='$(SHELL) $(top_builddir)/libtool'
LN_S='ln -s'
LTLIBOBJS=''
MAKEINFO='${SHELL} /home/cedar/.cedar/local/video/mediainfo/MediaInfoLib/Project/GNU/Library/missing --run makeinfo'
MediaInfoLib_CXXFLAGS=' -DUNICODE'
MediaInfoLib_LIBS=' -L/home/cedar/.cedar/local/video/mediainfo/MediaInfoLib/Project/GNU/Library -lmediainfo  -lz -L/home/cedar/.cedar/local/video/mediainfo/ZenLib/Project/GNU/Library -lzen -lpthread -lstdc++'
MediaInfoLib_LIBS_Static=' /home/cedar/.cedar/local/video/mediainfo/MediaInfoLib/Project/GNU/Library/.libs/libmediainfo.a  -lz -L/home/cedar/.cedar/local/video/mediainfo/ZenLib/Project/GNU/Library -lzen -lpthread -lstdc++'
MediaInfoLib_LibName='mediainfo'
MediaInfoLib_Unicode='yes'
OBJDUMP='objdump'
OBJEXT='o'
PACKAGE='libmediainfo'
PACKAGE_BUGREPORT=''
PACKAGE_NAME=''
PACKAGE_STRING=''
PACKAGE_TARNAME=''
PACKAGE_VERSION=''
PATH_SEPARATOR=':'
PKG_CONFIG=''
RANLIB='ranlib'
SED='/bin/sed'
SET_MAKE=''
SHELL='/bin/bash'
STRIP='strip'
TINYXML2_CFLAGS=''
TINYXML2_LIBS=''
VERSION='0'
ac_ct_AR='ar'
ac_ct_AS=''
ac_ct_CC='gcc'
ac_ct_CXX='g++'
ac_ct_DLLTOOL=''
ac_ct_F77=''
ac_ct_OBJDUMP=''
ac_ct_RANLIB='ranlib'
ac_ct_STRIP='strip'
ac_pt_PKG_CONFIG=''
am__fastdepCC_FALSE='#'
am__fastdepCC_TRUE=''
am__fastdepCXX_FALSE='#'
am__fastdepCXX_TRUE=''
am__include='include'
am__leading_dot='.'
am__quote=''
am__tar='${AMTAR} chof - "$$tardir"'
am__untar='${AMTAR} xf -'
bindir='${exec_prefix}/bin'
build='x86_64-unknown-linux-gnu'
build_alias=''
build_cpu='x86_64'
build_os='linux-gnu'
build_vendor='unknown'
datadir='${prefix}/share'
exec_prefix='${prefix}'
host='x86_64-unknown-linux-gnu'
host_alias=''
host_cpu='x86_64'
host_os='linux-gnu'
host_vendor='unknown'
includedir='${prefix}/include'
infodir='${prefix}/info'
install_sh='/home/cedar/.cedar/local/video/mediainfo/MediaInfoLib/Project/GNU/Library/install-sh'
libdir='${exec_prefix}/lib'
libexecdir='${exec_prefix}/libexec'
localstatedir='${prefix}/var'
mandir='${prefix}/man'
mkdir_p='mkdir -p --'
oldincludedir='/usr/include'
prefix='/usr/local'
program_transform_name='s,x,x,'
sbindir='${exec_prefix}/sbin'
sharedstatedir='${prefix}/com'
sysconfdir='${prefix}/etc'
target_alias=''

## ----------- ##
## confdefs.h. ##
## ----------- ##

#define HAVE_DLFCN_H 1
#define HAVE_INTTYPES_H 1
#define HAVE_MEMORY_H 1
#define HAVE_STDINT_H 1
#define HAVE_STDLIB_H 1
#define HAVE_STRINGS_H 1
#define HAVE_STRING_H 1
#define HAVE_SYS_STAT_H 1
#define HAVE_SYS_TYPES_H 1
#define HAVE_UNISTD_H 1
#define HAVE_ZLIB_H 1
#define PACKAGE "libmediainfo"
#define PACKAGE_BUGREPORT ""
#define PACKAGE_NAME ""
#define PACKAGE_STRING ""
#define PACKAGE_TARNAME ""
#define PACKAGE_VERSION ""
#define STDC_HEADERS 1
#define VERSION "0"
#endif
#ifdef __cplusplus
extern "C" void exit (int) throw ();

configure: exit 0
