This file contains any messages produced by compilers while
running configure, to aid debugging if configure makes a mistake.

It was created by configure, which was
generated by GNU Autoconf 2.59.  Invocation command line was

  $ ./configure 

## --------- ##
## Platform. ##
## --------- ##

hostname = debian
uname -m = x86_64
uname -r = 3.2.0-4-amd64
uname -s = Linux
uname -v = #1 SMP Debian 3.2.46-1

/usr/bin/uname -p = unknown
/bin/uname -X     = unknown

/bin/arch              = unknown
/usr/bin/arch -k       = unknown
/usr/convex/getsysinfo = unknown
hostinfo               = unknown
/bin/machine           = unknown
/usr/bin/oslevel       = unknown
/bin/universe          = unknown

PATH: /home/cedar/.cedar/bin
PATH: /home/cedar/bin
PATH: /usr/local/bin
PATH: /usr/bin
PATH: /bin
PATH: /usr/local/games
PATH: /usr/games


## ----------- ##
## Core tests. ##
## ----------- ##

configure:1550: checking build system type
configure:1568: result: x86_64-unknown-linux-gnu
configure:1591: checking for a BSD-compatible install
configure:1646: result: /usr/bin/install -c
configure:1657: checking whether build environment is sane
configure:1700: result: yes
configure:1765: checking for gawk
configure:1781: found /usr/bin/gawk
configure:1791: result: gawk
configure:1801: checking whether make sets $(MAKE)
configure:1821: result: yes
configure:2038: checking for gcc
configure:2054: found /usr/bin/gcc
configure:2064: result: gcc
configure:2308: checking for C compiler version
configure:2311: gcc --version </dev/null >&5
gcc (Debian 4.4.7-2) 4.4.7
Copyright (C) 2010 Free Software Foundation, Inc.
This is free software; see the source for copying conditions.  There is NO
warranty; not even for MERCHANTABILITY or FITNESS FOR A PARTICULAR PURPOSE.

configure:2314: $? = 0
configure:2316: gcc -v </dev/null >&5
Using built-in specs.
Target: x86_64-linux-gnu
Configured with: ../src/configure -v --with-pkgversion='Debian 4.4.7-2' --with-bugurl=file:///usr/share/doc/gcc-4.4/README.Bugs --enable-languages=c,c++,fortran --prefix=/usr --program-suffix=-4.4 --enable-shared --enable-linker-build-id --with-system-zlib --libexecdir=/usr/lib --without-included-gettext --enable-threads=posix --with-gxx-include-dir=/usr/include/c++/4.4 --libdir=/usr/lib --enable-nls --enable-clocale=gnu --enable-libstdcxx-debug --with-arch-32=i586 --with-tune=generic --enable-checking=release --build=x86_64-linux-gnu --host=x86_64-linux-gnu --target=x86_64-linux-gnu
Thread model: posix
gcc version 4.4.7 (Debian 4.4.7-2) 
configure:2319: $? = 0
configure:2321: gcc -V </dev/null >&5
gcc: '-V' option must have argument
configure:2324: $? = 1
configure:2347: checking for C compiler default output file name
configure:2350: gcc    conftest.c  >&5
configure:2353: $? = 0
configure:2399: result: a.out
configure:2404: checking whether the C compiler works
configure:2410: ./a.out
configure:2413: $? = 0
configure:2430: result: yes
configure:2437: checking whether we are cross compiling
configure:2439: result: no
configure:2442: checking for suffix of executables
configure:2444: gcc -o conftest    conftest.c  >&5
configure:2447: $? = 0
configure:2472: result: 
configure:2478: checking for suffix of object files
configure:2499: gcc -c   conftest.c >&5
configure:2502: $? = 0
configure:2524: result: o
configure:2528: checking whether we are using the GNU C compiler
configure:2552: gcc -c   conftest.c >&5
configure:2558: $? = 0
configure:2562: test -z 
			 || test ! -s conftest.err
configure:2565: $? = 0
configure:2568: test -s conftest.o
configure:2571: $? = 0
configure:2584: result: yes
configure:2590: checking whether gcc accepts -g
configure:2611: gcc -c -g  conftest.c >&5
configure:2617: $? = 0
configure:2621: test -z 
			 || test ! -s conftest.err
configure:2624: $? = 0
configure:2627: test -s conftest.o
configure:2630: $? = 0
configure:2641: result: yes
configure:2658: checking for gcc option to accept ANSI C
configure:2728: gcc  -c   conftest.c >&5
configure:2734: $? = 0
configure:2738: test -z 
			 || test ! -s conftest.err
configure:2741: $? = 0
configure:2744: test -s conftest.o
configure:2747: $? = 0
configure:2765: result: none needed
configure:2783: gcc -c   conftest.c >&5
conftest.c:2: error: expected '=', ',', ';', 'asm' or '__attribute__' before 'me'
configure:2789: $? = 1
configure: failed program was:
| #ifndef __cplusplus
|   choke me
| #endif
configure:2933: checking for style of include used by make
configure:2961: result: GNU
configure:2989: checking dependency style of gcc
configure:3079: result: gcc3
configure:3148: checking for g++
configure:3164: found /usr/bin/g++
configure:3174: result: g++
configure:3190: checking for C++ compiler version
configure:3193: g++ --version </dev/null >&5
g++ (Debian 4.4.7-2) 4.4.7
Copyright (C) 2010 Free Software Foundation, Inc.
This is free software; see the source for copying conditions.  There is NO
warranty; not even for MERCHANTABILITY or FITNESS FOR A PARTICULAR PURPOSE.

configure:3196: $? = 0
configure:3198: g++ -v </dev/null >&5
Using built-in specs.
Target: x86_64-linux-gnu
Configured with: ../src/configure -v --with-pkgversion='Debian 4.4.7-2' --with-bugurl=file:///usr/share/doc/gcc-4.4/README.Bugs --enable-languages=c,c++,fortran --prefix=/usr --program-suffix=-4.4 --enable-shared --enable-linker-build-id --with-system-zlib --libexecdir=/usr/lib --without-included-gettext --enable-threads=posix --with-gxx-include-dir=/usr/include/c++/4.4 --libdir=/usr/lib --enable-nls --enable-clocale=gnu --enable-libstdcxx-debug --with-arch-32=i586 --with-tune=generic --enable-checking=release --build=x86_64-linux-gnu --host=x86_64-linux-gnu --target=x86_64-linux-gnu
Thread model: posix
gcc version 4.4.7 (Debian 4.4.7-2) 
configure:3201: $? = 0
configure:3203: g++ -V </dev/null >&5
g++: '-V' option must have argument
configure:3206: $? = 1
configure:3209: checking whether we are using the GNU C++ compiler
configure:3233: g++ -c   conftest.cc >&5
configure:3239: $? = 0
configure:3243: test -z 
			 || test ! -s conftest.err
configure:3246: $? = 0
configure:3249: test -s conftest.o
configure:3252: $? = 0
configure:3265: result: yes
configure:3271: checking whether g++ accepts -g
configure:3292: g++ -c -g  conftest.cc >&5
configure:3298: $? = 0
configure:3302: test -z 
			 || test ! -s conftest.err
configure:3305: $? = 0
configure:3308: test -s conftest.o
configure:3311: $? = 0
configure:3322: result: yes
configure:3364: g++ -c   conftest.cc >&5
configure:3370: $? = 0
configure:3374: test -z 
			 || test ! -s conftest.err
configure:3377: $? = 0
configure:3380: test -s conftest.o
configure:3383: $? = 0
configure:3409: g++ -c   conftest.cc >&5
conftest.cc: In function 'int main()':
conftest.cc:15: error: 'exit' was not declared in this scope
configure:3415: $? = 1
configure: failed program was:
| /* confdefs.h.  */
| 
| #define PACKAGE_NAME ""
| #define PACKAGE_TARNAME ""
| #define PACKAGE_VERSION ""
| #define PACKAGE_STRING ""
| #define PACKAGE_BUGREPORT ""
| #define PACKAGE "mediainfo-gui"
| #define VERSION "0"
| /* end confdefs.h.  */
| 
| int
| main ()
| {
| exit (42);
|   ;
|   return 0;
| }
configure:3364: g++ -c   conftest.cc >&5
conftest.cc:11: error: 'void std::exit(int)' should have been declared inside 'std'
configure:3370: $? = 1
configure: failed program was:
| /* confdefs.h.  */
| 
| #define PACKAGE_NAME ""
| #define PACKAGE_TARNAME ""
| #define PACKAGE_VERSION ""
| #define PACKAGE_STRING ""
| #define PACKAGE_BUGREPORT ""
| #define PACKAGE "mediainfo-gui"
| #define VERSION "0"
| /* end confdefs.h.  */
| extern "C" void std::exit (int) throw (); using std::exit;
| #include <stdlib.h>
| int
| main ()
| {
| exit (42);
|   ;
|   return 0;
| }
configure:3364: g++ -c   conftest.cc >&5
conftest.cc:11: error: 'void std::exit(int)' should have been declared inside 'std'
In file included from conftest.cc:12:
/usr/include/stdlib.h:544: error: declaration of 'void std::exit(int) throw ()' throws different exceptions
conftest.cc:11: error: from previous declaration 'void std::exit(int)'
configure:3370: $? = 1
configure: failed program was:
| /* confdefs.h.  */
| 
| #define PACKAGE_NAME ""
| #define PACKAGE_TARNAME ""
| #define PACKAGE_VERSION ""
| #define PACKAGE_STRING ""
| #define PACKAGE_BUGREPORT ""
| #define PACKAGE "mediainfo-gui"
| #define VERSION "0"
| /* end confdefs.h.  */
| extern "C" void std::exit (int); using std::exit;
| #include <stdlib.h>
| int
| main ()
| {
| exit (42);
|   ;
|   return 0;
| }
configure:3364: g++ -c   conftest.cc >&5
configure:3370: $? = 0
configure:3374: test -z 
			 || test ! -s conftest.err
configure:3377: $? = 0
configure:3380: test -s conftest.o
configure:3383: $? = 0
configure:3409: g++ -c   conftest.cc >&5
configure:3415: $? = 0
configure:3419: test -z 
			 || test ! -s conftest.err
configure:3422: $? = 0
configure:3425: test -s conftest.o
configure:3428: $? = 0
configure:3453: checking dependency style of g++
configure:3543: result: gcc3
configure:3632: checking host system type
configure:3646: result: x86_64-unknown-linux-gnu
configure:3654: checking for a sed that does not truncate output
configure:3710: result: /bin/sed
configure:3713: checking for egrep
configure:3723: result: grep -E
configure:3739: checking for ld used by gcc
configure:3806: result: /usr/bin/ld
configure:3815: checking if the linker (/usr/bin/ld) is GNU ld
configure:3830: result: yes
configure:3835: checking for /usr/bin/ld option to reload object files
configure:3842: result: -r
configure:3860: checking for BSD-compatible nm
configure:3909: result: /usr/bin/nm -B
configure:3913: checking whether ln -s works
configure:3917: result: yes
configure:3924: checking how to recognise dependent libraries
configure:4100: result: pass_all
configure:4188: gcc -c   conftest.c >&5
configure:4191: $? = 0
configure:4337: checking how to run the C preprocessor
configure:4372: gcc -E  conftest.c
configure:4378: $? = 0
configure:4410: gcc -E  conftest.c
conftest.c:14:28: error: ac_nonexistent.h: No such file or directory
configure:4416: $? = 1
configure: failed program was:
| /* confdefs.h.  */
| 
| #define PACKAGE_NAME ""
| #define PACKAGE_TARNAME ""
| #define PACKAGE_VERSION ""
| #define PACKAGE_STRING ""
| #define PACKAGE_BUGREPORT ""
| #define PACKAGE "mediainfo-gui"
| #define VERSION "0"
| #ifdef __cplusplus
| extern "C" void exit (int) throw ();
| #endif
| /* end confdefs.h.  */
| #include <ac_nonexistent.h>
configure:4455: result: gcc -E
configure:4479: gcc -E  conftest.c
configure:4485: $? = 0
configure:4517: gcc -E  conftest.c
conftest.c:14:28: error: ac_nonexistent.h: No such file or directory
configure:4523: $? = 1
configure: failed program was:
| /* confdefs.h.  */
| 
| #define PACKAGE_NAME ""
| #define PACKAGE_TARNAME ""
| #define PACKAGE_VERSION ""
| #define PACKAGE_STRING ""
| #define PACKAGE_BUGREPORT ""
| #define PACKAGE "mediainfo-gui"
| #define VERSION "0"
| #ifdef __cplusplus
| extern "C" void exit (int) throw ();
| #endif
| /* end confdefs.h.  */
| #include <ac_nonexistent.h>
configure:4567: checking for ANSI C header files
configure:4592: gcc -c   conftest.c >&5
configure:4598: $? = 0
configure:4602: test -z 
			 || test ! -s conftest.err
configure:4605: $? = 0
configure:4608: test -s conftest.o
configure:4611: $? = 0
configure:4700: gcc -o conftest    conftest.c  >&5
conftest.c: In function 'main':
conftest.c:31: warning: incompatible implicit declaration of built-in function 'exit'
configure:4703: $? = 0
configure:4705: ./conftest
configure:4708: $? = 0
configure:4723: result: yes
configure:4747: checking for sys/types.h
configure:4763: gcc -c   conftest.c >&5
configure:4769: $? = 0
configure:4773: test -z 
			 || test ! -s conftest.err
configure:4776: $? = 0
configure:4779: test -s conftest.o
configure:4782: $? = 0
configure:4793: result: yes
configure:4747: checking for sys/stat.h
configure:4763: gcc -c   conftest.c >&5
configure:4769: $? = 0
configure:4773: test -z 
			 || test ! -s conftest.err
configure:4776: $? = 0
configure:4779: test -s conftest.o
configure:4782: $? = 0
configure:4793: result: yes
configure:4747: checking for stdlib.h
configure:4763: gcc -c   conftest.c >&5
configure:4769: $? = 0
configure:4773: test -z 
			 || test ! -s conftest.err
configure:4776: $? = 0
configure:4779: test -s conftest.o
configure:4782: $? = 0
configure:4793: result: yes
configure:4747: checking for string.h
configure:4763: gcc -c   conftest.c >&5
configure:4769: $? = 0
configure:4773: test -z 
			 || test ! -s conftest.err
configure:4776: $? = 0
configure:4779: test -s conftest.o
configure:4782: $? = 0
configure:4793: result: yes
configure:4747: checking for memory.h
configure:4763: gcc -c   conftest.c >&5
configure:4769: $? = 0
configure:4773: test -z 
			 || test ! -s conftest.err
configure:4776: $? = 0
configure:4779: test -s conftest.o
configure:4782: $? = 0
configure:4793: result: yes
configure:4747: checking for strings.h
configure:4763: gcc -c   conftest.c >&5
configure:4769: $? = 0
configure:4773: test -z 
			 || test ! -s conftest.err
configure:4776: $? = 0
configure:4779: test -s conftest.o
configure:4782: $? = 0
configure:4793: result: yes
configure:4747: checking for inttypes.h
configure:4763: gcc -c   conftest.c >&5
configure:4769: $? = 0
configure:4773: test -z 
			 || test ! -s conftest.err
configure:4776: $? = 0
configure:4779: test -s conftest.o
configure:4782: $? = 0
configure:4793: result: yes
configure:4747: checking for stdint.h
configure:4763: gcc -c   conftest.c >&5
configure:4769: $? = 0
configure:4773: test -z 
			 || test ! -s conftest.err
configure:4776: $? = 0
configure:4779: test -s conftest.o
configure:4782: $? = 0
configure:4793: result: yes
configure:4747: checking for unistd.h
configure:4763: gcc -c   conftest.c >&5
configure:4769: $? = 0
configure:4773: test -z 
			 || test ! -s conftest.err
configure:4776: $? = 0
configure:4779: test -s conftest.o
configure:4782: $? = 0
configure:4793: result: yes
configure:4819: checking dlfcn.h usability
configure:4831: gcc -c   conftest.c >&5
configure:4837: $? = 0
configure:4841: test -z 
			 || test ! -s conftest.err
configure:4844: $? = 0
configure:4847: test -s conftest.o
configure:4850: $? = 0
configure:4860: result: yes
configure:4864: checking dlfcn.h presence
configure:4874: gcc -E  conftest.c
configure:4880: $? = 0
configure:4900: result: yes
configure:4935: checking for dlfcn.h
configure:4942: result: yes
configure:4965: checking how to run the C++ preprocessor
configure:4996: g++ -E  conftest.cc
configure:5002: $? = 0
configure:5034: g++ -E  conftest.cc
conftest.cc:25:28: error: ac_nonexistent.h: No such file or directory
configure:5040: $? = 1
configure: failed program was:
| /* confdefs.h.  */
| 
| #define PACKAGE_NAME ""
| #define PACKAGE_TARNAME ""
| #define PACKAGE_VERSION ""
| #define PACKAGE_STRING ""
| #define PACKAGE_BUGREPORT ""
| #define PACKAGE "mediainfo-gui"
| #define VERSION "0"
| #ifdef __cplusplus
| extern "C" void exit (int) throw ();
| #endif
| #define STDC_HEADERS 1
| #define HAVE_SYS_TYPES_H 1
| #define HAVE_SYS_STAT_H 1
| #define HAVE_STDLIB_H 1
| #define HAVE_STRING_H 1
| #define HAVE_MEMORY_H 1
| #define HAVE_STRINGS_H 1
| #define HAVE_INTTYPES_H 1
| #define HAVE_STDINT_H 1
| #define HAVE_UNISTD_H 1
| #define HAVE_DLFCN_H 1
| /* end confdefs.h.  */
| #include <ac_nonexistent.h>
configure:5079: result: g++ -E
configure:5103: g++ -E  conftest.cc
configure:5109: $? = 0
configure:5141: g++ -E  conftest.cc
conftest.cc:25:28: error: ac_nonexistent.h: No such file or directory
configure:5147: $? = 1
configure: failed program was:
| /* confdefs.h.  */
| 
| #define PACKAGE_NAME ""
| #define PACKAGE_TARNAME ""
| #define PACKAGE_VERSION ""
| #define PACKAGE_STRING ""
| #define PACKAGE_BUGREPORT ""
| #define PACKAGE "mediainfo-gui"
| #define VERSION "0"
| #ifdef __cplusplus
| extern "C" void exit (int) throw ();
| #endif
| #define STDC_HEADERS 1
| #define HAVE_SYS_TYPES_H 1
| #define HAVE_SYS_STAT_H 1
| #define HAVE_STDLIB_H 1
| #define HAVE_STRING_H 1
| #define HAVE_MEMORY_H 1
| #define HAVE_STRINGS_H 1
| #define HAVE_INTTYPES_H 1
| #define HAVE_STDINT_H 1
| #define HAVE_UNISTD_H 1
| #define HAVE_DLFCN_H 1
| /* end confdefs.h.  */
| #include <ac_nonexistent.h>
configure:5244: checking for g77
configure:5273: result: no
configure:5244: checking for f77
configure:5273: result: no
configure:5244: checking for xlf
configure:5273: result: no
configure:5244: checking for frt
configure:5273: result: no
configure:5244: checking for pgf77
configure:5273: result: no
configure:5244: checking for fort77
configure:5273: result: no
configure:5244: checking for fl32
configure:5273: result: no
configure:5244: checking for af77
configure:5273: result: no
configure:5244: checking for f90
configure:5273: result: no
configure:5244: checking for xlf90
configure:5273: result: no
configure:5244: checking for pgf90
configure:5273: result: no
configure:5244: checking for epcf90
configure:5273: result: no
configure:5244: checking for f95
configure:5273: result: no
configure:5244: checking for fort
configure:5273: result: no
configure:5244: checking for xlf95
configure:5273: result: no
configure:5244: checking for ifc
configure:5273: result: no
configure:5244: checking for efc
configure:5273: result: no
configure:5244: checking for pgf95
configure:5273: result: no
configure:5244: checking for lf95
configure:5273: result: no
configure:5244: checking for gfortran
configure:5273: result: no
configure:5285: checking for Fortran 77 compiler version
configure:5288:  --version </dev/null >&5
./configure: line 5289: --version: command not found
configure:5291: $? = 127
configure:5293:  -v </dev/null >&5
./configure: line 5294: -v: command not found
configure:5296: $? = 127
configure:5298:  -V </dev/null >&5
./configure: line 5299: -V: command not found
configure:5301: $? = 127
configure:5309: checking whether we are using the GNU Fortran 77 compiler
configure:5323:  -c  conftest.F >&5
./configure: line 5324: -c: command not found
configure:5329: $? = 127
configure: failed program was:
|       program main
| #ifndef __GNUC__
|        choke me
| #endif
| 
|       end
configure:5355: result: no
configure:5361: checking whether  accepts -g
configure:5373:  -c -g conftest.f >&5
./configure: line 5374: -c: command not found
configure:5379: $? = 127
configure: failed program was:
|       program main
| 
|       end
configure:5404: result: no
configure:5434: checking the maximum length of command line arguments
configure:5543: result: 32768
configure:5554: checking command to parse /usr/bin/nm -B output from gcc object
configure:5659: gcc -c   conftest.c >&5
configure:5662: $? = 0
configure:5666: /usr/bin/nm -B conftest.o \| sed -n -e 's/^.*[ 	]\([ABCDGIRSTW][ABCDGIRSTW]*\)[ 	][ 	]*\([_A-Za-z][_A-Za-z0-9]*\)$/\1 \2 \2/p' \> conftest.nm
configure:5669: $? = 0
configure:5721: gcc -o conftest    conftest.c conftstm.o >&5
configure:5724: $? = 0
configure:5762: result: ok
configure:5766: checking for objdir
configure:5781: result: .libs
configure:5871: checking for ar
configure:5887: found /usr/bin/ar
configure:5898: result: ar
configure:5951: checking for ranlib
configure:5967: found /usr/bin/ranlib
configure:5978: result: ranlib
configure:6031: checking for strip
configure:6047: found /usr/bin/strip
configure:6058: result: strip
configure:6330: checking if gcc supports -fno-rtti -fno-exceptions
configure:6348: gcc -c   -fno-rtti -fno-exceptions conftest.c >&5
cc1: warning: command line option "-fno-rtti" is valid for C++/ObjC++ but not for C
configure:6352: $? = 0
configure:6365: result: no
configure:6380: checking for gcc option to produce PIC
configure:6590: result: -fPIC
configure:6598: checking if gcc PIC flag -fPIC works
configure:6616: gcc -c   -fPIC -DPIC conftest.c >&5
configure:6620: $? = 0
configure:6633: result: yes
configure:6661: checking if gcc static flag -static works
configure:6689: result: yes
configure:6699: checking if gcc supports -c -o file.o
configure:6720: gcc -c   -o out/conftest2.o conftest.c >&5
configure:6724: $? = 0
configure:6746: result: yes
configure:6772: checking whether the gcc linker (/usr/bin/ld -m elf_x86_64) supports shared libraries
configure:7730: result: yes
configure:7751: checking whether -lc should be explicitly linked in
configure:7756: gcc -c   conftest.c >&5
configure:7759: $? = 0
configure:7774: gcc -shared conftest.o  -v -Wl,-soname -Wl,conftest -o conftest 2\>\&1 \| grep  -lc  \>/dev/null 2\>\&1
configure:7777: $? = 0
configure:7789: result: no
configure:7797: checking dynamic linker characteristics
configure:8190: gcc -c   conftest.c >&5
configure:8193: $? = 0
configure:8406: result: GNU/Linux ld.so
configure:8415: checking how to hardcode library paths into programs
configure:8440: result: immediate
configure:8454: checking whether stripping libraries is possible
configure:8459: result: yes
configure:9293: checking if libtool supports shared libraries
configure:9295: result: yes
configure:9298: checking whether to build shared libraries
configure:9319: result: yes
configure:9322: checking whether to build static libraries
configure:9326: result: yes
configure:9418: creating libtool
configure:10009: checking for ld used by g++
configure:10076: result: /usr/bin/ld -m elf_x86_64
configure:10085: checking if the linker (/usr/bin/ld -m elf_x86_64) is GNU ld
configure:10100: result: yes
configure:10151: checking whether the g++ linker (/usr/bin/ld -m elf_x86_64) supports shared libraries
configure:11089: result: yes
configure:11107: g++ -c   conftest.cpp >&5
configure:11110: $? = 0
configure:11229: checking for g++ option to produce PIC
configure:11503: result: -fPIC
configure:11511: checking if g++ PIC flag -fPIC works
configure:11529: g++ -c   -fPIC -DPIC conftest.cpp >&5
configure:11533: $? = 0
configure:11546: result: yes
configure:11574: checking if g++ static flag -static works
configure:11602: result: yes
configure:11612: checking if g++ supports -c -o file.o
configure:11633: g++ -c   -o out/conftest2.o conftest.cpp >&5
configure:11637: $? = 0
configure:11659: result: yes
configure:11685: checking whether the g++ linker (/usr/bin/ld -m elf_x86_64) supports shared libraries
configure:11710: result: yes
configure:11777: checking dynamic linker characteristics
configure:12170: g++ -c   conftest.cpp >&5
configure:12173: $? = 0
configure:12386: result: GNU/Linux ld.so
configure:12395: checking how to hardcode library paths into programs
configure:12420: result: immediate
configure:18637: checking for a BSD-compatible install
configure:18692: result: /usr/bin/install -c
configure:18950: checking for wx-config
configure:18969: found /usr/bin/wx-config
configure:18982: result: /usr/bin/wx-config
configure:18999: checking for wxWidgets version >= 2.6.0 (--unicode=yes --static=no)
configure:19043: result: yes (version 2.8.12)
configure:19047: checking for wxWidgets static library
configure:19054: result: yes
configure:19499: creating ./config.status

## ---------------------- ##
## Running config.status. ##
## ---------------------- ##

This file was extended by config.status, which was
generated by GNU Autoconf 2.59.  Invocation command line was

  CONFIG_FILES    = 
  CONFIG_HEADERS  = 
  CONFIG_LINKS    = 
  CONFIG_COMMANDS = 
  $ ./config.status 

on debian

config.status:717: creating Makefile
config.status:900: executing depfiles commands

## ---------------- ##
## Cache variables. ##
## ---------------- ##

ac_cv_build=x86_64-unknown-linux-gnu
ac_cv_build_alias=x86_64-unknown-linux-gnu
ac_cv_c_compiler_gnu=yes
ac_cv_cxx_compiler_gnu=yes
ac_cv_env_CC_set=
ac_cv_env_CC_value=
ac_cv_env_CFLAGS_set=
ac_cv_env_CFLAGS_value=
ac_cv_env_CPPFLAGS_set=
ac_cv_env_CPPFLAGS_value=
ac_cv_env_CPP_set=
ac_cv_env_CPP_value=
ac_cv_env_CXXCPP_set=
ac_cv_env_CXXCPP_value=
ac_cv_env_CXXFLAGS_set=
ac_cv_env_CXXFLAGS_value=
ac_cv_env_CXX_set=
ac_cv_env_CXX_value=
ac_cv_env_F77_set=
ac_cv_env_F77_value=
ac_cv_env_FFLAGS_set=
ac_cv_env_FFLAGS_value=
ac_cv_env_LDFLAGS_set=
ac_cv_env_LDFLAGS_value=
ac_cv_env_build_alias_set=
ac_cv_env_build_alias_value=
ac_cv_env_host_alias_set=
ac_cv_env_host_alias_value=
ac_cv_env_target_alias_set=
ac_cv_env_target_alias_value=
ac_cv_exeext=
ac_cv_f77_compiler_gnu=no
ac_cv_header_dlfcn_h=yes
ac_cv_header_inttypes_h=yes
ac_cv_header_memory_h=yes
ac_cv_header_stdc=yes
ac_cv_header_stdint_h=yes
ac_cv_header_stdlib_h=yes
ac_cv_header_string_h=yes
ac_cv_header_strings_h=yes
ac_cv_header_sys_stat_h=yes
ac_cv_header_sys_types_h=yes
ac_cv_header_unistd_h=yes
ac_cv_host=x86_64-unknown-linux-gnu
ac_cv_host_alias=x86_64-unknown-linux-gnu
ac_cv_objext=o
ac_cv_path_WX_CONFIG_PATH=/usr/bin/wx-config
ac_cv_path_install='/usr/bin/install -c'
ac_cv_prog_AWK=gawk
ac_cv_prog_CPP='gcc -E'
ac_cv_prog_CXXCPP='g++ -E'
ac_cv_prog_ac_ct_AR=ar
ac_cv_prog_ac_ct_CC=gcc
ac_cv_prog_ac_ct_CXX=g++
ac_cv_prog_ac_ct_RANLIB=ranlib
ac_cv_prog_ac_ct_STRIP=strip
ac_cv_prog_cc_g=yes
ac_cv_prog_cc_stdc=
ac_cv_prog_cxx_g=yes
ac_cv_prog_egrep='grep -E'
ac_cv_prog_f77_g=no
ac_cv_prog_make_make_set=yes
am_cv_CC_dependencies_compiler_type=gcc3
am_cv_CXX_dependencies_compiler_type=gcc3
lt_cv_deplibs_check_method=pass_all
lt_cv_file_magic_cmd='$MAGIC_CMD'
lt_cv_file_magic_test_file=
lt_cv_ld_reload_flag=-r
lt_cv_objdir=.libs
lt_cv_path_LD=/usr/bin/ld
lt_cv_path_LDCXX='/usr/bin/ld -m elf_x86_64'
lt_cv_path_NM='/usr/bin/nm -B'
lt_cv_path_SED=/bin/sed
lt_cv_prog_compiler_c_o=yes
lt_cv_prog_compiler_c_o_CXX=yes
lt_cv_prog_compiler_rtti_exceptions=no
lt_cv_prog_gnu_ld=yes
lt_cv_prog_gnu_ldcxx=yes
lt_cv_sys_global_symbol_pipe='sed -n -e '\''s/^.*[ 	]\([ABCDGIRSTW][ABCDGIRSTW]*\)[ 	][ 	]*\([_A-Za-z][_A-Za-z0-9]*\)$/\1 \2 \2/p'\'''
lt_cv_sys_global_symbol_to_c_name_address='sed -n -e '\''s/^: \([^ ]*\) $/  {\"\1\", (lt_ptr) 0},/p'\'' -e '\''s/^[BCDEGRST] \([^ ]*\) \([^ ]*\)$/  {"\2", (lt_ptr) \&\2},/p'\'''
lt_cv_sys_global_symbol_to_cdecl='sed -n -e '\''s/^. .* \(.*\)$/extern int \1;/p'\'''
lt_cv_sys_max_cmd_len=32768
lt_lt_cv_prog_compiler_c_o='"yes"'
lt_lt_cv_prog_compiler_c_o_CXX='"yes"'
lt_lt_cv_sys_global_symbol_pipe='"sed -n -e '\''s/^.*[ 	]\\([ABCDGIRSTW][ABCDGIRSTW]*\\)[ 	][ 	]*\\([_A-Za-z][_A-Za-z0-9]*\\)\$/\\1 \\2 \\2/p'\''"'
lt_lt_cv_sys_global_symbol_to_c_name_address='"sed -n -e '\''s/^: \\([^ ]*\\) \$/  {\\\"\\1\\\", (lt_ptr) 0},/p'\'' -e '\''s/^[BCDEGRST] \\([^ ]*\\) \\([^ ]*\\)\$/  {\"\\2\", (lt_ptr) \\&\\2},/p'\''"'
lt_lt_cv_sys_global_symbol_to_cdecl='"sed -n -e '\''s/^. .* \\(.*\\)\$/extern int \\1;/p'\''"'

## ----------------- ##
## Output variables. ##
## ----------------- ##

ACLOCAL='${SHELL} /home/cedar/.cedar/local/video/mediainfo/MediaInfo/Project/GNU/GUI/missing --run aclocal-1.9'
AMDEPBACKSLASH='\'
AMDEP_FALSE='#'
AMDEP_TRUE=''
AMTAR='${SHELL} /home/cedar/.cedar/local/video/mediainfo/MediaInfo/Project/GNU/GUI/missing --run tar'
AR='ar'
AUTOCONF='${SHELL} /home/cedar/.cedar/local/video/mediainfo/MediaInfo/Project/GNU/GUI/missing --run autoconf'
AUTOHEADER='${SHELL} /home/cedar/.cedar/local/video/mediainfo/MediaInfo/Project/GNU/GUI/missing --run autoheader'
AUTOMAKE='${SHELL} /home/cedar/.cedar/local/video/mediainfo/MediaInfo/Project/GNU/GUI/missing --run automake-1.9'
AWK='gawk'
CC='gcc'
CCDEPMODE='depmode=gcc3'
CFLAGS=' -I/usr/lib/x86_64-linux-gnu/wx/include/gtk2-unicode-release-2.8 -I/usr/include/wx-2.8 -D_FILE_OFFSET_BITS=64 -D_LARGE_FILES -D__WXGTK__ -pthread -O2'
CPP='gcc -E'
CPPFLAGS=''
CXX='g++'
CXXCPP='g++ -E'
CXXDEPMODE='depmode=gcc3'
CXXFLAGS=' -I/usr/lib/x86_64-linux-gnu/wx/include/gtk2-unicode-release-2.8 -I/usr/include/wx-2.8 -D_FILE_OFFSET_BITS=64 -D_LARGE_FILES -D__WXGTK__ -pthread -O2 -DUNICODE -DUNICODE -DSIZE_T_IS_LONG'
CYGPATH_W='echo'
DEFS='-DPACKAGE_NAME=\"\" -DPACKAGE_TARNAME=\"\" -DPACKAGE_VERSION=\"\" -DPACKAGE_STRING=\"\" -DPACKAGE_BUGREPORT=\"\" -DPACKAGE=\"mediainfo-gui\" -DVERSION=\"0\" -DSTDC_HEADERS=1 -DHAVE_SYS_TYPES_H=1 -DHAVE_SYS_STAT_H=1 -DHAVE_STDLIB_H=1 -DHAVE_STRING_H=1 -DHAVE_MEMORY_H=1 -DHAVE_STRINGS_H=1 -DHAVE_INTTYPES_H=1 -DHAVE_STDINT_H=1 -DHAVE_UNISTD_H=1 -DHAVE_DLFCN_H=1 -DUNICODE=1 '
DEPDIR='.deps'
ECHO='echo'
ECHO_C=''
ECHO_N='-n'
ECHO_T=''
EGREP='grep -E'
EXEEXT=''
F77=''
FFLAGS=''
INSTALL_DATA='${INSTALL} -m 644'
INSTALL_PROGRAM='${INSTALL}'
INSTALL_SCRIPT='${INSTALL}'
INSTALL_STRIP_PROGRAM='${SHELL} $(install_sh) -c -s'
LDFLAGS=''
LIBOBJS=''
LIBS=' -L/usr/lib/x86_64-linux-gnu -pthread   -L/usr/lib/x86_64-linux-gnu   -lwx_gtk2u_richtext-2.8 -lwx_gtk2u_aui-2.8 -lwx_gtk2u_xrc-2.8 -lwx_gtk2u_qa-2.8 -lwx_gtk2u_html-2.8 -lwx_gtk2u_adv-2.8 -lwx_gtk2u_core-2.8 -lwx_baseu_xml-2.8 -lwx_baseu_net-2.8 -lwx_baseu-2.8  -L/home/cedar/.cedar/local/video/mediainfo/MediaInfoLib/Project/GNU/Library -lmediainfo -lz -L/home/cedar/.cedar/local/video/mediainfo/ZenLib/Project/GNU/Library -lzen -lpthread -lstdc++ -L/home/cedar/.cedar/local/video/mediainfo/ZenLib/Project/GNU/Library -lzen -lpthread -lstdc++'
LIBTOOL='$(SHELL) $(top_builddir)/libtool'
LN_S='ln -s'
LTLIBOBJS=''
MAKEINFO='${SHELL} /home/cedar/.cedar/local/video/mediainfo/MediaInfo/Project/GNU/GUI/missing --run makeinfo'
OBJEXT='o'
PACKAGE='mediainfo-gui'
PACKAGE_BUGREPORT=''
PACKAGE_NAME=''
PACKAGE_STRING=''
PACKAGE_TARNAME=''
PACKAGE_VERSION=''
PATH_SEPARATOR=':'
RANLIB='ranlib'
SED='/bin/sed'
SET_MAKE=''
SHELL='/bin/bash'
STRIP='strip'
VERSION='0'
WX_CFLAGS='-I/usr/lib/x86_64-linux-gnu/wx/include/gtk2-unicode-release-2.8 -I/usr/include/wx-2.8 -D_FILE_OFFSET_BITS=64 -D_LARGE_FILES -D__WXGTK__ -DwxUSE_GUI=0 -pthread'
WX_CFLAGS_ONLY='-pthread'
WX_CONFIG_PATH='/usr/bin/wx-config'
WX_CPPFLAGS='-I/usr/lib/x86_64-linux-gnu/wx/include/gtk2-unicode-release-2.8 -I/usr/include/wx-2.8 -D_FILE_OFFSET_BITS=64 -D_LARGE_FILES -D__WXGTK__ -DwxUSE_GUI=0'
WX_CXXFLAGS='-I/usr/lib/x86_64-linux-gnu/wx/include/gtk2-unicode-release-2.8 -I/usr/include/wx-2.8 -D_FILE_OFFSET_BITS=64 -D_LARGE_FILES -D__WXGTK__ -DwxUSE_GUI=0 -pthread'
WX_CXXFLAGS_ONLY=''
WX_LIBS='-L/usr/lib/x86_64-linux-gnu -pthread   -L/usr/lib/x86_64-linux-gnu   -lwx_baseu-2.8 '
WX_LIBS_STATIC='-L/usr/lib/x86_64-linux-gnu -pthread   -L/usr/lib/x86_64-linux-gnu   -lwx_baseu-2.8 '
WX_RESCOMP=''
WX_VERSION='2.8.12'
ac_ct_AR='ar'
ac_ct_CC='gcc'
ac_ct_CXX='g++'
ac_ct_F77=''
ac_ct_RANLIB='ranlib'
ac_ct_STRIP='strip'
am__fastdepCC_FALSE='#'
am__fastdepCC_TRUE=''
am__fastdepCXX_FALSE='#'
am__fastdepCXX_TRUE=''
am__include='include'
am__leading_dot='.'
am__quote=''
am__tar='${AMTAR} chof - "$$tardir"'
am__untar='${AMTAR} xf -'
bindir='${exec_prefix}/bin'
build='x86_64-unknown-linux-gnu'
build_alias=''
build_cpu='x86_64'
build_os='linux-gnu'
build_vendor='unknown'
datadir='${prefix}/share'
exec_prefix='${prefix}'
host='x86_64-unknown-linux-gnu'
host_alias=''
host_cpu='x86_64'
host_os='linux-gnu'
host_vendor='unknown'
includedir='${prefix}/include'
infodir='${prefix}/info'
install_sh='/home/cedar/.cedar/local/video/mediainfo/MediaInfo/Project/GNU/GUI/install-sh'
libdir='${exec_prefix}/lib'
libexecdir='${exec_prefix}/libexec'
localstatedir='${prefix}/var'
mandir='${prefix}/man'
mkdir_p='mkdir -p --'
oldincludedir='/usr/include'
prefix='/usr/local'
program_transform_name='s,x,x,'
sbindir='${exec_prefix}/sbin'
sharedstatedir='${prefix}/com'
sysconfdir='${prefix}/etc'
target_alias=''

## ----------- ##
## confdefs.h. ##
## ----------- ##

#define HAVE_DLFCN_H 1
#define HAVE_INTTYPES_H 1
#define HAVE_MEMORY_H 1
#define HAVE_STDINT_H 1
#define HAVE_STDLIB_H 1
#define HAVE_STRINGS_H 1
#define HAVE_STRING_H 1
#define HAVE_SYS_STAT_H 1
#define HAVE_SYS_TYPES_H 1
#define HAVE_UNISTD_H 1
#define PACKAGE "mediainfo-gui"
#define PACKAGE_BUGREPORT ""
#define PACKAGE_NAME ""
#define PACKAGE_STRING ""
#define PACKAGE_TARNAME ""
#define PACKAGE_VERSION ""
#define STDC_HEADERS 1
#define UNICODE 1
#define VERSION "0"
#endif
#ifdef __cplusplus
extern "C" void exit (int) throw ();

configure: exit 0
