This file contains any messages produced by compilers while
running configure, to aid debugging if configure makes a mistake.

It was created by mpeg4ip configure 1.6.1, which was
generated by GNU Autoconf 2.61.  Invocation command line was

  $ ./configure 

## --------- ##
## Platform. ##
## --------- ##

hostname = debian
uname -m = x86_64
uname -r = 2.6.32-5-amd64
uname -s = Linux
uname -v = #1 SMP Fri Feb 15 15:39:52 UTC 2013

/usr/bin/uname -p = unknown
/bin/uname -X     = unknown

/bin/arch              = unknown
/usr/bin/arch -k       = unknown
/usr/convex/getsysinfo = unknown
/usr/bin/hostinfo      = unknown
/bin/machine           = unknown
/usr/bin/oslevel       = unknown
/bin/universe          = unknown

PATH: /home/cedar/.cedar/bin
PATH: /home/cedar/bin
PATH: /usr/local/bin
PATH: /usr/bin
PATH: /bin
PATH: /usr/local/games
PATH: /usr/games


## ----------- ##
## Core tests. ##
## ----------- ##

configure:2044: checking for ./bootstrapped
configure:2059: result: yes
configure:2112: checking build system type
configure:2130: result: x86_64-unknown-linux-gnu
configure:2152: checking host system type
configure:2167: result: x86_64-unknown-linux-gnu
configure:2189: checking target system type
configure:2204: result: x86_64-unknown-linux-gnu
configure:2247: checking for a BSD-compatible install
configure:2303: result: /usr/bin/install -c
configure:2314: checking whether build environment is sane
configure:2357: result: yes
configure:2422: checking for gawk
configure:2452: result: no
configure:2422: checking for mawk
configure:2438: found /usr/bin/mawk
configure:2449: result: mawk
configure:2460: checking whether make sets $(MAKE)
configure:2481: result: yes
configure:2784: checking for style of include used by make
configure:2812: result: GNU
configure:2885: checking for gcc
configure:2901: found /usr/bin/gcc
configure:2912: result: gcc
configure:3150: checking for C compiler version
configure:3157: gcc --version >&5
gcc (Debian 4.4.5-8) 4.4.5
Copyright (C) 2010 Free Software Foundation, Inc.
This is free software; see the source for copying conditions.  There is NO
warranty; not even for MERCHANTABILITY or FITNESS FOR A PARTICULAR PURPOSE.

configure:3160: $? = 0
configure:3167: gcc -v >&5
Using built-in specs.
Target: x86_64-linux-gnu
Configured with: ../src/configure -v --with-pkgversion='Debian 4.4.5-8' --with-bugurl=file:///usr/share/doc/gcc-4.4/README.Bugs --enable-languages=c,c++,fortran,objc,obj-c++ --prefix=/usr --program-suffix=-4.4 --enable-shared --enable-multiarch --enable-linker-build-id --with-system-zlib --libexecdir=/usr/lib --without-included-gettext --enable-threads=posix --with-gxx-include-dir=/usr/include/c++/4.4 --libdir=/usr/lib --enable-nls --enable-clocale=gnu --enable-libstdcxx-debug --enable-objc-gc --with-arch-32=i586 --with-tune=generic --enable-checking=release --build=x86_64-linux-gnu --host=x86_64-linux-gnu --target=x86_64-linux-gnu
Thread model: posix
gcc version 4.4.5 (Debian 4.4.5-8) 
configure:3170: $? = 0
configure:3177: gcc -V >&5
gcc: '-V' option must have argument
configure:3180: $? = 1
configure:3203: checking for C compiler default output file name
configure:3230: gcc    conftest.c  >&5
configure:3233: $? = 0
configure:3271: result: a.out
configure:3288: checking whether the C compiler works
configure:3298: ./a.out
configure:3301: $? = 0
configure:3318: result: yes
configure:3325: checking whether we are cross compiling
configure:3327: result: no
configure:3330: checking for suffix of executables
configure:3337: gcc -o conftest    conftest.c  >&5
configure:3340: $? = 0
configure:3364: result: 
configure:3370: checking for suffix of object files
configure:3396: gcc -c   conftest.c >&5
configure:3399: $? = 0
configure:3422: result: o
configure:3426: checking whether we are using the GNU C compiler
configure:3455: gcc -c   conftest.c >&5
configure:3461: $? = 0
configure:3478: result: yes
configure:3483: checking whether gcc accepts -g
configure:3513: gcc -c -g  conftest.c >&5
configure:3519: $? = 0
configure:3618: result: yes
configure:3635: checking for gcc option to accept ISO C89
configure:3709: gcc  -c -g -O2  conftest.c >&5
configure:3715: $? = 0
configure:3738: result: none needed
configure:3758: checking dependency style of gcc
configure:3848: result: gcc3
configure:3865: checking for a sed that does not truncate output
configure:3921: result: /bin/sed
configure:3924: checking for grep that handles long lines and -e
configure:3998: result: /bin/grep
configure:4003: checking for egrep
configure:4081: result: /bin/grep -E
configure:4097: checking for ld used by gcc
configure:4164: result: /usr/bin/ld
configure:4173: checking if the linker (/usr/bin/ld) is GNU ld
configure:4188: result: yes
configure:4193: checking for /usr/bin/ld option to reload object files
configure:4200: result: -r
configure:4218: checking for BSD-compatible nm
configure:4267: result: /usr/bin/nm -B
configure:4271: checking whether ln -s works
configure:4275: result: yes
configure:4282: checking how to recognize dependent libraries
configure:4468: result: pass_all
configure:4557: gcc -c -g -O2  conftest.c >&5
configure:4560: $? = 0
configure:4709: checking how to run the C preprocessor
configure:4749: gcc -E  conftest.c
configure:4755: $? = 0
configure:4786: gcc -E  conftest.c
conftest.c:8:28: error: ac_nonexistent.h: No such file or directory
configure:4792: $? = 1
configure: failed program was:
| /* confdefs.h.  */
| #define PACKAGE_NAME "mpeg4ip"
| #define PACKAGE_TARNAME "mpeg4ip"
| #define PACKAGE_VERSION "1.6.1"
| #define PACKAGE_STRING "mpeg4ip 1.6.1"
| #define PACKAGE_BUGREPORT ""
| /* end confdefs.h.  */
| #include <ac_nonexistent.h>
configure:4825: result: gcc -E
configure:4854: gcc -E  conftest.c
configure:4860: $? = 0
configure:4891: gcc -E  conftest.c
conftest.c:8:28: error: ac_nonexistent.h: No such file or directory
configure:4897: $? = 1
configure: failed program was:
| /* confdefs.h.  */
| #define PACKAGE_NAME "mpeg4ip"
| #define PACKAGE_TARNAME "mpeg4ip"
| #define PACKAGE_VERSION "1.6.1"
| #define PACKAGE_STRING "mpeg4ip 1.6.1"
| #define PACKAGE_BUGREPORT ""
| /* end confdefs.h.  */
| #include <ac_nonexistent.h>
configure:4935: checking for ANSI C header files
configure:4965: gcc -c -g -O2  conftest.c >&5
configure:4971: $? = 0
configure:5070: gcc -o conftest -g -O2   conftest.c  >&5
configure:5073: $? = 0
configure:5079: ./conftest
configure:5082: $? = 0
configure:5099: result: yes
configure:5123: checking for sys/types.h
configure:5144: gcc -c -g -O2  conftest.c >&5
configure:5150: $? = 0
configure:5166: result: yes
configure:5123: checking for sys/stat.h
configure:5144: gcc -c -g -O2  conftest.c >&5
configure:5150: $? = 0
configure:5166: result: yes
configure:5123: checking for stdlib.h
configure:5144: gcc -c -g -O2  conftest.c >&5
configure:5150: $? = 0
configure:5166: result: yes
configure:5123: checking for string.h
configure:5144: gcc -c -g -O2  conftest.c >&5
configure:5150: $? = 0
configure:5166: result: yes
configure:5123: checking for memory.h
configure:5144: gcc -c -g -O2  conftest.c >&5
configure:5150: $? = 0
configure:5166: result: yes
configure:5123: checking for strings.h
configure:5144: gcc -c -g -O2  conftest.c >&5
configure:5150: $? = 0
configure:5166: result: yes
configure:5123: checking for inttypes.h
configure:5144: gcc -c -g -O2  conftest.c >&5
configure:5150: $? = 0
configure:5166: result: yes
configure:5123: checking for stdint.h
configure:5144: gcc -c -g -O2  conftest.c >&5
configure:5150: $? = 0
configure:5166: result: yes
configure:5123: checking for unistd.h
configure:5144: gcc -c -g -O2  conftest.c >&5
configure:5150: $? = 0
configure:5166: result: yes
configure:5193: checking dlfcn.h usability
configure:5210: gcc -c -g -O2  conftest.c >&5
configure:5216: $? = 0
configure:5230: result: yes
configure:5234: checking dlfcn.h presence
configure:5249: gcc -E  conftest.c
configure:5255: $? = 0
configure:5269: result: yes
configure:5297: checking for dlfcn.h
configure:5305: result: yes
configure:5376: checking for g++
configure:5392: found /usr/bin/g++
configure:5403: result: g++
configure:5434: checking for C++ compiler version
configure:5441: g++ --version >&5
g++ (Debian 4.4.5-8) 4.4.5
Copyright (C) 2010 Free Software Foundation, Inc.
This is free software; see the source for copying conditions.  There is NO
warranty; not even for MERCHANTABILITY or FITNESS FOR A PARTICULAR PURPOSE.

configure:5444: $? = 0
configure:5451: g++ -v >&5
Using built-in specs.
Target: x86_64-linux-gnu
Configured with: ../src/configure -v --with-pkgversion='Debian 4.4.5-8' --with-bugurl=file:///usr/share/doc/gcc-4.4/README.Bugs --enable-languages=c,c++,fortran,objc,obj-c++ --prefix=/usr --program-suffix=-4.4 --enable-shared --enable-multiarch --enable-linker-build-id --with-system-zlib --libexecdir=/usr/lib --without-included-gettext --enable-threads=posix --with-gxx-include-dir=/usr/include/c++/4.4 --libdir=/usr/lib --enable-nls --enable-clocale=gnu --enable-libstdcxx-debug --enable-objc-gc --with-arch-32=i586 --with-tune=generic --enable-checking=release --build=x86_64-linux-gnu --host=x86_64-linux-gnu --target=x86_64-linux-gnu
Thread model: posix
gcc version 4.4.5 (Debian 4.4.5-8) 
configure:5454: $? = 0
configure:5461: g++ -V >&5
g++: '-V' option must have argument
configure:5464: $? = 1
configure:5467: checking whether we are using the GNU C++ compiler
configure:5496: g++ -c   conftest.cpp >&5
configure:5502: $? = 0
configure:5519: result: yes
configure:5524: checking whether g++ accepts -g
configure:5554: g++ -c -g  conftest.cpp >&5
configure:5560: $? = 0
configure:5659: result: yes
configure:5684: checking dependency style of g++
configure:5774: result: gcc3
configure:5801: checking how to run the C++ preprocessor
configure:5837: g++ -E  conftest.cpp
configure:5843: $? = 0
configure:5874: g++ -E  conftest.cpp
conftest.cpp:19:28: error: ac_nonexistent.h: No such file or directory
configure:5880: $? = 1
configure: failed program was:
| /* confdefs.h.  */
| #define PACKAGE_NAME "mpeg4ip"
| #define PACKAGE_TARNAME "mpeg4ip"
| #define PACKAGE_VERSION "1.6.1"
| #define PACKAGE_STRING "mpeg4ip 1.6.1"
| #define PACKAGE_BUGREPORT ""
| #define STDC_HEADERS 1
| #define HAVE_SYS_TYPES_H 1
| #define HAVE_SYS_STAT_H 1
| #define HAVE_STDLIB_H 1
| #define HAVE_STRING_H 1
| #define HAVE_MEMORY_H 1
| #define HAVE_STRINGS_H 1
| #define HAVE_INTTYPES_H 1
| #define HAVE_STDINT_H 1
| #define HAVE_UNISTD_H 1
| #define HAVE_DLFCN_H 1
| /* end confdefs.h.  */
| #include <ac_nonexistent.h>
configure:5913: result: g++ -E
configure:5942: g++ -E  conftest.cpp
configure:5948: $? = 0
configure:5979: g++ -E  conftest.cpp
conftest.cpp:19:28: error: ac_nonexistent.h: No such file or directory
configure:5985: $? = 1
configure: failed program was:
| /* confdefs.h.  */
| #define PACKAGE_NAME "mpeg4ip"
| #define PACKAGE_TARNAME "mpeg4ip"
| #define PACKAGE_VERSION "1.6.1"
| #define PACKAGE_STRING "mpeg4ip 1.6.1"
| #define PACKAGE_BUGREPORT ""
| #define STDC_HEADERS 1
| #define HAVE_SYS_TYPES_H 1
| #define HAVE_SYS_STAT_H 1
| #define HAVE_STDLIB_H 1
| #define HAVE_STRING_H 1
| #define HAVE_MEMORY_H 1
| #define HAVE_STRINGS_H 1
| #define HAVE_INTTYPES_H 1
| #define HAVE_STDINT_H 1
| #define HAVE_UNISTD_H 1
| #define HAVE_DLFCN_H 1
| /* end confdefs.h.  */
| #include <ac_nonexistent.h>
configure:6078: checking for g77
configure:6108: result: no
configure:6078: checking for xlf
configure:6108: result: no
configure:6078: checking for f77
configure:6108: result: no
configure:6078: checking for frt
configure:6108: result: no
configure:6078: checking for pgf77
configure:6108: result: no
configure:6078: checking for cf77
configure:6108: result: no
configure:6078: checking for fort77
configure:6108: result: no
configure:6078: checking for fl32
configure:6108: result: no
configure:6078: checking for af77
configure:6108: result: no
configure:6078: checking for xlf90
configure:6108: result: no
configure:6078: checking for f90
configure:6108: result: no
configure:6078: checking for pgf90
configure:6108: result: no
configure:6078: checking for pghpf
configure:6108: result: no
configure:6078: checking for epcf90
configure:6108: result: no
configure:6078: checking for gfortran
configure:6108: result: no
configure:6078: checking for g95
configure:6108: result: no
configure:6078: checking for xlf95
configure:6108: result: no
configure:6078: checking for f95
configure:6108: result: no
configure:6078: checking for fort
configure:6108: result: no
configure:6078: checking for ifort
configure:6108: result: no
configure:6078: checking for ifc
configure:6108: result: no
configure:6078: checking for efc
configure:6108: result: no
configure:6078: checking for pgf95
configure:6108: result: no
configure:6078: checking for lf95
configure:6108: result: no
configure:6078: checking for ftn
configure:6108: result: no
configure:6135: checking for Fortran 77 compiler version
configure:6142:  --version >&5
./configure: line 6143: --version: command not found
configure:6145: $? = 127
configure:6152:  -v >&5
./configure: line 6153: -v: command not found
configure:6155: $? = 127
configure:6162:  -V >&5
./configure: line 6163: -V: command not found
configure:6165: $? = 127
configure:6173: checking whether we are using the GNU Fortran 77 compiler
configure:6192:  -c  conftest.F >&5
./configure: line 6193: -c: command not found
configure:6198: $? = 127
configure: failed program was:
|       program main
| #ifndef __GNUC__
|        choke me
| #endif
| 
|       end
configure:6215: result: no
configure:6221: checking whether  accepts -g
configure:6238:  -c -g conftest.f >&5
./configure: line 6239: -c: command not found
configure:6244: $? = 127
configure: failed program was:
|       program main
| 
|       end
configure:6260: result: no
configure:6290: checking the maximum length of command line arguments
configure:6402: result: 1572864
configure:6414: checking command to parse /usr/bin/nm -B output from gcc object
configure:6519: gcc -c -g -O2  conftest.c >&5
configure:6522: $? = 0
configure:6526: /usr/bin/nm -B conftest.o \| sed -n -e 's/^.*[ 	]\([ABCDGIRSTW][ABCDGIRSTW]*\)[ 	][ 	]*\([_A-Za-z][_A-Za-z0-9]*\)$/\1 \2 \2/p' \> conftest.nm
configure:6529: $? = 0
configure:6581: gcc -o conftest -g -O2   conftest.c conftstm.o >&5
configure:6584: $? = 0
configure:6622: result: ok
configure:6626: checking for objdir
configure:6641: result: .libs
configure:6733: checking for ar
configure:6749: found /usr/bin/ar
configure:6760: result: ar
configure:6829: checking for ranlib
configure:6845: found /usr/bin/ranlib
configure:6856: result: ranlib
configure:6925: checking for strip
configure:6941: found /usr/bin/strip
configure:6952: result: strip
configure:7238: checking if gcc supports -fno-rtti -fno-exceptions
configure:7256: gcc -c -g -O2  -fno-rtti -fno-exceptions conftest.c >&5
cc1: warning: command line option "-fno-rtti" is valid for C++/ObjC++ but not for C
configure:7260: $? = 0
configure:7273: result: no
configure:7288: checking for gcc option to produce PIC
configure:7520: result: -fPIC
configure:7528: checking if gcc PIC flag -fPIC works
configure:7546: gcc -c -g -O2  -fPIC -DPIC conftest.c >&5
configure:7550: $? = 0
configure:7563: result: yes
configure:7591: checking if gcc static flag -static works
configure:7619: result: yes
configure:7629: checking if gcc supports -c -o file.o
configure:7650: gcc -c -g -O2  -o out/conftest2.o conftest.c >&5
configure:7654: $? = 0
configure:7676: result: yes
configure:7702: checking whether the gcc linker (/usr/bin/ld -m elf_x86_64) supports shared libraries
configure:8682: result: yes
configure:8703: checking whether -lc should be explicitly linked in
configure:8708: gcc -c -g -O2  conftest.c >&5
configure:8711: $? = 0
configure:8726: gcc -shared conftest.o  -v -Wl,-soname -Wl,conftest -o conftest 2\>\&1 \| grep  -lc  \>/dev/null 2\>\&1
configure:8729: $? = 0
configure:8741: result: no
configure:8749: checking dynamic linker characteristics
configure:9351: result: GNU/Linux ld.so
configure:9360: checking how to hardcode library paths into programs
configure:9385: result: immediate
configure:9399: checking whether stripping libraries is possible
configure:9404: result: yes
configure:9528: checking for shl_load
configure:9584: gcc -o conftest -g -O2   conftest.c  >&5
/tmp/cckE5vpv.o: In function `main':
/home/cedar/.cedar/local/video/mpeg4ip-1.6.1/conftest.c:53: undefined reference to `shl_load'
collect2: ld returned 1 exit status
configure:9590: $? = 1
configure: failed program was:
| /* confdefs.h.  */
| #define PACKAGE_NAME "mpeg4ip"
| #define PACKAGE_TARNAME "mpeg4ip"
| #define PACKAGE_VERSION "1.6.1"
| #define PACKAGE_STRING "mpeg4ip 1.6.1"
| #define PACKAGE_BUGREPORT ""
| #define STDC_HEADERS 1
| #define HAVE_SYS_TYPES_H 1
| #define HAVE_SYS_STAT_H 1
| #define HAVE_STDLIB_H 1
| #define HAVE_STRING_H 1
| #define HAVE_MEMORY_H 1
| #define HAVE_STRINGS_H 1
| #define HAVE_INTTYPES_H 1
| #define HAVE_STDINT_H 1
| #define HAVE_UNISTD_H 1
| #define HAVE_DLFCN_H 1
| /* end confdefs.h.  */
| /* Define shl_load to an innocuous variant, in case <limits.h> declares shl_load.
|    For example, HP-UX 11i <limits.h> declares gettimeofday.  */
| #define shl_load innocuous_shl_load
| 
| /* System header to define __stub macros and hopefully few prototypes,
|     which can conflict with char shl_load (); below.
|     Prefer <limits.h> to <assert.h> if __STDC__ is defined, since
|     <limits.h> exists even on freestanding compilers.  */
| 
| #ifdef __STDC__
| # include <limits.h>
| #else
| # include <assert.h>
| #endif
| 
| #undef shl_load
| 
| /* Override any GCC internal prototype to avoid an error.
|    Use char because int might match the return type of a GCC
|    builtin and then its argument prototype would still apply.  */
| #ifdef __cplusplus
| extern "C"
| #endif
| char shl_load ();
| /* The GNU C library defines this for functions which it implements
|     to always fail with ENOSYS.  Some functions are actually named
|     something starting with __ and the normal name is an alias.  */
| #if defined __stub_shl_load || defined __stub___shl_load
| choke me
| #endif
| 
| int
| main ()
| {
| return shl_load ();
|   ;
|   return 0;
| }
configure:9607: result: no
configure:9612: checking for shl_load in -ldld
configure:9647: gcc -o conftest -g -O2   conftest.c -ldld   >&5
/usr/bin/ld: cannot find -ldld
collect2: ld returned 1 exit status
configure:9653: $? = 1
configure: failed program was:
| /* confdefs.h.  */
| #define PACKAGE_NAME "mpeg4ip"
| #define PACKAGE_TARNAME "mpeg4ip"
| #define PACKAGE_VERSION "1.6.1"
| #define PACKAGE_STRING "mpeg4ip 1.6.1"
| #define PACKAGE_BUGREPORT ""
| #define STDC_HEADERS 1
| #define HAVE_SYS_TYPES_H 1
| #define HAVE_SYS_STAT_H 1
| #define HAVE_STDLIB_H 1
| #define HAVE_STRING_H 1
| #define HAVE_MEMORY_H 1
| #define HAVE_STRINGS_H 1
| #define HAVE_INTTYPES_H 1
| #define HAVE_STDINT_H 1
| #define HAVE_UNISTD_H 1
| #define HAVE_DLFCN_H 1
| /* end confdefs.h.  */
| 
| /* Override any GCC internal prototype to avoid an error.
|    Use char because int might match the return type of a GCC
|    builtin and then its argument prototype would still apply.  */
| #ifdef __cplusplus
| extern "C"
| #endif
| char shl_load ();
| int
| main ()
| {
| return shl_load ();
|   ;
|   return 0;
| }
configure:9671: result: no
configure:9676: checking for dlopen
configure:9732: gcc -o conftest -g -O2   conftest.c  >&5
/tmp/ccxv8rsA.o: In function `main':
/home/cedar/.cedar/local/video/mpeg4ip-1.6.1/conftest.c:53: undefined reference to `dlopen'
collect2: ld returned 1 exit status
configure:9738: $? = 1
configure: failed program was:
| /* confdefs.h.  */
| #define PACKAGE_NAME "mpeg4ip"
| #define PACKAGE_TARNAME "mpeg4ip"
| #define PACKAGE_VERSION "1.6.1"
| #define PACKAGE_STRING "mpeg4ip 1.6.1"
| #define PACKAGE_BUGREPORT ""
| #define STDC_HEADERS 1
| #define HAVE_SYS_TYPES_H 1
| #define HAVE_SYS_STAT_H 1
| #define HAVE_STDLIB_H 1
| #define HAVE_STRING_H 1
| #define HAVE_MEMORY_H 1
| #define HAVE_STRINGS_H 1
| #define HAVE_INTTYPES_H 1
| #define HAVE_STDINT_H 1
| #define HAVE_UNISTD_H 1
| #define HAVE_DLFCN_H 1
| /* end confdefs.h.  */
| /* Define dlopen to an innocuous variant, in case <limits.h> declares dlopen.
|    For example, HP-UX 11i <limits.h> declares gettimeofday.  */
| #define dlopen innocuous_dlopen
| 
| /* System header to define __stub macros and hopefully few prototypes,
|     which can conflict with char dlopen (); below.
|     Prefer <limits.h> to <assert.h> if __STDC__ is defined, since
|     <limits.h> exists even on freestanding compilers.  */
| 
| #ifdef __STDC__
| # include <limits.h>
| #else
| # include <assert.h>
| #endif
| 
| #undef dlopen
| 
| /* Override any GCC internal prototype to avoid an error.
|    Use char because int might match the return type of a GCC
|    builtin and then its argument prototype would still apply.  */
| #ifdef __cplusplus
| extern "C"
| #endif
| char dlopen ();
| /* The GNU C library defines this for functions which it implements
|     to always fail with ENOSYS.  Some functions are actually named
|     something starting with __ and the normal name is an alias.  */
| #if defined __stub_dlopen || defined __stub___dlopen
| choke me
| #endif
| 
| int
| main ()
| {
| return dlopen ();
|   ;
|   return 0;
| }
configure:9755: result: no
configure:9760: checking for dlopen in -ldl
configure:9795: gcc -o conftest -g -O2   conftest.c -ldl   >&5
configure:9801: $? = 0
configure:9819: result: yes
configure:9988: checking whether a program can dlopen itself
configure:10062: gcc -o conftest -g -O2  -DHAVE_DLFCN_H  -Wl,--export-dynamic conftest.c -ldl  >&5
configure: In function 'main':
configure:10058: warning: incompatible implicit declaration of built-in function 'exit'
configure:10065: $? = 0
configure:10083: result: yes
configure:10088: checking whether a statically linked program can dlopen itself
configure:10162: gcc -o conftest -g -O2  -DHAVE_DLFCN_H  -Wl,--export-dynamic -static conftest.c -ldl  >&5
configure: In function 'main':
configure:10158: warning: incompatible implicit declaration of built-in function 'exit'
/tmp/ccafiSnM.o: In function `main':
/home/cedar/.cedar/local/video/mpeg4ip-1.6.1/configure:10146: warning: Using 'dlopen' in statically linked applications requires at runtime the shared libraries from the glibc version used for linking
/usr/bin/ld: dynamic STT_GNU_IFUNC symbol `strcmp' with pointer equality in `/usr/lib/gcc/x86_64-linux-gnu/4.4.5/../../../../lib/libc.a(strcmp.o)' can not be used when making an executable; recompile with -fPIE and relink with -pie
collect2: ld returned 1 exit status
configure:10165: $? = 1
configure:10183: result: no
configure:10206: checking if libtool supports shared libraries
configure:10208: result: yes
configure:10211: checking whether to build shared libraries
configure:10232: result: yes
configure:10235: checking whether to build static libraries
configure:10239: result: yes
configure:10332: creating libtool
configure:10920: checking for ld used by g++
configure:10987: result: /usr/bin/ld -m elf_x86_64
configure:10996: checking if the linker (/usr/bin/ld -m elf_x86_64) is GNU ld
configure:11011: result: yes
configure:11062: checking whether the g++ linker (/usr/bin/ld -m elf_x86_64) supports shared libraries
configure:12036: result: yes
configure:12054: g++ -c -g -O2  conftest.cpp >&5
configure:12057: $? = 0
configure:12209: checking for g++ option to produce PIC
configure:12493: result: -fPIC
configure:12501: checking if g++ PIC flag -fPIC works
configure:12519: g++ -c -g -O2  -fPIC -DPIC conftest.cpp >&5
configure:12523: $? = 0
configure:12536: result: yes
configure:12564: checking if g++ static flag -static works
configure:12592: result: yes
configure:12602: checking if g++ supports -c -o file.o
configure:12623: g++ -c -g -O2  -o out/conftest2.o conftest.cpp >&5
configure:12627: $? = 0
configure:12649: result: yes
configure:12675: checking whether the g++ linker (/usr/bin/ld -m elf_x86_64) supports shared libraries
configure:12700: result: yes
configure:12767: checking dynamic linker characteristics
configure:13317: result: GNU/Linux ld.so
configure:13326: checking how to hardcode library paths into programs
configure:13351: result: immediate
configure:19522: checking libtool tag=C for nasm
configure:19530: result: yes
configure:19533: checking whether make sets $(MAKE)
configure:19554: result: yes
configure:19611: checking for gcc
configure:19638: result: gcc
configure:19876: checking for C compiler version
configure:19883: gcc --version >&5
gcc (Debian 4.4.5-8) 4.4.5
Copyright (C) 2010 Free Software Foundation, Inc.
This is free software; see the source for copying conditions.  There is NO
warranty; not even for MERCHANTABILITY or FITNESS FOR A PARTICULAR PURPOSE.

configure:19886: $? = 0
configure:19893: gcc -v >&5
Using built-in specs.
Target: x86_64-linux-gnu
Configured with: ../src/configure -v --with-pkgversion='Debian 4.4.5-8' --with-bugurl=file:///usr/share/doc/gcc-4.4/README.Bugs --enable-languages=c,c++,fortran,objc,obj-c++ --prefix=/usr --program-suffix=-4.4 --enable-shared --enable-multiarch --enable-linker-build-id --with-system-zlib --libexecdir=/usr/lib --without-included-gettext --enable-threads=posix --with-gxx-include-dir=/usr/include/c++/4.4 --libdir=/usr/lib --enable-nls --enable-clocale=gnu --enable-libstdcxx-debug --enable-objc-gc --with-arch-32=i586 --with-tune=generic --enable-checking=release --build=x86_64-linux-gnu --host=x86_64-linux-gnu --target=x86_64-linux-gnu
Thread model: posix
gcc version 4.4.5 (Debian 4.4.5-8) 
configure:19896: $? = 0
configure:19903: gcc -V >&5
gcc: '-V' option must have argument
configure:19906: $? = 1
configure:19909: checking whether we are using the GNU C compiler
configure:19961: result: yes
configure:19966: checking whether gcc accepts -g
configure:20101: result: yes
configure:20118: checking for gcc option to accept ISO C89
configure:20221: result: none needed
configure:20241: checking dependency style of gcc
configure:20331: result: gcc3
configure:20466: checking for C++ compiler version
configure:20473: g++ --version >&5
g++ (Debian 4.4.5-8) 4.4.5
Copyright (C) 2010 Free Software Foundation, Inc.
This is free software; see the source for copying conditions.  There is NO
warranty; not even for MERCHANTABILITY or FITNESS FOR A PARTICULAR PURPOSE.

configure:20476: $? = 0
configure:20483: g++ -v >&5
Using built-in specs.
Target: x86_64-linux-gnu
Configured with: ../src/configure -v --with-pkgversion='Debian 4.4.5-8' --with-bugurl=file:///usr/share/doc/gcc-4.4/README.Bugs --enable-languages=c,c++,fortran,objc,obj-c++ --prefix=/usr --program-suffix=-4.4 --enable-shared --enable-multiarch --enable-linker-build-id --with-system-zlib --libexecdir=/usr/lib --without-included-gettext --enable-threads=posix --with-gxx-include-dir=/usr/include/c++/4.4 --libdir=/usr/lib --enable-nls --enable-clocale=gnu --enable-libstdcxx-debug --enable-objc-gc --with-arch-32=i586 --with-tune=generic --enable-checking=release --build=x86_64-linux-gnu --host=x86_64-linux-gnu --target=x86_64-linux-gnu
Thread model: posix
gcc version 4.4.5 (Debian 4.4.5-8) 
configure:20486: $? = 0
configure:20493: g++ -V >&5
g++: '-V' option must have argument
configure:20496: $? = 1
configure:20499: checking whether we are using the GNU C++ compiler
configure:20551: result: yes
configure:20556: checking whether g++ accepts -g
configure:20691: result: yes
configure:20716: checking dependency style of g++
configure:20806: result: gcc3
configure:20823: checking for inline
configure:20849: gcc -c -g -O2  conftest.c >&5
configure:20855: $? = 0
configure:20873: result: inline
configure:20892: checking for an ANSI C-conforming const
configure:20967: gcc -c -g -O2  conftest.c >&5
configure:20973: $? = 0
configure:20988: result: yes
configure:21011: checking for a BSD-compatible install
configure:21067: result: /usr/bin/install -c
configure:21078: checking for X
configure:21193: gcc -E  conftest.c
configure:21199: $? = 0
configure:21248: gcc -o conftest -g -O2   conftest.c -lX11  >&5
configure:21254: $? = 0
configure:21313: result: libraries , headers 
configure:21474: gcc -o conftest -g -O2   conftest.c   -lX11 >&5
configure:21480: $? = 0
configure:21637: checking for gethostbyname
configure:21693: gcc -o conftest -g -O2   conftest.c  >&5
configure:21699: $? = 0
configure:21716: result: yes
configure:21861: checking for connect
configure:21917: gcc -o conftest -g -O2   conftest.c  >&5
configure:21923: $? = 0
configure:21940: result: yes
configure:22012: checking for remove
configure:22068: gcc -o conftest -g -O2   conftest.c  >&5
configure:22074: $? = 0
configure:22091: result: yes
configure:22163: checking for shmat
configure:22219: gcc -o conftest -g -O2   conftest.c  >&5
configure:22225: $? = 0
configure:22242: result: yes
configure:22323: checking for IceConnectionNumber in -lICE
configure:22358: gcc -o conftest -g -O2   conftest.c -lICE   >&5
configure:22364: $? = 0
configure:22382: result: yes
configure:22392: checking whether byte ordering is bigendian
configure:22425: gcc -c -g -O2  conftest.c >&5
configure:22431: $? = 0
configure:22463: gcc -c -g -O2  conftest.c >&5
conftest.c: In function 'main':
conftest.c:26: error: 'not' undeclared (first use in this function)
conftest.c:26: error: (Each undeclared identifier is reported only once
conftest.c:26: error: for each function it appears in.)
conftest.c:26: error: expected ';' before 'big'
configure:22469: $? = 1
configure: failed program was:
| /* confdefs.h.  */
| #define PACKAGE_NAME "mpeg4ip"
| #define PACKAGE_TARNAME "mpeg4ip"
| #define PACKAGE_VERSION "1.6.1"
| #define PACKAGE_STRING "mpeg4ip 1.6.1"
| #define PACKAGE_BUGREPORT ""
| #define STDC_HEADERS 1
| #define HAVE_SYS_TYPES_H 1
| #define HAVE_SYS_STAT_H 1
| #define HAVE_STDLIB_H 1
| #define HAVE_STRING_H 1
| #define HAVE_MEMORY_H 1
| #define HAVE_STRINGS_H 1
| #define HAVE_INTTYPES_H 1
| #define HAVE_STDINT_H 1
| #define HAVE_UNISTD_H 1
| #define HAVE_DLFCN_H 1
| /* end confdefs.h.  */
| #include <sys/types.h>
| #include <sys/param.h>
| 
| int
| main ()
| {
| #if BYTE_ORDER != BIG_ENDIAN
|  not big endian
| #endif
| 
|   ;
|   return 0;
| }
configure:22609: result: no
configure:22641: checking for ANSI C header files
configure:22805: result: yes
configure:22815: checking whether time.h and sys/time.h may both be included
configure:22845: gcc -c -g -O2  conftest.c >&5
configure:22851: $? = 0
configure:22866: result: yes
configure:22876: checking for long
configure:22906: gcc -c -g -O2  conftest.c >&5
configure:22912: $? = 0
configure:22927: result: yes
configure:22934: checking size of long
configure:23236: gcc -o conftest -g -O2   conftest.c  >&5
configure:23239: $? = 0
configure:23245: ./conftest
configure:23248: $? = 0
configure:23271: result: 8
configure:23287: checking for bool
configure:23317: g++ -c -g -O2  conftest.cpp >&5
configure:23323: $? = 0
configure:23338: result: yes
configure:23345: checking size of bool
configure:23647: g++ -o conftest -g -O2   conftest.cpp  >&5
configure:23650: $? = 0
configure:23656: ./conftest
configure:23659: $? = 0
configure:23682: result: 1
configure:23719: checking fcntl.h usability
configure:23736: gcc -c -g -O2  conftest.c >&5
configure:23742: $? = 0
configure:23756: result: yes
configure:23760: checking fcntl.h presence
configure:23775: gcc -E  conftest.c
configure:23781: $? = 0
configure:23795: result: yes
configure:23823: checking for fcntl.h
configure:23831: result: yes
configure:23709: checking for unistd.h
configure:23715: result: yes
configure:23709: checking for stdint.h
configure:23715: result: yes
configure:23709: checking for inttypes.h
configure:23715: result: yes
configure:23719: checking getopt.h usability
configure:23736: gcc -c -g -O2  conftest.c >&5
configure:23742: $? = 0
configure:23756: result: yes
configure:23760: checking getopt.h presence
configure:23775: gcc -E  conftest.c
configure:23781: $? = 0
configure:23795: result: yes
configure:23823: checking for getopt.h
configure:23831: result: yes
configure:23719: checking byteswap.h usability
configure:23736: gcc -c -g -O2  conftest.c >&5
configure:23742: $? = 0
configure:23756: result: yes
configure:23760: checking byteswap.h presence
configure:23775: gcc -E  conftest.c
configure:23781: $? = 0
configure:23795: result: yes
configure:23823: checking for byteswap.h
configure:23831: result: yes
configure:23859: checking sys/time.h usability
configure:23876: gcc -c -g -O2  conftest.c >&5
configure:23882: $? = 0
configure:23896: result: yes
configure:23900: checking sys/time.h presence
configure:23915: gcc -E  conftest.c
configure:23921: $? = 0
configure:23935: result: yes
configure:23963: checking for sys/time.h
configure:23971: result: yes
configure:23985: checking for /dev/urandom
configure:24000: result: yes
configure:24047: checking id3/tag.h usability
configure:24064: g++ -c -g -O2  conftest.cpp >&5
conftest.cpp:64:21: error: id3/tag.h: No such file or directory
configure:24070: $? = 1
configure: failed program was:
| /* confdefs.h.  */
| #define PACKAGE_NAME "mpeg4ip"
| #define PACKAGE_TARNAME "mpeg4ip"
| #define PACKAGE_VERSION "1.6.1"
| #define PACKAGE_STRING "mpeg4ip 1.6.1"
| #define PACKAGE_BUGREPORT ""
| #define STDC_HEADERS 1
| #define HAVE_SYS_TYPES_H 1
| #define HAVE_SYS_STAT_H 1
| #define HAVE_STDLIB_H 1
| #define HAVE_STRING_H 1
| #define HAVE_MEMORY_H 1
| #define HAVE_STRINGS_H 1
| #define HAVE_INTTYPES_H 1
| #define HAVE_STDINT_H 1
| #define HAVE_UNISTD_H 1
| #define HAVE_DLFCN_H 1
| #define STDC_HEADERS 1
| #define TIME_WITH_SYS_TIME 1
| #define SIZEOF_LONG 8
| #define SIZEOF_BOOL 1
| #define HAVE_FCNTL_H 1
| #define HAVE_UNISTD_H 1
| #define HAVE_STDINT_H 1
| #define HAVE_INTTYPES_H 1
| #define HAVE_GETOPT_H 1
| #define HAVE_BYTESWAP_H 1
| #define HAVE_SYS_TIME_H 1
| #define HAVE_DEV_URANDOM 1
| /* end confdefs.h.  */
| #include <stdio.h>
| #ifdef HAVE_SYS_TYPES_H
| # include <sys/types.h>
| #endif
| #ifdef HAVE_SYS_STAT_H
| # include <sys/stat.h>
| #endif
| #ifdef STDC_HEADERS
| # include <stdlib.h>
| # include <stddef.h>
| #else
| # ifdef HAVE_STDLIB_H
| #  include <stdlib.h>
| # endif
| #endif
| #ifdef HAVE_STRING_H
| # if !defined STDC_HEADERS && defined HAVE_MEMORY_H
| #  include <memory.h>
| # endif
| # include <string.h>
| #endif
| #ifdef HAVE_STRINGS_H
| # include <strings.h>
| #endif
| #ifdef HAVE_INTTYPES_H
| # include <inttypes.h>
| #endif
| #ifdef HAVE_STDINT_H
| # include <stdint.h>
| #endif
| #ifdef HAVE_UNISTD_H
| # include <unistd.h>
| #endif
| #include <id3/tag.h>
configure:24084: result: no
configure:24088: checking id3/tag.h presence
configure:24103: g++ -E  conftest.cpp
conftest.cpp:31:21: error: id3/tag.h: No such file or directory
configure:24109: $? = 1
configure: failed program was:
| /* confdefs.h.  */
| #define PACKAGE_NAME "mpeg4ip"
| #define PACKAGE_TARNAME "mpeg4ip"
| #define PACKAGE_VERSION "1.6.1"
| #define PACKAGE_STRING "mpeg4ip 1.6.1"
| #define PACKAGE_BUGREPORT ""
| #define STDC_HEADERS 1
| #define HAVE_SYS_TYPES_H 1
| #define HAVE_SYS_STAT_H 1
| #define HAVE_STDLIB_H 1
| #define HAVE_STRING_H 1
| #define HAVE_MEMORY_H 1
| #define HAVE_STRINGS_H 1
| #define HAVE_INTTYPES_H 1
| #define HAVE_STDINT_H 1
| #define HAVE_UNISTD_H 1
| #define HAVE_DLFCN_H 1
| #define STDC_HEADERS 1
| #define TIME_WITH_SYS_TIME 1
| #define SIZEOF_LONG 8
| #define SIZEOF_BOOL 1
| #define HAVE_FCNTL_H 1
| #define HAVE_UNISTD_H 1
| #define HAVE_STDINT_H 1
| #define HAVE_INTTYPES_H 1
| #define HAVE_GETOPT_H 1
| #define HAVE_BYTESWAP_H 1
| #define HAVE_SYS_TIME_H 1
| #define HAVE_DEV_URANDOM 1
| /* end confdefs.h.  */
| #include <id3/tag.h>
configure:24123: result: no
configure:24151: checking for id3/tag.h
configure:24158: result: no
configure:24256: checking for xvid.h, API version 3
configure:24280: gcc -c -g -O2  conftest.c >&5
conftest.c:35:18: error: xvid.h: No such file or directory
conftest.c: In function 'main':
conftest.c:36: error: 'API_VERSION' undeclared (first use in this function)
conftest.c:36: error: (Each undeclared identifier is reported only once
conftest.c:36: error: for each function it appears in.)
configure:24286: $? = 1
configure: failed program was:
| /* confdefs.h.  */
| #define PACKAGE_NAME "mpeg4ip"
| #define PACKAGE_TARNAME "mpeg4ip"
| #define PACKAGE_VERSION "1.6.1"
| #define PACKAGE_STRING "mpeg4ip 1.6.1"
| #define PACKAGE_BUGREPORT ""
| #define STDC_HEADERS 1
| #define HAVE_SYS_TYPES_H 1
| #define HAVE_SYS_STAT_H 1
| #define HAVE_STDLIB_H 1
| #define HAVE_STRING_H 1
| #define HAVE_MEMORY_H 1
| #define HAVE_STRINGS_H 1
| #define HAVE_INTTYPES_H 1
| #define HAVE_STDINT_H 1
| #define HAVE_UNISTD_H 1
| #define HAVE_DLFCN_H 1
| #define STDC_HEADERS 1
| #define TIME_WITH_SYS_TIME 1
| #define SIZEOF_LONG 8
| #define SIZEOF_BOOL 1
| #define HAVE_FCNTL_H 1
| #define HAVE_UNISTD_H 1
| #define HAVE_STDINT_H 1
| #define HAVE_INTTYPES_H 1
| #define HAVE_GETOPT_H 1
| #define HAVE_BYTESWAP_H 1
| #define HAVE_SYS_TIME_H 1
| #define HAVE_DEV_URANDOM 1
| /* end confdefs.h.  */
| 
| int
| main ()
| {
| #include <xvid.h>
| 	 int ix = API_VERSION;
|   ;
|   return 0;
| }
configure:24310: result: no
configure:24322: checking xvid.h usability
configure:24339: gcc -c -g -O2  conftest.c >&5
conftest.c:64:18: error: xvid.h: No such file or directory
configure:24345: $? = 1
configure: failed program was:
| /* confdefs.h.  */
| #define PACKAGE_NAME "mpeg4ip"
| #define PACKAGE_TARNAME "mpeg4ip"
| #define PACKAGE_VERSION "1.6.1"
| #define PACKAGE_STRING "mpeg4ip 1.6.1"
| #define PACKAGE_BUGREPORT ""
| #define STDC_HEADERS 1
| #define HAVE_SYS_TYPES_H 1
| #define HAVE_SYS_STAT_H 1
| #define HAVE_STDLIB_H 1
| #define HAVE_STRING_H 1
| #define HAVE_MEMORY_H 1
| #define HAVE_STRINGS_H 1
| #define HAVE_INTTYPES_H 1
| #define HAVE_STDINT_H 1
| #define HAVE_UNISTD_H 1
| #define HAVE_DLFCN_H 1
| #define STDC_HEADERS 1
| #define TIME_WITH_SYS_TIME 1
| #define SIZEOF_LONG 8
| #define SIZEOF_BOOL 1
| #define HAVE_FCNTL_H 1
| #define HAVE_UNISTD_H 1
| #define HAVE_STDINT_H 1
| #define HAVE_INTTYPES_H 1
| #define HAVE_GETOPT_H 1
| #define HAVE_BYTESWAP_H 1
| #define HAVE_SYS_TIME_H 1
| #define HAVE_DEV_URANDOM 1
| /* end confdefs.h.  */
| #include <stdio.h>
| #ifdef HAVE_SYS_TYPES_H
| # include <sys/types.h>
| #endif
| #ifdef HAVE_SYS_STAT_H
| # include <sys/stat.h>
| #endif
| #ifdef STDC_HEADERS
| # include <stdlib.h>
| # include <stddef.h>
| #else
| # ifdef HAVE_STDLIB_H
| #  include <stdlib.h>
| # endif
| #endif
| #ifdef HAVE_STRING_H
| # if !defined STDC_HEADERS && defined HAVE_MEMORY_H
| #  include <memory.h>
| # endif
| # include <string.h>
| #endif
| #ifdef HAVE_STRINGS_H
| # include <strings.h>
| #endif
| #ifdef HAVE_INTTYPES_H
| # include <inttypes.h>
| #endif
| #ifdef HAVE_STDINT_H
| # include <stdint.h>
| #endif
| #ifdef HAVE_UNISTD_H
| # include <unistd.h>
| #endif
| #include <xvid.h>
configure:24359: result: no
configure:24363: checking xvid.h presence
configure:24378: gcc -E  conftest.c
conftest.c:31:18: error: xvid.h: No such file or directory
configure:24384: $? = 1
configure: failed program was:
| /* confdefs.h.  */
| #define PACKAGE_NAME "mpeg4ip"
| #define PACKAGE_TARNAME "mpeg4ip"
| #define PACKAGE_VERSION "1.6.1"
| #define PACKAGE_STRING "mpeg4ip 1.6.1"
| #define PACKAGE_BUGREPORT ""
| #define STDC_HEADERS 1
| #define HAVE_SYS_TYPES_H 1
| #define HAVE_SYS_STAT_H 1
| #define HAVE_STDLIB_H 1
| #define HAVE_STRING_H 1
| #define HAVE_MEMORY_H 1
| #define HAVE_STRINGS_H 1
| #define HAVE_INTTYPES_H 1
| #define HAVE_STDINT_H 1
| #define HAVE_UNISTD_H 1
| #define HAVE_DLFCN_H 1
| #define STDC_HEADERS 1
| #define TIME_WITH_SYS_TIME 1
| #define SIZEOF_LONG 8
| #define SIZEOF_BOOL 1
| #define HAVE_FCNTL_H 1
| #define HAVE_UNISTD_H 1
| #define HAVE_STDINT_H 1
| #define HAVE_INTTYPES_H 1
| #define HAVE_GETOPT_H 1
| #define HAVE_BYTESWAP_H 1
| #define HAVE_SYS_TIME_H 1
| #define HAVE_DEV_URANDOM 1
| /* end confdefs.h.  */
| #include <xvid.h>
configure:24398: result: no
configure:24426: checking for xvid.h
configure:24433: result: no
configure:24476: checking for socket in -lsocket
configure:24511: gcc -o conftest -g -O2   conftest.c -lsocket   >&5
/usr/bin/ld: cannot find -lsocket
collect2: ld returned 1 exit status
configure:24517: $? = 1
configure: failed program was:
| /* confdefs.h.  */
| #define PACKAGE_NAME "mpeg4ip"
| #define PACKAGE_TARNAME "mpeg4ip"
| #define PACKAGE_VERSION "1.6.1"
| #define PACKAGE_STRING "mpeg4ip 1.6.1"
| #define PACKAGE_BUGREPORT ""
| #define STDC_HEADERS 1
| #define HAVE_SYS_TYPES_H 1
| #define HAVE_SYS_STAT_H 1
| #define HAVE_STDLIB_H 1
| #define HAVE_STRING_H 1
| #define HAVE_MEMORY_H 1
| #define HAVE_STRINGS_H 1
| #define HAVE_INTTYPES_H 1
| #define HAVE_STDINT_H 1
| #define HAVE_UNISTD_H 1
| #define HAVE_DLFCN_H 1
| #define STDC_HEADERS 1
| #define TIME_WITH_SYS_TIME 1
| #define SIZEOF_LONG 8
| #define SIZEOF_BOOL 1
| #define HAVE_FCNTL_H 1
| #define HAVE_UNISTD_H 1
| #define HAVE_STDINT_H 1
| #define HAVE_INTTYPES_H 1
| #define HAVE_GETOPT_H 1
| #define HAVE_BYTESWAP_H 1
| #define HAVE_SYS_TIME_H 1
| #define HAVE_DEV_URANDOM 1
| /* end confdefs.h.  */
| 
| /* Override any GCC internal prototype to avoid an error.
|    Use char because int might match the return type of a GCC
|    builtin and then its argument prototype would still apply.  */
| #ifdef __cplusplus
| extern "C"
| #endif
| char socket ();
| int
| main ()
| {
| return socket ();
|   ;
|   return 0;
| }
configure:24535: result: no
configure:24547: checking for getopt_long in -lgnugetopt
configure:24582: gcc -o conftest -g -O2   conftest.c -lgnugetopt   >&5
/usr/bin/ld: cannot find -lgnugetopt
collect2: ld returned 1 exit status
configure:24588: $? = 1
configure: failed program was:
| /* confdefs.h.  */
| #define PACKAGE_NAME "mpeg4ip"
| #define PACKAGE_TARNAME "mpeg4ip"
| #define PACKAGE_VERSION "1.6.1"
| #define PACKAGE_STRING "mpeg4ip 1.6.1"
| #define PACKAGE_BUGREPORT ""
| #define STDC_HEADERS 1
| #define HAVE_SYS_TYPES_H 1
| #define HAVE_SYS_STAT_H 1
| #define HAVE_STDLIB_H 1
| #define HAVE_STRING_H 1
| #define HAVE_MEMORY_H 1
| #define HAVE_STRINGS_H 1
| #define HAVE_INTTYPES_H 1
| #define HAVE_STDINT_H 1
| #define HAVE_UNISTD_H 1
| #define HAVE_DLFCN_H 1
| #define STDC_HEADERS 1
| #define TIME_WITH_SYS_TIME 1
| #define SIZEOF_LONG 8
| #define SIZEOF_BOOL 1
| #define HAVE_FCNTL_H 1
| #define HAVE_UNISTD_H 1
| #define HAVE_STDINT_H 1
| #define HAVE_INTTYPES_H 1
| #define HAVE_GETOPT_H 1
| #define HAVE_BYTESWAP_H 1
| #define HAVE_SYS_TIME_H 1
| #define HAVE_DEV_URANDOM 1
| /* end confdefs.h.  */
| 
| /* Override any GCC internal prototype to avoid an error.
|    Use char because int might match the return type of a GCC
|    builtin and then its argument prototype would still apply.  */
| #ifdef __cplusplus
| extern "C"
| #endif
| char getopt_long ();
| int
| main ()
| {
| return getopt_long ();
|   ;
|   return 0;
| }
configure:24606: result: no
configure:24617: checking for library containing inet_addr
configure:24658: gcc -o conftest -g -O2   conftest.c  >&5
configure:24664: $? = 0
configure:24692: result: none required
configure:24700: checking for library containing inet_aton
configure:24741: gcc -o conftest -g -O2   conftest.c  >&5
configure:24747: $? = 0
configure:24775: result: none required
configure:24783: checking for library containing dlopen
configure:24824: gcc -o conftest -g -O2   conftest.c  >&5
/tmp/ccVkrvaM.o: In function `main':
/home/cedar/.cedar/local/video/mpeg4ip-1.6.1/conftest.c:42: undefined reference to `dlopen'
collect2: ld returned 1 exit status
configure:24830: $? = 1
configure: failed program was:
| /* confdefs.h.  */
| #define PACKAGE_NAME "mpeg4ip"
| #define PACKAGE_TARNAME "mpeg4ip"
| #define PACKAGE_VERSION "1.6.1"
| #define PACKAGE_STRING "mpeg4ip 1.6.1"
| #define PACKAGE_BUGREPORT ""
| #define STDC_HEADERS 1
| #define HAVE_SYS_TYPES_H 1
| #define HAVE_SYS_STAT_H 1
| #define HAVE_STDLIB_H 1
| #define HAVE_STRING_H 1
| #define HAVE_MEMORY_H 1
| #define HAVE_STRINGS_H 1
| #define HAVE_INTTYPES_H 1
| #define HAVE_STDINT_H 1
| #define HAVE_UNISTD_H 1
| #define HAVE_DLFCN_H 1
| #define STDC_HEADERS 1
| #define TIME_WITH_SYS_TIME 1
| #define SIZEOF_LONG 8
| #define SIZEOF_BOOL 1
| #define HAVE_FCNTL_H 1
| #define HAVE_UNISTD_H 1
| #define HAVE_STDINT_H 1
| #define HAVE_INTTYPES_H 1
| #define HAVE_GETOPT_H 1
| #define HAVE_BYTESWAP_H 1
| #define HAVE_SYS_TIME_H 1
| #define HAVE_DEV_URANDOM 1
| /* end confdefs.h.  */
| 
| /* Override any GCC internal prototype to avoid an error.
|    Use char because int might match the return type of a GCC
|    builtin and then its argument prototype would still apply.  */
| #ifdef __cplusplus
| extern "C"
| #endif
| char dlopen ();
| int
| main ()
| {
| return dlopen ();
|   ;
|   return 0;
| }
configure:24824: gcc -o conftest -g -O2   conftest.c -ldl   >&5
configure:24830: $? = 0
configure:24858: result: -ldl
configure:24889: checking for a52_syncinfo in -la52
configure:24924: gcc -o conftest -g -O2   conftest.c -la52  -ldl  -lm >&5
/usr/bin/ld: cannot find -la52
collect2: ld returned 1 exit status
configure:24930: $? = 1
configure: failed program was:
| /* confdefs.h.  */
| #define PACKAGE_NAME "mpeg4ip"
| #define PACKAGE_TARNAME "mpeg4ip"
| #define PACKAGE_VERSION "1.6.1"
| #define PACKAGE_STRING "mpeg4ip 1.6.1"
| #define PACKAGE_BUGREPORT ""
| #define STDC_HEADERS 1
| #define HAVE_SYS_TYPES_H 1
| #define HAVE_SYS_STAT_H 1
| #define HAVE_STDLIB_H 1
| #define HAVE_STRING_H 1
| #define HAVE_MEMORY_H 1
| #define HAVE_STRINGS_H 1
| #define HAVE_INTTYPES_H 1
| #define HAVE_STDINT_H 1
| #define HAVE_UNISTD_H 1
| #define HAVE_DLFCN_H 1
| #define STDC_HEADERS 1
| #define TIME_WITH_SYS_TIME 1
| #define SIZEOF_LONG 8
| #define SIZEOF_BOOL 1
| #define HAVE_FCNTL_H 1
| #define HAVE_UNISTD_H 1
| #define HAVE_STDINT_H 1
| #define HAVE_INTTYPES_H 1
| #define HAVE_GETOPT_H 1
| #define HAVE_BYTESWAP_H 1
| #define HAVE_SYS_TIME_H 1
| #define HAVE_DEV_URANDOM 1
| /* end confdefs.h.  */
| 
| /* Override any GCC internal prototype to avoid an error.
|    Use char because int might match the return type of a GCC
|    builtin and then its argument prototype would still apply.  */
| #ifdef __cplusplus
| extern "C"
| #endif
| char a52_syncinfo ();
| int
| main ()
| {
| return a52_syncinfo ();
|   ;
|   return 0;
| }
configure:24948: result: no
configure:24987: checking for mad_decoder_init in -lmad
configure:25022: gcc -o conftest -g -O2   conftest.c -lmad  -ldl  -lm >&5
/usr/bin/ld: cannot find -lmad
collect2: ld returned 1 exit status
configure:25028: $? = 1
configure: failed program was:
| /* confdefs.h.  */
| #define PACKAGE_NAME "mpeg4ip"
| #define PACKAGE_TARNAME "mpeg4ip"
| #define PACKAGE_VERSION "1.6.1"
| #define PACKAGE_STRING "mpeg4ip 1.6.1"
| #define PACKAGE_BUGREPORT ""
| #define STDC_HEADERS 1
| #define HAVE_SYS_TYPES_H 1
| #define HAVE_SYS_STAT_H 1
| #define HAVE_STDLIB_H 1
| #define HAVE_STRING_H 1
| #define HAVE_MEMORY_H 1
| #define HAVE_STRINGS_H 1
| #define HAVE_INTTYPES_H 1
| #define HAVE_STDINT_H 1
| #define HAVE_UNISTD_H 1
| #define HAVE_DLFCN_H 1
| #define STDC_HEADERS 1
| #define TIME_WITH_SYS_TIME 1
| #define SIZEOF_LONG 8
| #define SIZEOF_BOOL 1
| #define HAVE_FCNTL_H 1
| #define HAVE_UNISTD_H 1
| #define HAVE_STDINT_H 1
| #define HAVE_INTTYPES_H 1
| #define HAVE_GETOPT_H 1
| #define HAVE_BYTESWAP_H 1
| #define HAVE_SYS_TIME_H 1
| #define HAVE_DEV_URANDOM 1
| /* end confdefs.h.  */
| 
| /* Override any GCC internal prototype to avoid an error.
|    Use char because int might match the return type of a GCC
|    builtin and then its argument prototype would still apply.  */
| #ifdef __cplusplus
| extern "C"
| #endif
| char mad_decoder_init ();
| int
| main ()
| {
| return mad_decoder_init ();
|   ;
|   return 0;
| }
configure:25046: result: no
configure:25085: checking for mpeg2_init in -lmpeg2
configure:25120: gcc -o conftest -g -O2   conftest.c -lmpeg2  -ldl  -lm >&5
/usr/bin/ld: cannot find -lmpeg2
collect2: ld returned 1 exit status
configure:25126: $? = 1
configure: failed program was:
| /* confdefs.h.  */
| #define PACKAGE_NAME "mpeg4ip"
| #define PACKAGE_TARNAME "mpeg4ip"
| #define PACKAGE_VERSION "1.6.1"
| #define PACKAGE_STRING "mpeg4ip 1.6.1"
| #define PACKAGE_BUGREPORT ""
| #define STDC_HEADERS 1
| #define HAVE_SYS_TYPES_H 1
| #define HAVE_SYS_STAT_H 1
| #define HAVE_STDLIB_H 1
| #define HAVE_STRING_H 1
| #define HAVE_MEMORY_H 1
| #define HAVE_STRINGS_H 1
| #define HAVE_INTTYPES_H 1
| #define HAVE_STDINT_H 1
| #define HAVE_UNISTD_H 1
| #define HAVE_DLFCN_H 1
| #define STDC_HEADERS 1
| #define TIME_WITH_SYS_TIME 1
| #define SIZEOF_LONG 8
| #define SIZEOF_BOOL 1
| #define HAVE_FCNTL_H 1
| #define HAVE_UNISTD_H 1
| #define HAVE_STDINT_H 1
| #define HAVE_INTTYPES_H 1
| #define HAVE_GETOPT_H 1
| #define HAVE_BYTESWAP_H 1
| #define HAVE_SYS_TIME_H 1
| #define HAVE_DEV_URANDOM 1
| /* end confdefs.h.  */
| 
| /* Override any GCC internal prototype to avoid an error.
|    Use char because int might match the return type of a GCC
|    builtin and then its argument prototype would still apply.  */
| #ifdef __cplusplus
| extern "C"
| #endif
| char mpeg2_init ();
| int
| main ()
| {
| return mpeg2_init ();
|   ;
|   return 0;
| }
configure:25144: result: no
configure:25244: checking for strerror
configure:25300: gcc -o conftest -g -O2   conftest.c -ldl  >&5
configure:25306: $? = 0
configure:25324: result: yes
configure:25244: checking for strcasestr
configure:25300: gcc -o conftest -g -O2   conftest.c -ldl  >&5
configure:25306: $? = 0
configure:25324: result: yes
configure:25244: checking for poll
configure:25300: gcc -o conftest -g -O2   conftest.c -ldl  >&5
configure:25306: $? = 0
configure:25324: result: yes
configure:25244: checking for getopt
configure:25300: gcc -o conftest -g -O2   conftest.c -ldl  >&5
configure:25306: $? = 0
configure:25324: result: yes
configure:25244: checking for getopt_long
configure:25300: gcc -o conftest -g -O2   conftest.c -ldl  >&5
configure:25306: $? = 0
configure:25324: result: yes
configure:25244: checking for getopt_long_only
configure:25300: gcc -o conftest -g -O2   conftest.c -ldl  >&5
configure:25306: $? = 0
configure:25324: result: yes
configure:25244: checking for socketpair
configure:25300: gcc -o conftest -g -O2   conftest.c -ldl  >&5
configure:25306: $? = 0
configure:25324: result: yes
configure:25244: checking for strsep
configure:25300: gcc -o conftest -g -O2   conftest.c -ldl  >&5
configure:25306: $? = 0
configure:25324: result: yes
configure:25244: checking for inet_ntoa
configure:25300: gcc -o conftest -g -O2   conftest.c -ldl  >&5
configure:25306: $? = 0
configure:25324: result: yes
configure:25244: checking for inet_pton
configure:25300: gcc -o conftest -g -O2   conftest.c -ldl  >&5
configure:25306: $? = 0
configure:25324: result: yes
configure:25244: checking for inet_ntop
configure:25300: gcc -o conftest -g -O2   conftest.c -ldl  >&5
configure:25306: $? = 0
configure:25324: result: yes
configure:25244: checking for inet_aton
configure:25300: gcc -o conftest -g -O2   conftest.c -ldl  >&5
configure:25306: $? = 0
configure:25324: result: yes
configure:25244: checking for vsnprintf
configure:25300: gcc -o conftest -g -O2   conftest.c -ldl  >&5
conftest.c:66: warning: conflicting types for built-in function 'vsnprintf'
configure:25306: $? = 0
configure:25324: result: yes
configure:25336: checking for in_port_t
configure:25369: gcc -c -g -O2  conftest.c >&5
configure:25375: $? = 0
configure:25390: result: yes
configure:25400: checking for socklen_t
configure:25433: gcc -c -g -O2  conftest.c >&5
configure:25439: $? = 0
configure:25454: result: yes
configure:25464: checking for struct iovec
configure:25497: gcc -c -g -O2  conftest.c >&5
configure:25503: $? = 0
configure:25518: result: yes
configure:25528: checking for struct sockaddr_storage
configure:25561: gcc -c -g -O2  conftest.c >&5
configure:25567: $? = 0
configure:25582: result: yes
configure:25677: checking for fpos_t.__pos
configure:25706: gcc -c -g -O2  conftest.c >&5
configure:25712: $? = 0
configure:25770: result: yes
configure:25854: checking for srtp_init in -lsrtp
configure:25889: gcc -o conftest -g -O2   conftest.c -lsrtp  -ldl  >&5
/usr/bin/ld: cannot find -lsrtp
collect2: ld returned 1 exit status
configure:25895: $? = 1
configure: failed program was:
| /* confdefs.h.  */
| #define PACKAGE_NAME "mpeg4ip"
| #define PACKAGE_TARNAME "mpeg4ip"
| #define PACKAGE_VERSION "1.6.1"
| #define PACKAGE_STRING "mpeg4ip 1.6.1"
| #define PACKAGE_BUGREPORT ""
| #define STDC_HEADERS 1
| #define HAVE_SYS_TYPES_H 1
| #define HAVE_SYS_STAT_H 1
| #define HAVE_STDLIB_H 1
| #define HAVE_STRING_H 1
| #define HAVE_MEMORY_H 1
| #define HAVE_STRINGS_H 1
| #define HAVE_INTTYPES_H 1
| #define HAVE_STDINT_H 1
| #define HAVE_UNISTD_H 1
| #define HAVE_DLFCN_H 1
| #define STDC_HEADERS 1
| #define TIME_WITH_SYS_TIME 1
| #define SIZEOF_LONG 8
| #define SIZEOF_BOOL 1
| #define HAVE_FCNTL_H 1
| #define HAVE_UNISTD_H 1
| #define HAVE_STDINT_H 1
| #define HAVE_INTTYPES_H 1
| #define HAVE_GETOPT_H 1
| #define HAVE_BYTESWAP_H 1
| #define HAVE_SYS_TIME_H 1
| #define HAVE_DEV_URANDOM 1
| #define HAVE_STRERROR 1
| #define HAVE_STRCASESTR 1
| #define HAVE_POLL 1
| #define HAVE_GETOPT 1
| #define HAVE_GETOPT_LONG 1
| #define HAVE_GETOPT_LONG_ONLY 1
| #define HAVE_SOCKETPAIR 1
| #define HAVE_STRSEP 1
| #define HAVE_INET_NTOA 1
| #define HAVE_INET_PTON 1
| #define HAVE_INET_NTOP 1
| #define HAVE_INET_ATON 1
| #define HAVE_VSNPRINTF 1
| #define HAVE_IN_PORT_T 1
| #define HAVE_SOCKLEN_T 1
| #define HAVE_STRUCT_IOVEC 1
| #define HAVE_STRUCT_SOCKADDR_STORAGE 1
| #define HAVE_FPOS_T___POS 1
| /* end confdefs.h.  */
| 
| /* Override any GCC internal prototype to avoid an error.
|    Use char because int might match the return type of a GCC
|    builtin and then its argument prototype would still apply.  */
| #ifdef __cplusplus
| extern "C"
| #endif
| char srtp_init ();
| int
| main ()
| {
| return srtp_init ();
|   ;
|   return 0;
| }
configure:25913: result: no
configure:25934: not using SRTP library
configure:26073: checking for struct v4l2_buffer
configure:26106: gcc -c -g -O2  conftest.c >&5
configure:26112: $? = 0
configure:26127: result: yes
configure:26207: checking for vorbis_bitrate_init in -lvorbis
configure:26242: gcc -o conftest -g -O2   conftest.c -lvorbis  -ldl  >&5
/usr/bin/ld: cannot find -lvorbis
collect2: ld returned 1 exit status
configure:26248: $? = 1
configure: failed program was:
| /* confdefs.h.  */
| #define PACKAGE_NAME "mpeg4ip"
| #define PACKAGE_TARNAME "mpeg4ip"
| #define PACKAGE_VERSION "1.6.1"
| #define PACKAGE_STRING "mpeg4ip 1.6.1"
| #define PACKAGE_BUGREPORT ""
| #define STDC_HEADERS 1
| #define HAVE_SYS_TYPES_H 1
| #define HAVE_SYS_STAT_H 1
| #define HAVE_STDLIB_H 1
| #define HAVE_STRING_H 1
| #define HAVE_MEMORY_H 1
| #define HAVE_STRINGS_H 1
| #define HAVE_INTTYPES_H 1
| #define HAVE_STDINT_H 1
| #define HAVE_UNISTD_H 1
| #define HAVE_DLFCN_H 1
| #define STDC_HEADERS 1
| #define TIME_WITH_SYS_TIME 1
| #define SIZEOF_LONG 8
| #define SIZEOF_BOOL 1
| #define HAVE_FCNTL_H 1
| #define HAVE_UNISTD_H 1
| #define HAVE_STDINT_H 1
| #define HAVE_INTTYPES_H 1
| #define HAVE_GETOPT_H 1
| #define HAVE_BYTESWAP_H 1
| #define HAVE_SYS_TIME_H 1
| #define HAVE_DEV_URANDOM 1
| #define HAVE_STRERROR 1
| #define HAVE_STRCASESTR 1
| #define HAVE_POLL 1
| #define HAVE_GETOPT 1
| #define HAVE_GETOPT_LONG 1
| #define HAVE_GETOPT_LONG_ONLY 1
| #define HAVE_SOCKETPAIR 1
| #define HAVE_STRSEP 1
| #define HAVE_INET_NTOA 1
| #define HAVE_INET_PTON 1
| #define HAVE_INET_NTOP 1
| #define HAVE_INET_ATON 1
| #define HAVE_VSNPRINTF 1
| #define HAVE_IN_PORT_T 1
| #define HAVE_SOCKLEN_T 1
| #define HAVE_STRUCT_IOVEC 1
| #define HAVE_STRUCT_SOCKADDR_STORAGE 1
| #define HAVE_FPOS_T___POS 1
| #define HAVE_MP4LIVE 1
| /* end confdefs.h.  */
| 
| /* Override any GCC internal prototype to avoid an error.
|    Use char because int might match the return type of a GCC
|    builtin and then its argument prototype would still apply.  */
| #ifdef __cplusplus
| extern "C"
| #endif
| char vorbis_bitrate_init ();
| int
| main ()
| {
| return vorbis_bitrate_init ();
|   ;
|   return 0;
| }
configure:26266: result: no
configure:26684: checking for av_crc_init in -lavutil
configure:26719: gcc -o conftest -g -O2   conftest.c -lavutil  -ldl  -lm -lz >&5
/usr/bin/ld: cannot find -lavutil
collect2: ld returned 1 exit status
configure:26725: $? = 1
configure: failed program was:
| /* confdefs.h.  */
| #define PACKAGE_NAME "mpeg4ip"
| #define PACKAGE_TARNAME "mpeg4ip"
| #define PACKAGE_VERSION "1.6.1"
| #define PACKAGE_STRING "mpeg4ip 1.6.1"
| #define PACKAGE_BUGREPORT ""
| #define STDC_HEADERS 1
| #define HAVE_SYS_TYPES_H 1
| #define HAVE_SYS_STAT_H 1
| #define HAVE_STDLIB_H 1
| #define HAVE_STRING_H 1
| #define HAVE_MEMORY_H 1
| #define HAVE_STRINGS_H 1
| #define HAVE_INTTYPES_H 1
| #define HAVE_STDINT_H 1
| #define HAVE_UNISTD_H 1
| #define HAVE_DLFCN_H 1
| #define STDC_HEADERS 1
| #define TIME_WITH_SYS_TIME 1
| #define SIZEOF_LONG 8
| #define SIZEOF_BOOL 1
| #define HAVE_FCNTL_H 1
| #define HAVE_UNISTD_H 1
| #define HAVE_STDINT_H 1
| #define HAVE_INTTYPES_H 1
| #define HAVE_GETOPT_H 1
| #define HAVE_BYTESWAP_H 1
| #define HAVE_SYS_TIME_H 1
| #define HAVE_DEV_URANDOM 1
| #define HAVE_STRERROR 1
| #define HAVE_STRCASESTR 1
| #define HAVE_POLL 1
| #define HAVE_GETOPT 1
| #define HAVE_GETOPT_LONG 1
| #define HAVE_GETOPT_LONG_ONLY 1
| #define HAVE_SOCKETPAIR 1
| #define HAVE_STRSEP 1
| #define HAVE_INET_NTOA 1
| #define HAVE_INET_PTON 1
| #define HAVE_INET_NTOP 1
| #define HAVE_INET_ATON 1
| #define HAVE_VSNPRINTF 1
| #define HAVE_IN_PORT_T 1
| #define HAVE_SOCKLEN_T 1
| #define HAVE_STRUCT_IOVEC 1
| #define HAVE_STRUCT_SOCKADDR_STORAGE 1
| #define HAVE_FPOS_T___POS 1
| #define HAVE_MP4LIVE 1
| /* end confdefs.h.  */
| 
| /* Override any GCC internal prototype to avoid an error.
|    Use char because int might match the return type of a GCC
|    builtin and then its argument prototype would still apply.  */
| #ifdef __cplusplus
| extern "C"
| #endif
| char av_crc_init ();
| int
| main ()
| {
| return av_crc_init ();
|   ;
|   return 0;
| }
configure:26743: result: no
configure:26757: checking for avcodec_init in -lavcodec
configure:26792: gcc -o conftest -g -O2   conftest.c -lavcodec  -ldl  -lm -lz >&5
/usr/bin/ld: cannot find -lavcodec
collect2: ld returned 1 exit status
configure:26798: $? = 1
configure: failed program was:
| /* confdefs.h.  */
| #define PACKAGE_NAME "mpeg4ip"
| #define PACKAGE_TARNAME "mpeg4ip"
| #define PACKAGE_VERSION "1.6.1"
| #define PACKAGE_STRING "mpeg4ip 1.6.1"
| #define PACKAGE_BUGREPORT ""
| #define STDC_HEADERS 1
| #define HAVE_SYS_TYPES_H 1
| #define HAVE_SYS_STAT_H 1
| #define HAVE_STDLIB_H 1
| #define HAVE_STRING_H 1
| #define HAVE_MEMORY_H 1
| #define HAVE_STRINGS_H 1
| #define HAVE_INTTYPES_H 1
| #define HAVE_STDINT_H 1
| #define HAVE_UNISTD_H 1
| #define HAVE_DLFCN_H 1
| #define STDC_HEADERS 1
| #define TIME_WITH_SYS_TIME 1
| #define SIZEOF_LONG 8
| #define SIZEOF_BOOL 1
| #define HAVE_FCNTL_H 1
| #define HAVE_UNISTD_H 1
| #define HAVE_STDINT_H 1
| #define HAVE_INTTYPES_H 1
| #define HAVE_GETOPT_H 1
| #define HAVE_BYTESWAP_H 1
| #define HAVE_SYS_TIME_H 1
| #define HAVE_DEV_URANDOM 1
| #define HAVE_STRERROR 1
| #define HAVE_STRCASESTR 1
| #define HAVE_POLL 1
| #define HAVE_GETOPT 1
| #define HAVE_GETOPT_LONG 1
| #define HAVE_GETOPT_LONG_ONLY 1
| #define HAVE_SOCKETPAIR 1
| #define HAVE_STRSEP 1
| #define HAVE_INET_NTOA 1
| #define HAVE_INET_PTON 1
| #define HAVE_INET_NTOP 1
| #define HAVE_INET_ATON 1
| #define HAVE_VSNPRINTF 1
| #define HAVE_IN_PORT_T 1
| #define HAVE_SOCKLEN_T 1
| #define HAVE_STRUCT_IOVEC 1
| #define HAVE_STRUCT_SOCKADDR_STORAGE 1
| #define HAVE_FPOS_T___POS 1
| #define HAVE_MP4LIVE 1
| /* end confdefs.h.  */
| 
| /* Override any GCC internal prototype to avoid an error.
|    Use char because int might match the return type of a GCC
|    builtin and then its argument prototype would still apply.  */
| #ifdef __cplusplus
| extern "C"
| #endif
| char avcodec_init ();
| int
| main ()
| {
| return avcodec_init ();
|   ;
|   return 0;
| }
configure:26816: result: no
configure:27262: checking for lame_init in -lmp3lame
configure:27297: gcc -o conftest -g -O2   conftest.c -lmp3lame  -ldl  -lm -lz >&5
/usr/bin/ld: cannot find -lmp3lame
collect2: ld returned 1 exit status
configure:27303: $? = 1
configure: failed program was:
| /* confdefs.h.  */
| #define PACKAGE_NAME "mpeg4ip"
| #define PACKAGE_TARNAME "mpeg4ip"
| #define PACKAGE_VERSION "1.6.1"
| #define PACKAGE_STRING "mpeg4ip 1.6.1"
| #define PACKAGE_BUGREPORT ""
| #define STDC_HEADERS 1
| #define HAVE_SYS_TYPES_H 1
| #define HAVE_SYS_STAT_H 1
| #define HAVE_STDLIB_H 1
| #define HAVE_STRING_H 1
| #define HAVE_MEMORY_H 1
| #define HAVE_STRINGS_H 1
| #define HAVE_INTTYPES_H 1
| #define HAVE_STDINT_H 1
| #define HAVE_UNISTD_H 1
| #define HAVE_DLFCN_H 1
| #define STDC_HEADERS 1
| #define TIME_WITH_SYS_TIME 1
| #define SIZEOF_LONG 8
| #define SIZEOF_BOOL 1
| #define HAVE_FCNTL_H 1
| #define HAVE_UNISTD_H 1
| #define HAVE_STDINT_H 1
| #define HAVE_INTTYPES_H 1
| #define HAVE_GETOPT_H 1
| #define HAVE_BYTESWAP_H 1
| #define HAVE_SYS_TIME_H 1
| #define HAVE_DEV_URANDOM 1
| #define HAVE_STRERROR 1
| #define HAVE_STRCASESTR 1
| #define HAVE_POLL 1
| #define HAVE_GETOPT 1
| #define HAVE_GETOPT_LONG 1
| #define HAVE_GETOPT_LONG_ONLY 1
| #define HAVE_SOCKETPAIR 1
| #define HAVE_STRSEP 1
| #define HAVE_INET_NTOA 1
| #define HAVE_INET_PTON 1
| #define HAVE_INET_NTOP 1
| #define HAVE_INET_ATON 1
| #define HAVE_VSNPRINTF 1
| #define HAVE_IN_PORT_T 1
| #define HAVE_SOCKLEN_T 1
| #define HAVE_STRUCT_IOVEC 1
| #define HAVE_STRUCT_SOCKADDR_STORAGE 1
| #define HAVE_FPOS_T___POS 1
| #define HAVE_MP4LIVE 1
| /* end confdefs.h.  */
| 
| /* Override any GCC internal prototype to avoid an error.
|    Use char because int might match the return type of a GCC
|    builtin and then its argument prototype would still apply.  */
| #ifdef __cplusplus
| extern "C"
| #endif
| char lame_init ();
| int
| main ()
| {
| return lame_init ();
|   ;
|   return 0;
| }
configure:27321: result: no
configure:27363: checking for twolame_init in -ltwolame
configure:27398: gcc -o conftest -g -O2   conftest.c -ltwolame  -ldl  -lm -lz >&5
/usr/bin/ld: cannot find -ltwolame
collect2: ld returned 1 exit status
configure:27404: $? = 1
configure: failed program was:
| /* confdefs.h.  */
| #define PACKAGE_NAME "mpeg4ip"
| #define PACKAGE_TARNAME "mpeg4ip"
| #define PACKAGE_VERSION "1.6.1"
| #define PACKAGE_STRING "mpeg4ip 1.6.1"
| #define PACKAGE_BUGREPORT ""
| #define STDC_HEADERS 1
| #define HAVE_SYS_TYPES_H 1
| #define HAVE_SYS_STAT_H 1
| #define HAVE_STDLIB_H 1
| #define HAVE_STRING_H 1
| #define HAVE_MEMORY_H 1
| #define HAVE_STRINGS_H 1
| #define HAVE_INTTYPES_H 1
| #define HAVE_STDINT_H 1
| #define HAVE_UNISTD_H 1
| #define HAVE_DLFCN_H 1
| #define STDC_HEADERS 1
| #define TIME_WITH_SYS_TIME 1
| #define SIZEOF_LONG 8
| #define SIZEOF_BOOL 1
| #define HAVE_FCNTL_H 1
| #define HAVE_UNISTD_H 1
| #define HAVE_STDINT_H 1
| #define HAVE_INTTYPES_H 1
| #define HAVE_GETOPT_H 1
| #define HAVE_BYTESWAP_H 1
| #define HAVE_SYS_TIME_H 1
| #define HAVE_DEV_URANDOM 1
| #define HAVE_STRERROR 1
| #define HAVE_STRCASESTR 1
| #define HAVE_POLL 1
| #define HAVE_GETOPT 1
| #define HAVE_GETOPT_LONG 1
| #define HAVE_GETOPT_LONG_ONLY 1
| #define HAVE_SOCKETPAIR 1
| #define HAVE_STRSEP 1
| #define HAVE_INET_NTOA 1
| #define HAVE_INET_PTON 1
| #define HAVE_INET_NTOP 1
| #define HAVE_INET_ATON 1
| #define HAVE_VSNPRINTF 1
| #define HAVE_IN_PORT_T 1
| #define HAVE_SOCKLEN_T 1
| #define HAVE_STRUCT_IOVEC 1
| #define HAVE_STRUCT_SOCKADDR_STORAGE 1
| #define HAVE_FPOS_T___POS 1
| #define HAVE_MP4LIVE 1
| /* end confdefs.h.  */
| 
| /* Override any GCC internal prototype to avoid an error.
|    Use char because int might match the return type of a GCC
|    builtin and then its argument prototype would still apply.  */
| #ifdef __cplusplus
| extern "C"
| #endif
| char twolame_init ();
| int
| main ()
| {
| return twolame_init ();
|   ;
|   return 0;
| }
configure:27422: result: no
configure:27464: checking for faacEncOpen in -lfaac
configure:27499: gcc -o conftest -g -O2   conftest.c -lfaac  -ldl  -lm -lz >&5
/usr/bin/ld: cannot find -lfaac
collect2: ld returned 1 exit status
configure:27505: $? = 1
configure: failed program was:
| /* confdefs.h.  */
| #define PACKAGE_NAME "mpeg4ip"
| #define PACKAGE_TARNAME "mpeg4ip"
| #define PACKAGE_VERSION "1.6.1"
| #define PACKAGE_STRING "mpeg4ip 1.6.1"
| #define PACKAGE_BUGREPORT ""
| #define STDC_HEADERS 1
| #define HAVE_SYS_TYPES_H 1
| #define HAVE_SYS_STAT_H 1
| #define HAVE_STDLIB_H 1
| #define HAVE_STRING_H 1
| #define HAVE_MEMORY_H 1
| #define HAVE_STRINGS_H 1
| #define HAVE_INTTYPES_H 1
| #define HAVE_STDINT_H 1
| #define HAVE_UNISTD_H 1
| #define HAVE_DLFCN_H 1
| #define STDC_HEADERS 1
| #define TIME_WITH_SYS_TIME 1
| #define SIZEOF_LONG 8
| #define SIZEOF_BOOL 1
| #define HAVE_FCNTL_H 1
| #define HAVE_UNISTD_H 1
| #define HAVE_STDINT_H 1
| #define HAVE_INTTYPES_H 1
| #define HAVE_GETOPT_H 1
| #define HAVE_BYTESWAP_H 1
| #define HAVE_SYS_TIME_H 1
| #define HAVE_DEV_URANDOM 1
| #define HAVE_STRERROR 1
| #define HAVE_STRCASESTR 1
| #define HAVE_POLL 1
| #define HAVE_GETOPT 1
| #define HAVE_GETOPT_LONG 1
| #define HAVE_GETOPT_LONG_ONLY 1
| #define HAVE_SOCKETPAIR 1
| #define HAVE_STRSEP 1
| #define HAVE_INET_NTOA 1
| #define HAVE_INET_PTON 1
| #define HAVE_INET_NTOP 1
| #define HAVE_INET_ATON 1
| #define HAVE_VSNPRINTF 1
| #define HAVE_IN_PORT_T 1
| #define HAVE_SOCKLEN_T 1
| #define HAVE_STRUCT_IOVEC 1
| #define HAVE_STRUCT_SOCKADDR_STORAGE 1
| #define HAVE_FPOS_T___POS 1
| #define HAVE_MP4LIVE 1
| /* end confdefs.h.  */
| 
| /* Override any GCC internal prototype to avoid an error.
|    Use char because int might match the return type of a GCC
|    builtin and then its argument prototype would still apply.  */
| #ifdef __cplusplus
| extern "C"
| #endif
| char faacEncOpen ();
| int
| main ()
| {
| return faacEncOpen ();
|   ;
|   return 0;
| }
configure:27523: result: no
configure:27565: checking for x264_encoder_open in -lx264
configure:27600: gcc -o conftest -g -O2   conftest.c -lx264  -ldl  -lm -lz -lpthread >&5
/usr/bin/ld: cannot find -lx264
collect2: ld returned 1 exit status
configure:27606: $? = 1
configure: failed program was:
| /* confdefs.h.  */
| #define PACKAGE_NAME "mpeg4ip"
| #define PACKAGE_TARNAME "mpeg4ip"
| #define PACKAGE_VERSION "1.6.1"
| #define PACKAGE_STRING "mpeg4ip 1.6.1"
| #define PACKAGE_BUGREPORT ""
| #define STDC_HEADERS 1
| #define HAVE_SYS_TYPES_H 1
| #define HAVE_SYS_STAT_H 1
| #define HAVE_STDLIB_H 1
| #define HAVE_STRING_H 1
| #define HAVE_MEMORY_H 1
| #define HAVE_STRINGS_H 1
| #define HAVE_INTTYPES_H 1
| #define HAVE_STDINT_H 1
| #define HAVE_UNISTD_H 1
| #define HAVE_DLFCN_H 1
| #define STDC_HEADERS 1
| #define TIME_WITH_SYS_TIME 1
| #define SIZEOF_LONG 8
| #define SIZEOF_BOOL 1
| #define HAVE_FCNTL_H 1
| #define HAVE_UNISTD_H 1
| #define HAVE_STDINT_H 1
| #define HAVE_INTTYPES_H 1
| #define HAVE_GETOPT_H 1
| #define HAVE_BYTESWAP_H 1
| #define HAVE_SYS_TIME_H 1
| #define HAVE_DEV_URANDOM 1
| #define HAVE_STRERROR 1
| #define HAVE_STRCASESTR 1
| #define HAVE_POLL 1
| #define HAVE_GETOPT 1
| #define HAVE_GETOPT_LONG 1
| #define HAVE_GETOPT_LONG_ONLY 1
| #define HAVE_SOCKETPAIR 1
| #define HAVE_STRSEP 1
| #define HAVE_INET_NTOA 1
| #define HAVE_INET_PTON 1
| #define HAVE_INET_NTOP 1
| #define HAVE_INET_ATON 1
| #define HAVE_VSNPRINTF 1
| #define HAVE_IN_PORT_T 1
| #define HAVE_SOCKLEN_T 1
| #define HAVE_STRUCT_IOVEC 1
| #define HAVE_STRUCT_SOCKADDR_STORAGE 1
| #define HAVE_FPOS_T___POS 1
| #define HAVE_MP4LIVE 1
| /* end confdefs.h.  */
| 
| /* Override any GCC internal prototype to avoid an error.
|    Use char because int might match the return type of a GCC
|    builtin and then its argument prototype would still apply.  */
| #ifdef __cplusplus
| extern "C"
| #endif
| char x264_encoder_open ();
| int
| main ()
| {
| return x264_encoder_open ();
|   ;
|   return 0;
| }
configure:27624: result: no
configure:28235: ipv6 not enabled 
configure:28340: checking for pkg-config
configure:28358: found /usr/bin/pkg-config
configure:28370: result: /usr/bin/pkg-config
configure:28399: checking pkg-config is at least version 0.7
configure:28402: result: yes
configure:28420: checking for GLIB - version >= 2.0.0
configure:28544: gcc -o conftest -g -O2 -I/usr/include/glib-2.0 -I/usr/lib/glib-2.0/include     conftest.c -lglib-2.0   -ldl  >&5
configure:28547: $? = 0
configure:28553: ./conftest
configure:28556: $? = 0
configure:28576: result: yes (version 2.24.2)
configure:28690: checking for pkg-config
configure:28721: result: /usr/bin/pkg-config
configure:28743: checking for GTK+ - version >= 2.0.0
configure:28899: result: no
configure:28937: gcc -o conftest -g -O2    conftest.c -ldl   >&5
conftest.c:51:21: error: gtk/gtk.h: No such file or directory
conftest.c: In function 'main':
conftest.c:57: error: 'gtk_major_version' undeclared (first use in this function)
conftest.c:57: error: (Each undeclared identifier is reported only once
conftest.c:57: error: for each function it appears in.)
conftest.c:57: error: 'gtk_minor_version' undeclared (first use in this function)
conftest.c:57: error: 'gtk_micro_version' undeclared (first use in this function)
configure:28943: $? = 1
configure: failed program was:
| /* confdefs.h.  */
| #define PACKAGE_NAME "mpeg4ip"
| #define PACKAGE_TARNAME "mpeg4ip"
| #define PACKAGE_VERSION "1.6.1"
| #define PACKAGE_STRING "mpeg4ip 1.6.1"
| #define PACKAGE_BUGREPORT ""
| #define STDC_HEADERS 1
| #define HAVE_SYS_TYPES_H 1
| #define HAVE_SYS_STAT_H 1
| #define HAVE_STDLIB_H 1
| #define HAVE_STRING_H 1
| #define HAVE_MEMORY_H 1
| #define HAVE_STRINGS_H 1
| #define HAVE_INTTYPES_H 1
| #define HAVE_STDINT_H 1
| #define HAVE_UNISTD_H 1
| #define HAVE_DLFCN_H 1
| #define STDC_HEADERS 1
| #define TIME_WITH_SYS_TIME 1
| #define SIZEOF_LONG 8
| #define SIZEOF_BOOL 1
| #define HAVE_FCNTL_H 1
| #define HAVE_UNISTD_H 1
| #define HAVE_STDINT_H 1
| #define HAVE_INTTYPES_H 1
| #define HAVE_GETOPT_H 1
| #define HAVE_BYTESWAP_H 1
| #define HAVE_SYS_TIME_H 1
| #define HAVE_DEV_URANDOM 1
| #define HAVE_STRERROR 1
| #define HAVE_STRCASESTR 1
| #define HAVE_POLL 1
| #define HAVE_GETOPT 1
| #define HAVE_GETOPT_LONG 1
| #define HAVE_GETOPT_LONG_ONLY 1
| #define HAVE_SOCKETPAIR 1
| #define HAVE_STRSEP 1
| #define HAVE_INET_NTOA 1
| #define HAVE_INET_PTON 1
| #define HAVE_INET_NTOP 1
| #define HAVE_INET_ATON 1
| #define HAVE_VSNPRINTF 1
| #define HAVE_IN_PORT_T 1
| #define HAVE_SOCKLEN_T 1
| #define HAVE_STRUCT_IOVEC 1
| #define HAVE_STRUCT_SOCKADDR_STORAGE 1
| #define HAVE_FPOS_T___POS 1
| #define HAVE_MP4LIVE 1
| /* end confdefs.h.  */
| 
| #include <gtk/gtk.h>
| #include <stdio.h>
| 
| int
| main ()
| {
|  return ((gtk_major_version) || (gtk_minor_version) || (gtk_micro_version));
|   ;
|   return 0;
| }
configure:29013: checking glib.h usability
configure:29030: gcc -c -g -O2 -I/usr/include/glib-2.0 -I/usr/lib/glib-2.0/include    -I/usr/include/glib-2.0 -I/usr/lib/glib-2.0/include   conftest.c >&5
configure:29036: $? = 0
configure:29050: result: yes
configure:29054: checking glib.h presence
configure:29069: gcc -E  -I/usr/include/glib-2.0 -I/usr/lib/glib-2.0/include   conftest.c
configure:29075: $? = 0
configure:29089: result: yes
configure:29117: checking for glib.h
configure:29125: result: yes
configure:29174: checking for nasm
configure:29202: result: false
configure:29288: checking for X
configure:29523: result: libraries , headers 
configure:29684: gcc -o conftest -g -O2   conftest.c -ldl   -lX11 >&5
configure:29690: $? = 0
configure:29847: checking for gethostbyname
configure:29926: result: yes
configure:30071: checking for connect
configure:30150: result: yes
configure:30222: checking for remove
configure:30301: result: yes
configure:30373: checking for shmat
configure:30452: result: yes
configure:30533: checking for IceConnectionNumber in -lICE
configure:30592: result: yes
configure:30627: compiler warnings will not be errs
configure:30651: checking whether c compiler accepts -malign-loops
configure:30662: gcc -c -g -O2 -Werror -malign-loops  conftest.c >&5
cc1: error: unrecognized command line option "-malign-loops"
configure:30668: $? = 1
configure: failed program was:
| extern void f(void); void f(void){}
configure:30681: result: no
configure:30709: checking whether c compiler accepts -falign-loops
configure:30720: gcc -c -g -O2 -Werror -falign-loops  conftest.c >&5
configure:30726: $? = 0
configure:30732: result: yes
configure:30794: checking whether c compiler accepts -malign-functions
configure:30805: gcc -c -g -O2 -Werror -malign-functions  conftest.c >&5
cc1: error: unrecognized command line option "-malign-functions"
configure:30811: $? = 1
configure: failed program was:
| extern void f(void); void f(void){}
configure:30824: result: no
configure:30852: checking whether c compiler accepts -falign-functions
configure:30863: gcc -c -g -O2 -Werror -falign-functions  conftest.c >&5
configure:30869: $? = 0
configure:30875: result: yes
configure:30937: checking whether c compiler accepts -malign-jumps
configure:30948: gcc -c -g -O2 -Werror -malign-jumps  conftest.c >&5
cc1: error: unrecognized command line option "-malign-jumps"
configure:30954: $? = 1
configure: failed program was:
| extern void f(void); void f(void){}
configure:30967: result: no
configure:30995: checking whether c compiler accepts -falign-jumps
configure:31006: gcc -c -g -O2 -Werror -falign-jumps  conftest.c >&5
configure:31012: $? = 0
configure:31018: result: yes
configure:31070: checking whether c compiler accepts -Wmissing-prototypes
configure:31081: gcc -c -g -O2 -Werror -Wmissing-prototypes  conftest.c >&5
configure:31087: $? = 0
configure:31093: result: yes
configure:31118: checking whether c compiler accepts -Wstrict-prototypes
configure:31129: gcc -c -g -O2 -Werror -Wstrict-prototypes  conftest.c >&5
configure:31135: $? = 0
configure:31141: result: yes
configure:31166: checking whether c compiler accepts -Wmissing-declarations
configure:31177: gcc -c -g -O2 -Werror -Wmissing-declarations  conftest.c >&5
configure:31183: $? = 0
configure:31189: result: yes
configure:31214: checking whether c compiler accepts -Wmissing-field-initializers
configure:31225: gcc -c -g -O2 -Werror -Wmissing-field-initializers  conftest.c >&5
configure:31231: $? = 0
configure:31237: result: yes
configure:31262: checking whether c compiler accepts -Wno-char-subscripts
configure:31273: gcc -c -g -O2 -Werror -Wno-char-subscripts  conftest.c >&5
configure:31279: $? = 0
configure:31285: result: yes
configure:31310: checking whether c compiler accepts -Wno-unknown-pragmas
configure:31321: gcc -c -g -O2 -Werror -Wno-unknown-pragmas  conftest.c >&5
configure:31327: $? = 0
configure:31333: result: yes
configure:31358: checking whether c compiler accepts -Wformat=2
configure:31369: gcc -c -g -O2 -Werror -Wformat=2  conftest.c >&5
configure:31375: $? = 0
configure:31381: result: yes
configure:31406: checking whether c compiler accepts -Wdeclaration-after-statement
configure:31417: gcc -c -g -O2 -Werror -Wdeclaration-after-statement  conftest.c >&5
configure:31423: $? = 0
configure:31429: result: yes
configure:31454: checking whether c compiler accepts -Wpointer-arith
configure:31465: gcc -c -g -O2 -Werror -Wpointer-arith  conftest.c >&5
configure:31471: $? = 0
configure:31477: result: yes
configure:31502: checking whether c compiler accepts -Wsign-compare
configure:31513: gcc -c -g -O2 -Werror -Wsign-compare  conftest.c >&5
configure:31519: $? = 0
configure:31525: result: yes
configure:31550: checking whether c compiler accepts -Wswitch-enum
configure:31561: gcc -c -g -O2 -Werror -Wswitch-enum  conftest.c >&5
configure:31567: $? = 0
configure:31573: result: yes
configure:31598: checking whether c compiler accepts -Wtraditional
configure:31609: gcc -c -g -O2 -Werror -Wtraditional  conftest.c >&5
cc1: warnings being treated as errors
conftest.c: In function 'f':
conftest.c:1: error: traditional C rejects ISO C style function definitions
configure:31615: $? = 1
configure: failed program was:
| extern void f(void); void f(void){}
configure:31628: result: no
configure:31646: checking whether c compiler accepts -Wnested-externs
configure:31657: gcc -c -g -O2 -Werror -Wnested-externs  conftest.c >&5
configure:31663: $? = 0
configure:31669: result: yes
configure:31702: checking whether c++ compiler accepts -Wmissing-prototypes
configure:31713: g++ -c -g -O2 -Werror -Wmissing-prototypes  conftest.cpp >&5
cc1plus: warnings being treated as errors
cc1plus: error: command line option "-Wmissing-prototypes" is valid for Ada/C/ObjC but not for C++
configure:31719: $? = 1
configure: failed program was:
| extern void f(void); void f(void){}
configure:31732: result: no
configure:31750: checking whether c++ compiler accepts -Wmissing-field-initializers
configure:31761: g++ -c -g -O2 -Werror -Wmissing-field-initializers  conftest.cpp >&5
configure:31767: $? = 0
configure:31773: result: yes
configure:31798: checking whether c++ compiler accepts -Wno-char-subscripts
configure:31809: g++ -c -g -O2 -Werror -Wno-char-subscripts  conftest.cpp >&5
configure:31815: $? = 0
configure:31821: result: yes
configure:31846: checking whether c++ compiler accepts -Woverloaded-virtual
configure:31857: g++ -c -g -O2 -Werror -Woverloaded-virtual  conftest.cpp >&5
configure:31863: $? = 0
configure:31869: result: yes
configure:31894: checking whether c++ compiler accepts -Wno-unknown-pragmas
configure:31905: g++ -c -g -O2 -Werror -Wno-unknown-pragmas  conftest.cpp >&5
configure:31911: $? = 0
configure:31917: result: yes
configure:31942: checking whether c++ compiler accepts -Wno-deprecated
configure:31953: g++ -c -g -O2 -Werror -Wno-deprecated  conftest.cpp >&5
configure:31959: $? = 0
configure:31965: result: yes
configure:31990: checking whether c++ compiler accepts -Wformat=2
configure:32001: g++ -c -g -O2 -Werror -Wformat=2  conftest.cpp >&5
configure:32007: $? = 0
configure:32013: result: yes
configure:32038: checking whether c++ compiler accepts -Wpointer-arith
configure:32049: g++ -c -g -O2 -Werror -Wpointer-arith  conftest.cpp >&5
configure:32055: $? = 0
configure:32061: result: yes
configure:32086: checking whether c++ compiler accepts -Wsign-compare
configure:32097: g++ -c -g -O2 -Werror -Wsign-compare  conftest.cpp >&5
configure:32103: $? = 0
configure:32109: result: yes
configure:32134: checking whether c++ compiler accepts -fno-strict-aliasing
configure:32145: g++ -c -g -O2 -Werror -fno-strict-aliasing  conftest.cpp >&5
configure:32151: $? = 0
configure:32157: result: yes
configure:32536: creating ./config.status

## ---------------------- ##
## Running config.status. ##
## ---------------------- ##

This file was extended by mpeg4ip config.status 1.6.1, which was
generated by GNU Autoconf 2.61.  Invocation command line was

  CONFIG_FILES    = 
  CONFIG_HEADERS  = 
  CONFIG_LINKS    = 
  CONFIG_COMMANDS = 
  $ ./config.status 

on debian

config.status:832: creating Makefile
config.status:832: creating common/Makefile
config.status:832: creating common/video/Makefile
config.status:832: creating doc/Makefile
config.status:832: creating doc/ietf/Makefile
config.status:832: creating doc/mcast/Makefile
config.status:832: creating doc/programs/Makefile
config.status:832: creating doc/mp4v2/Makefile
config.status:832: creating include/Makefile
config.status:832: creating lib/Makefile
config.status:832: creating lib/audio/Makefile
config.status:832: creating lib/avi/Makefile
config.status:832: creating lib/fposrec/Makefile
config.status:832: creating lib/ffmpeg/Makefile
config.status:832: creating lib/gnu/Makefile
config.status:832: creating lib/mp4/Makefile
config.status:832: creating lib/ismacryp/Makefile
config.status:832: creating lib/srtp/Makefile
config.status:832: creating lib/mp4/doc/Makefile
config.status:832: creating lib/mp4v2/Makefile
config.status:832: creating lib/mp4v2/test/Makefile
config.status:832: creating lib/mp4v2/util/Makefile
config.status:832: creating lib/mp4av/Makefile
config.status:832: creating lib/mpeg2ps/Makefile
config.status:832: creating lib/mpeg2t/Makefile
config.status:832: creating lib/msg_queue/Makefile
config.status:832: creating lib/rtp/Makefile
config.status:832: creating lib/sdp/Makefile
config.status:832: creating lib/utils/Makefile
config.status:832: creating server/Makefile
config.status:832: creating server/mp4live/Makefile
config.status:832: creating server/mp4live/gui/Makefile
config.status:832: creating server/mp4live/h261/Makefile
config.status:832: creating server/mp4creator/Makefile
config.status:832: creating server/util/Makefile
config.status:832: creating server/util/mp4encode/Makefile
config.status:832: creating server/util/avi2raw/Makefile
config.status:832: creating server/util/avidump/Makefile
config.status:832: creating server/util/rgb2yuv/Makefile
config.status:832: creating server/util/lboxcrop/Makefile
config.status:832: creating player/Makefile
config.status:832: creating player/lib/Makefile
config.status:832: creating player/lib/libhttp/Makefile
config.status:832: creating player/lib/rtsp/Makefile
config.status:832: creating player/lib/audio/Makefile
config.status:832: creating player/lib/audio/celp/Makefile
config.status:832: creating player/lib/audio/celp/BS/Makefile
config.status:832: creating player/lib/audio/celp/dec/Makefile
config.status:832: creating player/lib/audio/celp/include/Makefile
config.status:832: creating player/lib/audio/faad/Makefile
config.status:832: creating player/lib/audio/mp3util/Makefile
config.status:832: creating player/lib/audio/portaudio/Makefile
config.status:832: creating player/lib/mp4util/Makefile
config.status:832: creating player/plugin/Makefile
config.status:832: creating player/plugin/audio/Makefile
config.status:832: creating player/plugin/audio/a52dec/Makefile
config.status:832: creating player/plugin/audio/celp/Makefile
config.status:832: creating player/plugin/audio/ffmpeg/Makefile
config.status:832: creating player/plugin/audio/g711/Makefile
config.status:832: creating player/plugin/audio/raw/Makefile
config.status:832: creating player/plugin/rtp/Makefile
config.status:832: creating player/plugin/rtp/h261/Makefile
config.status:832: creating player/plugin/rtp/h264/Makefile
config.status:832: creating player/plugin/rtp/isma_audio/Makefile
config.status:832: creating player/plugin/rtp/isma_href/Makefile
config.status:832: creating player/plugin/rtp/isma_video/Makefile
config.status:832: creating player/plugin/rtp/rfc2429/Makefile
config.status:832: creating player/plugin/rtp/rfc3016/Makefile
config.status:832: creating player/plugin/rtp/rfc3267/Makefile
config.status:832: creating player/plugin/text/Makefile
config.status:832: creating player/plugin/text/href/Makefile
config.status:832: creating player/plugin/text/plain/Makefile
config.status:832: creating player/plugin/video/Makefile
config.status:832: creating player/plugin/video/ffmpeg/Makefile
config.status:832: creating player/plugin/video/h261/Makefile
config.status:832: creating player/plugin/video/mpeg2dec/Makefile
config.status:832: creating player/plugin/video/raw/Makefile
config.status:832: creating player/plugin/video/xvid/Makefile
config.status:832: creating player/src/Makefile
config.status:832: creating player/src/codec/Makefile
config.status:832: creating player/src/codec/aa/Makefile
config.status:832: creating player/src/codec/mp3/Makefile
config.status:832: creating player/src/codec/mpeg4/Makefile
config.status:832: creating player/src/codec/wav/Makefile
config.status:832: creating player/src/win_client/Makefile
config.status:832: creating player/src/win_common/Makefile
config.status:832: creating player/src/win_gui/Makefile
config.status:832: creating player/src/win_gui/hlp/Makefile
config.status:832: creating player/src/win_gui/res/Makefile
config.status:832: creating util/Makefile
config.status:832: creating util/h264/Makefile
config.status:832: creating util/iptv/Makefile
config.status:832: creating util/mpeg2/Makefile
config.status:832: creating util/mpeg4vol/Makefile
config.status:832: creating util/yuv/Makefile
config.status:832: creating mpeg4ip-config
config.status:832: creating mpeg4ip_config.h
config.status:1137: executing depfiles commands
configure:34035: === configuring in lib/SDLAudio (/home/cedar/.cedar/local/video/mpeg4ip-1.6.1/lib/SDLAudio)
configure:34138: running /bin/bash ./configure '--prefix=/usr/local'  --cache-file=/dev/null --srcdir=.
configure:34035: === configuring in common/video/iso-mpeg4 (/home/cedar/.cedar/local/video/mpeg4ip-1.6.1/common/video/iso-mpeg4)
configure:34138: running /bin/bash ./configure '--prefix=/usr/local'  --cache-file=/dev/null --srcdir=.

## ---------------- ##
## Cache variables. ##
## ---------------- ##

ac_cv_build=x86_64-unknown-linux-gnu
ac_cv_c_bigendian=no
ac_cv_c_compiler_gnu=yes
ac_cv_c_const=yes
ac_cv_c_inline=inline
ac_cv_cxx_compiler_gnu=yes
ac_cv_env_CCC_set=
ac_cv_env_CCC_value=
ac_cv_env_CC_set=
ac_cv_env_CC_value=
ac_cv_env_CFLAGS_set=
ac_cv_env_CFLAGS_value=
ac_cv_env_CPPFLAGS_set=
ac_cv_env_CPPFLAGS_value=
ac_cv_env_CPP_set=
ac_cv_env_CPP_value=
ac_cv_env_CXXCPP_set=
ac_cv_env_CXXCPP_value=
ac_cv_env_CXXFLAGS_set=
ac_cv_env_CXXFLAGS_value=
ac_cv_env_CXX_set=
ac_cv_env_CXX_value=
ac_cv_env_F77_set=
ac_cv_env_F77_value=
ac_cv_env_FFLAGS_set=
ac_cv_env_FFLAGS_value=
ac_cv_env_LDFLAGS_set=
ac_cv_env_LDFLAGS_value=
ac_cv_env_LIBS_set=
ac_cv_env_LIBS_value=
ac_cv_env_PKG_CONFIG_set=
ac_cv_env_PKG_CONFIG_value=
ac_cv_env_XMKMF_set=
ac_cv_env_XMKMF_value=
ac_cv_env_build_alias_set=
ac_cv_env_build_alias_value=
ac_cv_env_host_alias_set=
ac_cv_env_host_alias_value=
ac_cv_env_target_alias_set=
ac_cv_env_target_alias_value=
ac_cv_f77_compiler_gnu=no
ac_cv_file___bootstrapped=yes
ac_cv_file__dev_urandom=yes
ac_cv_func_connect=yes
ac_cv_func_dlopen=no
ac_cv_func_gethostbyname=yes
ac_cv_func_getopt=yes
ac_cv_func_getopt_long=yes
ac_cv_func_getopt_long_only=yes
ac_cv_func_inet_aton=yes
ac_cv_func_inet_ntoa=yes
ac_cv_func_inet_ntop=yes
ac_cv_func_inet_pton=yes
ac_cv_func_poll=yes
ac_cv_func_remove=yes
ac_cv_func_shl_load=no
ac_cv_func_shmat=yes
ac_cv_func_socketpair=yes
ac_cv_func_strcasestr=yes
ac_cv_func_strerror=yes
ac_cv_func_strsep=yes
ac_cv_func_vsnprintf=yes
ac_cv_have_x='have_x=yes	ac_x_includes='\'''\''	ac_x_libraries='\'''\'''
ac_cv_header_byteswap_h=yes
ac_cv_header_dlfcn_h=yes
ac_cv_header_fcntl_h=yes
ac_cv_header_getopt_h=yes
ac_cv_header_glib_h=yes
ac_cv_header_id3_tag_h=no
ac_cv_header_inttypes_h=yes
ac_cv_header_memory_h=yes
ac_cv_header_stdc=yes
ac_cv_header_stdint_h=yes
ac_cv_header_stdlib_h=yes
ac_cv_header_string_h=yes
ac_cv_header_strings_h=yes
ac_cv_header_sys_stat_h=yes
ac_cv_header_sys_time_h=yes
ac_cv_header_sys_types_h=yes
ac_cv_header_time=yes
ac_cv_header_unistd_h=yes
ac_cv_header_xvid_h=no
ac_cv_host=x86_64-unknown-linux-gnu
ac_cv_lib_ICE_IceConnectionNumber=yes
ac_cv_lib_a52_a52_syncinfo=no
ac_cv_lib_avcodec_avcodec_init=no
ac_cv_lib_avutil_av_crc_init=no
ac_cv_lib_dl_dlopen=yes
ac_cv_lib_dld_shl_load=no
ac_cv_lib_faac_faacEncOpen=no
ac_cv_lib_gnugetopt_getopt_long=no
ac_cv_lib_mad_mad_decoder_init=no
ac_cv_lib_mp3lame_lame_init=no
ac_cv_lib_mpeg2_mpeg2_init=no
ac_cv_lib_socket_socket=no
ac_cv_lib_srtp_srtp_init=no
ac_cv_lib_twolame_twolame_init=no
ac_cv_lib_vorbis_vorbis_bitrate_init=no
ac_cv_lib_x264_x264_encoder_open=no
ac_cv_member_fpos_t___pos=yes
ac_cv_objext=o
ac_cv_path_EGREP='/bin/grep -E'
ac_cv_path_GREP=/bin/grep
ac_cv_path_PKG_CONFIG=/usr/bin/pkg-config
ac_cv_path_ac_pt_PKG_CONFIG=/usr/bin/pkg-config
ac_cv_path_install='/usr/bin/install -c'
ac_cv_prog_AWK=mawk
ac_cv_prog_CPP='gcc -E'
ac_cv_prog_CXXCPP='g++ -E'
ac_cv_prog_USENASM=false
ac_cv_prog_ac_ct_AR=ar
ac_cv_prog_ac_ct_CC=gcc
ac_cv_prog_ac_ct_CXX=g++
ac_cv_prog_ac_ct_RANLIB=ranlib
ac_cv_prog_ac_ct_STRIP=strip
ac_cv_prog_cc_c89=
ac_cv_prog_cc_g=yes
ac_cv_prog_cxx_g=yes
ac_cv_prog_f77_g=no
ac_cv_prog_make_make_set=yes
ac_cv_search_dlopen=-ldl
ac_cv_search_inet_addr='none required'
ac_cv_search_inet_aton='none required'
ac_cv_sizeof_bool=1
ac_cv_sizeof_long=8
ac_cv_target=x86_64-unknown-linux-gnu
ac_cv_type_bool=yes
ac_cv_type_in_port_t=yes
ac_cv_type_long=yes
ac_cv_type_socklen_t=yes
ac_cv_type_struct_iovec=yes
ac_cv_type_struct_sockaddr_storage=yes
ac_cv_type_struct_v4l2_buffer=yes
am_cv_CC_dependencies_compiler_type=gcc3
am_cv_CXX_dependencies_compiler_type=gcc3
lt_cv_deplibs_check_method=pass_all
lt_cv_dlopen=dlopen
lt_cv_dlopen_libs=-ldl
lt_cv_dlopen_self=yes
lt_cv_dlopen_self_static=no
lt_cv_file_magic_cmd='$MAGIC_CMD'
lt_cv_file_magic_test_file=
lt_cv_ld_reload_flag=-r
lt_cv_objdir=.libs
lt_cv_path_LD=/usr/bin/ld
lt_cv_path_LDCXX='/usr/bin/ld -m elf_x86_64'
lt_cv_path_NM='/usr/bin/nm -B'
lt_cv_path_SED=/bin/sed
lt_cv_prog_compiler_c_o=yes
lt_cv_prog_compiler_c_o_CXX=yes
lt_cv_prog_compiler_rtti_exceptions=no
lt_cv_prog_gnu_ld=yes
lt_cv_prog_gnu_ldcxx=yes
lt_cv_sys_global_symbol_pipe='sed -n -e '\''s/^.*[ 	]\([ABCDGIRSTW][ABCDGIRSTW]*\)[ 	][ 	]*\([_A-Za-z][_A-Za-z0-9]*\)$/\1 \2 \2/p'\'''
lt_cv_sys_global_symbol_to_c_name_address='sed -n -e '\''s/^: \([^ ]*\) $/  {\"\1\", (lt_ptr) 0},/p'\'' -e '\''s/^[BCDEGRST] \([^ ]*\) \([^ ]*\)$/  {"\2", (lt_ptr) \&\2},/p'\'''
lt_cv_sys_global_symbol_to_cdecl='sed -n -e '\''s/^. .* \(.*\)$/extern int \1;/p'\'''
lt_cv_sys_max_cmd_len=1572864
lt_lt_cv_prog_compiler_c_o='"yes"'
lt_lt_cv_prog_compiler_c_o_CXX='"yes"'
lt_lt_cv_sys_global_symbol_pipe='"sed -n -e '\''s/^.*[ 	]\\([ABCDGIRSTW][ABCDGIRSTW]*\\)[ 	][ 	]*\\([_A-Za-z][_A-Za-z0-9]*\\)\$/\\1 \\2 \\2/p'\''"'
lt_lt_cv_sys_global_symbol_to_c_name_address='"sed -n -e '\''s/^: \\([^ ]*\\) \$/  {\\\"\\1\\\", (lt_ptr) 0},/p'\'' -e '\''s/^[BCDEGRST] \\([^ ]*\\) \\([^ ]*\\)\$/  {\"\\2\", (lt_ptr) \\&\\2},/p'\''"'
lt_lt_cv_sys_global_symbol_to_cdecl='"sed -n -e '\''s/^. .* \\(.*\\)\$/extern int \\1;/p'\''"'

## ----------------- ##
## Output variables. ##
## ----------------- ##

ACLOCAL='${SHELL} /home/cedar/.cedar/local/video/mpeg4ip-1.6.1/missing --run aclocal-1.9'
ACLOCAL_AMFLAGS=''
ALIGN_FUNCS='-falign-functions'
ALIGN_JUMPS='-falign-jumps'
ALIGN_LOOPS='-falign-loops'
AMDEPBACKSLASH='\'
AMDEP_FALSE='#'
AMDEP_TRUE=''
AMTAR='${SHELL} /home/cedar/.cedar/local/video/mpeg4ip-1.6.1/missing --run tar'
AR='ar'
AS='gcc'
ASFLAGS=''
AUTOCONF='${SHELL} /home/cedar/.cedar/local/video/mpeg4ip-1.6.1/missing --run autoconf'
AUTOHEADER='${SHELL} /home/cedar/.cedar/local/video/mpeg4ip-1.6.1/missing --run autoheader'
AUTOMAKE='${SHELL} /home/cedar/.cedar/local/video/mpeg4ip-1.6.1/missing --run automake-1.9'
AWK='mawk'
BILLS_CPPWARNINGS='-Wall -Wno-char-subscripts -Woverloaded-virtual -Wno-unknown-pragmas -Wno-deprecated -Wformat=2 -Wpointer-arith -Wsign-compare -fno-strict-aliasing'
BILLS_CWARNINGS='-Wall -Wmissing-prototypes -Wstrict-prototypes -Wmissing-declarations -Wmissing-field-initializers -Wno-char-subscripts -Wno-unknown-pragmas -Wformat=2 -Wdeclaration-after-statement -Wpointer-arith -Wsign-compare -Wswitch-enum -Wnested-externs -Wmissing-field-initializers'
CC='gcc'
CCAS='gcc'
CCASFLAGS=''
CCDEPMODE='depmode=gcc3'
CFLAGS='-g -O2 -DMPEG4IP -I/usr/include/SDL -D_GNU_SOURCE=1 -D_REENTRANT'
CPP='gcc -E'
CPPFLAGS=''
CXX='g++'
CXXCPP='g++ -E'
CXXDEPMODE='depmode=gcc3'
CXXFLAGS='-g -O2 -DMPEG4IP -I/usr/include/SDL -D_GNU_SOURCE=1 -D_REENTRANT'
CYGPATH_W='echo'
DEFS='-DHAVE_CONFIG_H'
DEPDIR='.deps'
ECHO='echo'
ECHO_C=''
ECHO_N='-n'
ECHO_T=''
EGREP='/bin/grep -E'
EXEEXT=''
F77=''
FAAC_LIB=''
FFLAGS=''
FFMPEG_INC=''
FFMPEG_LIB=''
GLIB_CFLAGS=''
GLIB_GENMARSHAL='glib-genmarshal'
GLIB_LIBS=''
GLIB_MKENUMS='glib-mkenums'
GOBJECT_QUERY='gobject-query'
GREP='/bin/grep'
GTK_CFLAGS=''
GTK_LIBS=''
HAVE_A52DEC_LIB_FALSE=''
HAVE_A52DEC_LIB_TRUE='#'
HAVE_ALIGN_FUNCS_FALSE='#'
HAVE_ALIGN_FUNCS_TRUE=''
HAVE_ALIGN_JUMPS_FALSE='#'
HAVE_ALIGN_JUMPS_TRUE=''
HAVE_ALIGN_LOOPS_FALSE='#'
HAVE_ALIGN_LOOPS_TRUE=''
HAVE_FFMPEG_FALSE=''
HAVE_FFMPEG_TRUE='#'
HAVE_ID3_TAG_FALSE=''
HAVE_ID3_TAG_TRUE='#'
HAVE_LIBMAD_FALSE=''
HAVE_LIBMAD_TRUE='#'
HAVE_LIBMPEG2_FALSE=''
HAVE_LIBMPEG2_TRUE='#'
HAVE_MAC_OSX_FALSE=''
HAVE_MAC_OSX_TRUE='#'
HAVE_X264_FALSE=''
HAVE_X264_TRUE='#'
HAVE_XVID_1_0_FALSE=''
HAVE_XVID_1_0_TRUE='#'
INSTALL_DATA='${INSTALL} -m 644'
INSTALL_PROGRAM='${INSTALL}'
INSTALL_SCRIPT='${INSTALL}'
INSTALL_STRIP_PROGRAM='${SHELL} $(install_sh) -c -s'
LAME_LIB=''
LDFLAGS=''
LIBOBJS=''
LIBS='-ldl '
LIBTOOL='$(SHELL) $(top_builddir)/libtool'
LIBTOOL_C_TAG='--tag=CXX'
LIBVORBIS_LIB=''
LN_S='ln -s'
LTLIBOBJS=''
MAKEINFO='${SHELL} /home/cedar/.cedar/local/video/mpeg4ip-1.6.1/missing --run makeinfo'
MP4LIVE_FALSE='#'
MP4LIVE_TRUE=''
NASM=''
NASMFLAGS=''
NO_GLIB_GTK_FALSE='#'
NO_GLIB_GTK_TRUE=''
NO_XVID_FALSE='#'
NO_XVID_TRUE=''
OBJC='???'
OBJEXT='o'
PACKAGE='mpeg4ip'
PACKAGE_BUGREPORT=''
PACKAGE_NAME='mpeg4ip'
PACKAGE_STRING='mpeg4ip 1.6.1'
PACKAGE_TARNAME='mpeg4ip'
PACKAGE_VERSION='1.6.1'
PATH_SEPARATOR=':'
PKG_CONFIG='/usr/bin/pkg-config'
PLAYER_FALSE='#'
PLAYER_PLUGIN_DIR='${exec_prefix}/lib/mp4player_plugin'
PLAYER_TRUE=''
RANLIB='ranlib'
SDL_LIBS='-L/usr/lib -lSDL  -lX11 -lXext'
SDL_LIB_LIBS='-L/usr/lib -lSDL'
SED='/bin/sed'
SERVER_FALSE='#'
SERVER_TRUE=''
SET_MAKE=''
SHELL='/bin/bash'
SRTPLIB=''
STRIP='strip'
SUN_LIBS=''
TWOLAME_LIB=''
USENASM='false'
VERSION='1.6.1'
X264_LIB=''
XMKMF=''
X_CFLAGS=''
X_EXTRA_LIBS=''
X_LIBS=''
X_PRE_LIBS=' -lSM -lICE -lSM -lICE'
ac_ct_CC='gcc'
ac_ct_CXX='g++'
ac_ct_F77=''
am__fastdepCC_FALSE='#'
am__fastdepCC_TRUE=''
am__fastdepCXX_FALSE='#'
am__fastdepCXX_TRUE=''
am__include='include'
am__leading_dot='.'
am__quote=''
am__tar='${AMTAR} chof - "$$tardir"'
am__untar='${AMTAR} xf -'
bindir='${exec_prefix}/bin'
build='x86_64-unknown-linux-gnu'
build_alias=''
build_cpu='x86_64'
build_os='linux-gnu'
build_vendor='unknown'
datadir='${datarootdir}'
datarootdir='${prefix}/share'
docdir='${datarootdir}/doc/${PACKAGE_TARNAME}'
dvidir='${docdir}'
exec_prefix='${prefix}'
host='x86_64-unknown-linux-gnu'
host_alias=''
host_cpu='x86_64'
host_os='linux-gnu'
host_vendor='unknown'
htmldir='${docdir}'
includedir='${prefix}/include'
infodir='${datarootdir}/info'
install_sh='/home/cedar/.cedar/local/video/mpeg4ip-1.6.1/install-sh'
libdir='${exec_prefix}/lib'
libexecdir='${exec_prefix}/libexec'
localedir='${datarootdir}/locale'
localstatedir='${prefix}/var'
mandir='${datarootdir}/man'
mkdir_p='mkdir -p --'
oldincludedir='/usr/include'
pdfdir='${docdir}'
prefix='/usr/local'
program_transform_name='s,x,x,'
psdir='${docdir}'
sbindir='${exec_prefix}/sbin'
sharedstatedir='${prefix}/com'
subdirs=' lib/SDLAudio common/video/iso-mpeg4'
sysconfdir='${prefix}/etc'
target='x86_64-unknown-linux-gnu'
target_alias=''
target_cpu='x86_64'
target_os='linux-gnu'
target_vendor='unknown'

## ----------- ##
## confdefs.h. ##
## ----------- ##

#define PACKAGE_NAME "mpeg4ip"
#define PACKAGE_TARNAME "mpeg4ip"
#define PACKAGE_VERSION "1.6.1"
#define PACKAGE_STRING "mpeg4ip 1.6.1"
#define PACKAGE_BUGREPORT ""
#define STDC_HEADERS 1
#define HAVE_SYS_TYPES_H 1
#define HAVE_SYS_STAT_H 1
#define HAVE_STDLIB_H 1
#define HAVE_STRING_H 1
#define HAVE_MEMORY_H 1
#define HAVE_STRINGS_H 1
#define HAVE_INTTYPES_H 1
#define HAVE_STDINT_H 1
#define HAVE_UNISTD_H 1
#define HAVE_DLFCN_H 1
#define STDC_HEADERS 1
#define TIME_WITH_SYS_TIME 1
#define SIZEOF_LONG 8
#define SIZEOF_BOOL 1
#define HAVE_FCNTL_H 1
#define HAVE_UNISTD_H 1
#define HAVE_STDINT_H 1
#define HAVE_INTTYPES_H 1
#define HAVE_GETOPT_H 1
#define HAVE_BYTESWAP_H 1
#define HAVE_SYS_TIME_H 1
#define HAVE_DEV_URANDOM 1
#define HAVE_STRERROR 1
#define HAVE_STRCASESTR 1
#define HAVE_POLL 1
#define HAVE_GETOPT 1
#define HAVE_GETOPT_LONG 1
#define HAVE_GETOPT_LONG_ONLY 1
#define HAVE_SOCKETPAIR 1
#define HAVE_STRSEP 1
#define HAVE_INET_NTOA 1
#define HAVE_INET_PTON 1
#define HAVE_INET_NTOP 1
#define HAVE_INET_ATON 1
#define HAVE_VSNPRINTF 1
#define HAVE_IN_PORT_T 1
#define HAVE_SOCKLEN_T 1
#define HAVE_STRUCT_IOVEC 1
#define HAVE_STRUCT_SOCKADDR_STORAGE 1
#define HAVE_FPOS_T___POS 1
#define HAVE_MP4LIVE 1
#define HAVE_GLIB_H 1

configure: exit 0
