This file contains any messages produced by compilers while
running configure, to aid debugging if configure makes a mistake.

It was created by configure, which was
generated by GNU Autoconf 2.61.  Invocation command line was

  $ ./configure --prefix=/usr/local --cache-file=/dev/null --srcdir=.

## --------- ##
## Platform. ##
## --------- ##

hostname = debian
uname -m = x86_64
uname -r = 2.6.32-5-amd64
uname -s = Linux
uname -v = #1 SMP Fri Feb 15 15:39:52 UTC 2013

/usr/bin/uname -p = unknown
/bin/uname -X     = unknown

/bin/arch              = unknown
/usr/bin/arch -k       = unknown
/usr/convex/getsysinfo = unknown
/usr/bin/hostinfo      = unknown
/bin/machine           = unknown
/usr/bin/oslevel       = unknown
/bin/universe          = unknown

PATH: /home/cedar/.cedar/bin
PATH: /home/cedar/bin
PATH: /usr/local/bin
PATH: /usr/bin
PATH: /bin
PATH: /usr/local/games
PATH: /usr/games


## ----------- ##
## Core tests. ##
## ----------- ##

configure:2122: checking build system type
configure:2140: result: x86_64-unknown-linux-gnu
configure:2162: checking host system type
configure:2177: result: x86_64-unknown-linux-gnu
configure:2199: checking target system type
configure:2214: result: x86_64-unknown-linux-gnu
configure:2257: checking for a BSD-compatible install
configure:2313: result: /usr/bin/install -c
configure:2324: checking whether build environment is sane
configure:2367: result: yes
configure:2432: checking for gawk
configure:2462: result: no
configure:2432: checking for mawk
configure:2448: found /usr/bin/mawk
configure:2459: result: mawk
configure:2470: checking whether make sets $(MAKE)
configure:2491: result: yes
configure:2763: checking for style of include used by make
configure:2791: result: GNU
configure:2864: checking for gcc
configure:2880: found /usr/bin/gcc
configure:2891: result: gcc
configure:3129: checking for C compiler version
configure:3136: gcc --version >&5
gcc (Debian 4.4.5-8) 4.4.5
Copyright (C) 2010 Free Software Foundation, Inc.
This is free software; see the source for copying conditions.  There is NO
warranty; not even for MERCHANTABILITY or FITNESS FOR A PARTICULAR PURPOSE.

configure:3139: $? = 0
configure:3146: gcc -v >&5
Using built-in specs.
Target: x86_64-linux-gnu
Configured with: ../src/configure -v --with-pkgversion='Debian 4.4.5-8' --with-bugurl=file:///usr/share/doc/gcc-4.4/README.Bugs --enable-languages=c,c++,fortran,objc,obj-c++ --prefix=/usr --program-suffix=-4.4 --enable-shared --enable-multiarch --enable-linker-build-id --with-system-zlib --libexecdir=/usr/lib --without-included-gettext --enable-threads=posix --with-gxx-include-dir=/usr/include/c++/4.4 --libdir=/usr/lib --enable-nls --enable-clocale=gnu --enable-libstdcxx-debug --enable-objc-gc --with-arch-32=i586 --with-tune=generic --enable-checking=release --build=x86_64-linux-gnu --host=x86_64-linux-gnu --target=x86_64-linux-gnu
Thread model: posix
gcc version 4.4.5 (Debian 4.4.5-8) 
configure:3149: $? = 0
configure:3156: gcc -V >&5
gcc: '-V' option must have argument
configure:3159: $? = 1
configure:3182: checking for C compiler default output file name
configure:3209: gcc    conftest.c  >&5
configure:3212: $? = 0
configure:3250: result: a.out
configure:3267: checking whether the C compiler works
configure:3277: ./a.out
configure:3280: $? = 0
configure:3297: result: yes
configure:3304: checking whether we are cross compiling
configure:3306: result: no
configure:3309: checking for suffix of executables
configure:3316: gcc -o conftest    conftest.c  >&5
configure:3319: $? = 0
configure:3343: result: 
configure:3349: checking for suffix of object files
configure:3375: gcc -c   conftest.c >&5
configure:3378: $? = 0
configure:3401: result: o
configure:3405: checking whether we are using the GNU C compiler
configure:3434: gcc -c   conftest.c >&5
configure:3440: $? = 0
configure:3457: result: yes
configure:3462: checking whether gcc accepts -g
configure:3492: gcc -c -g  conftest.c >&5
configure:3498: $? = 0
configure:3597: result: yes
configure:3614: checking for gcc option to accept ISO C89
configure:3688: gcc  -c -g -O2  conftest.c >&5
configure:3694: $? = 0
configure:3717: result: none needed
configure:3737: checking dependency style of gcc
configure:3827: result: gcc3
configure:3844: checking for a sed that does not truncate output
configure:3900: result: /bin/sed
configure:3903: checking for grep that handles long lines and -e
configure:3977: result: /bin/grep
configure:3982: checking for egrep
configure:4060: result: /bin/grep -E
configure:4076: checking for ld used by gcc
configure:4143: result: /usr/bin/ld
configure:4152: checking if the linker (/usr/bin/ld) is GNU ld
configure:4167: result: yes
configure:4172: checking for /usr/bin/ld option to reload object files
configure:4179: result: -r
configure:4197: checking for BSD-compatible nm
configure:4246: result: /usr/bin/nm -B
configure:4250: checking whether ln -s works
configure:4254: result: yes
configure:4261: checking how to recognize dependent libraries
configure:4447: result: pass_all
configure:4536: gcc -c -g -O2  conftest.c >&5
configure:4539: $? = 0
configure:4978: checking how to run the C preprocessor
configure:5018: gcc -E  conftest.c
configure:5024: $? = 0
configure:5055: gcc -E  conftest.c
conftest.c:10:28: error: ac_nonexistent.h: No such file or directory
configure:5061: $? = 1
configure: failed program was:
| /* confdefs.h.  */
| #define PACKAGE_NAME ""
| #define PACKAGE_TARNAME ""
| #define PACKAGE_VERSION ""
| #define PACKAGE_STRING ""
| #define PACKAGE_BUGREPORT ""
| #define PACKAGE "SDL"
| #define VERSION "1.2.8"
| /* end confdefs.h.  */
| #include <ac_nonexistent.h>
configure:5094: result: gcc -E
configure:5123: gcc -E  conftest.c
configure:5129: $? = 0
configure:5160: gcc -E  conftest.c
conftest.c:10:28: error: ac_nonexistent.h: No such file or directory
configure:5166: $? = 1
configure: failed program was:
| /* confdefs.h.  */
| #define PACKAGE_NAME ""
| #define PACKAGE_TARNAME ""
| #define PACKAGE_VERSION ""
| #define PACKAGE_STRING ""
| #define PACKAGE_BUGREPORT ""
| #define PACKAGE "SDL"
| #define VERSION "1.2.8"
| /* end confdefs.h.  */
| #include <ac_nonexistent.h>
configure:5204: checking for ANSI C header files
configure:5234: gcc -c -g -O2  conftest.c >&5
configure:5240: $? = 0
configure:5339: gcc -o conftest -g -O2   conftest.c  >&5
configure:5342: $? = 0
configure:5348: ./conftest
configure:5351: $? = 0
configure:5368: result: yes
configure:5392: checking for sys/types.h
configure:5413: gcc -c -g -O2  conftest.c >&5
configure:5419: $? = 0
configure:5435: result: yes
configure:5392: checking for sys/stat.h
configure:5413: gcc -c -g -O2  conftest.c >&5
configure:5419: $? = 0
configure:5435: result: yes
configure:5392: checking for stdlib.h
configure:5413: gcc -c -g -O2  conftest.c >&5
configure:5419: $? = 0
configure:5435: result: yes
configure:5392: checking for string.h
configure:5413: gcc -c -g -O2  conftest.c >&5
configure:5419: $? = 0
configure:5435: result: yes
configure:5392: checking for memory.h
configure:5413: gcc -c -g -O2  conftest.c >&5
configure:5419: $? = 0
configure:5435: result: yes
configure:5392: checking for strings.h
configure:5413: gcc -c -g -O2  conftest.c >&5
configure:5419: $? = 0
configure:5435: result: yes
configure:5392: checking for inttypes.h
configure:5413: gcc -c -g -O2  conftest.c >&5
configure:5419: $? = 0
configure:5435: result: yes
configure:5392: checking for stdint.h
configure:5413: gcc -c -g -O2  conftest.c >&5
configure:5419: $? = 0
configure:5435: result: yes
configure:5392: checking for unistd.h
configure:5413: gcc -c -g -O2  conftest.c >&5
configure:5419: $? = 0
configure:5435: result: yes
configure:5462: checking dlfcn.h usability
configure:5479: gcc -c -g -O2  conftest.c >&5
configure:5485: $? = 0
configure:5499: result: yes
configure:5503: checking dlfcn.h presence
configure:5518: gcc -E  conftest.c
configure:5524: $? = 0
configure:5538: result: yes
configure:5566: checking for dlfcn.h
configure:5574: result: yes
configure:5645: checking for g++
configure:5661: found /usr/bin/g++
configure:5672: result: g++
configure:5703: checking for C++ compiler version
configure:5710: g++ --version >&5
g++ (Debian 4.4.5-8) 4.4.5
Copyright (C) 2010 Free Software Foundation, Inc.
This is free software; see the source for copying conditions.  There is NO
warranty; not even for MERCHANTABILITY or FITNESS FOR A PARTICULAR PURPOSE.

configure:5713: $? = 0
configure:5720: g++ -v >&5
Using built-in specs.
Target: x86_64-linux-gnu
Configured with: ../src/configure -v --with-pkgversion='Debian 4.4.5-8' --with-bugurl=file:///usr/share/doc/gcc-4.4/README.Bugs --enable-languages=c,c++,fortran,objc,obj-c++ --prefix=/usr --program-suffix=-4.4 --enable-shared --enable-multiarch --enable-linker-build-id --with-system-zlib --libexecdir=/usr/lib --without-included-gettext --enable-threads=posix --with-gxx-include-dir=/usr/include/c++/4.4 --libdir=/usr/lib --enable-nls --enable-clocale=gnu --enable-libstdcxx-debug --enable-objc-gc --with-arch-32=i586 --with-tune=generic --enable-checking=release --build=x86_64-linux-gnu --host=x86_64-linux-gnu --target=x86_64-linux-gnu
Thread model: posix
gcc version 4.4.5 (Debian 4.4.5-8) 
configure:5723: $? = 0
configure:5730: g++ -V >&5
g++: '-V' option must have argument
configure:5733: $? = 1
configure:5736: checking whether we are using the GNU C++ compiler
configure:5765: g++ -c   conftest.cpp >&5
configure:5771: $? = 0
configure:5788: result: yes
configure:5793: checking whether g++ accepts -g
configure:5823: g++ -c -g  conftest.cpp >&5
configure:5829: $? = 0
configure:5928: result: yes
configure:5953: checking dependency style of g++
configure:6043: result: gcc3
configure:6070: checking how to run the C++ preprocessor
configure:6106: g++ -E  conftest.cpp
configure:6112: $? = 0
configure:6143: g++ -E  conftest.cpp
conftest.cpp:21:28: error: ac_nonexistent.h: No such file or directory
configure:6149: $? = 1
configure: failed program was:
| /* confdefs.h.  */
| #define PACKAGE_NAME ""
| #define PACKAGE_TARNAME ""
| #define PACKAGE_VERSION ""
| #define PACKAGE_STRING ""
| #define PACKAGE_BUGREPORT ""
| #define PACKAGE "SDL"
| #define VERSION "1.2.8"
| #define STDC_HEADERS 1
| #define HAVE_SYS_TYPES_H 1
| #define HAVE_SYS_STAT_H 1
| #define HAVE_STDLIB_H 1
| #define HAVE_STRING_H 1
| #define HAVE_MEMORY_H 1
| #define HAVE_STRINGS_H 1
| #define HAVE_INTTYPES_H 1
| #define HAVE_STDINT_H 1
| #define HAVE_UNISTD_H 1
| #define HAVE_DLFCN_H 1
| /* end confdefs.h.  */
| #include <ac_nonexistent.h>
configure:6182: result: g++ -E
configure:6211: g++ -E  conftest.cpp
configure:6217: $? = 0
configure:6248: g++ -E  conftest.cpp
conftest.cpp:21:28: error: ac_nonexistent.h: No such file or directory
configure:6254: $? = 1
configure: failed program was:
| /* confdefs.h.  */
| #define PACKAGE_NAME ""
| #define PACKAGE_TARNAME ""
| #define PACKAGE_VERSION ""
| #define PACKAGE_STRING ""
| #define PACKAGE_BUGREPORT ""
| #define PACKAGE "SDL"
| #define VERSION "1.2.8"
| #define STDC_HEADERS 1
| #define HAVE_SYS_TYPES_H 1
| #define HAVE_SYS_STAT_H 1
| #define HAVE_STDLIB_H 1
| #define HAVE_STRING_H 1
| #define HAVE_MEMORY_H 1
| #define HAVE_STRINGS_H 1
| #define HAVE_INTTYPES_H 1
| #define HAVE_STDINT_H 1
| #define HAVE_UNISTD_H 1
| #define HAVE_DLFCN_H 1
| /* end confdefs.h.  */
| #include <ac_nonexistent.h>
configure:6347: checking for g77
configure:6377: result: no
configure:6347: checking for xlf
configure:6377: result: no
configure:6347: checking for f77
configure:6377: result: no
configure:6347: checking for frt
configure:6377: result: no
configure:6347: checking for pgf77
configure:6377: result: no
configure:6347: checking for cf77
configure:6377: result: no
configure:6347: checking for fort77
configure:6377: result: no
configure:6347: checking for fl32
configure:6377: result: no
configure:6347: checking for af77
configure:6377: result: no
configure:6347: checking for xlf90
configure:6377: result: no
configure:6347: checking for f90
configure:6377: result: no
configure:6347: checking for pgf90
configure:6377: result: no
configure:6347: checking for pghpf
configure:6377: result: no
configure:6347: checking for epcf90
configure:6377: result: no
configure:6347: checking for gfortran
configure:6377: result: no
configure:6347: checking for g95
configure:6377: result: no
configure:6347: checking for xlf95
configure:6377: result: no
configure:6347: checking for f95
configure:6377: result: no
configure:6347: checking for fort
configure:6377: result: no
configure:6347: checking for ifort
configure:6377: result: no
configure:6347: checking for ifc
configure:6377: result: no
configure:6347: checking for efc
configure:6377: result: no
configure:6347: checking for pgf95
configure:6377: result: no
configure:6347: checking for lf95
configure:6377: result: no
configure:6347: checking for ftn
configure:6377: result: no
configure:6404: checking for Fortran 77 compiler version
configure:6411:  --version >&5
./configure: line 6412: --version: command not found
configure:6414: $? = 127
configure:6421:  -v >&5
./configure: line 6422: -v: command not found
configure:6424: $? = 127
configure:6431:  -V >&5
./configure: line 6432: -V: command not found
configure:6434: $? = 127
configure:6442: checking whether we are using the GNU Fortran 77 compiler
configure:6461:  -c  conftest.F >&5
./configure: line 6462: -c: command not found
configure:6467: $? = 127
configure: failed program was:
|       program main
| #ifndef __GNUC__
|        choke me
| #endif
| 
|       end
configure:6484: result: no
configure:6490: checking whether  accepts -g
configure:6507:  -c -g conftest.f >&5
./configure: line 6508: -c: command not found
configure:6513: $? = 127
configure: failed program was:
|       program main
| 
|       end
configure:6529: result: no
configure:6559: checking the maximum length of command line arguments
configure:6671: result: 1572864
configure:6683: checking command to parse /usr/bin/nm -B output from gcc object
configure:6788: gcc -c -g -O2  conftest.c >&5
configure:6791: $? = 0
configure:6795: /usr/bin/nm -B conftest.o \| sed -n -e 's/^.*[ 	]\([ABCDGIRSTW][ABCDGIRSTW]*\)[ 	][ 	]*\([_A-Za-z][_A-Za-z0-9]*\)$/\1 \2 \2/p' \> conftest.nm
configure:6798: $? = 0
configure:6850: gcc -o conftest -g -O2   conftest.c conftstm.o >&5
configure:6853: $? = 0
configure:6891: result: ok
configure:6895: checking for objdir
configure:6910: result: .libs
configure:7002: checking for ar
configure:7018: found /usr/bin/ar
configure:7029: result: ar
configure:7098: checking for ranlib
configure:7114: found /usr/bin/ranlib
configure:7125: result: ranlib
configure:7194: checking for strip
configure:7210: found /usr/bin/strip
configure:7221: result: strip
configure:7507: checking if gcc supports -fno-rtti -fno-exceptions
configure:7525: gcc -c -g -O2  -fno-rtti -fno-exceptions conftest.c >&5
cc1: warning: command line option "-fno-rtti" is valid for C++/ObjC++ but not for C
configure:7529: $? = 0
configure:7542: result: no
configure:7557: checking for gcc option to produce PIC
configure:7789: result: -fPIC
configure:7797: checking if gcc PIC flag -fPIC works
configure:7815: gcc -c -g -O2  -fPIC -DPIC conftest.c >&5
configure:7819: $? = 0
configure:7832: result: yes
configure:7860: checking if gcc static flag -static works
configure:7888: result: yes
configure:7898: checking if gcc supports -c -o file.o
configure:7919: gcc -c -g -O2  -o out/conftest2.o conftest.c >&5
configure:7923: $? = 0
configure:7945: result: yes
configure:7971: checking whether the gcc linker (/usr/bin/ld -m elf_x86_64) supports shared libraries
configure:8951: result: yes
configure:8972: checking whether -lc should be explicitly linked in
configure:8977: gcc -c -g -O2  conftest.c >&5
configure:8980: $? = 0
configure:8995: gcc -shared conftest.o  -v -Wl,-soname -Wl,conftest -o conftest 2\>\&1 \| grep  -lc  \>/dev/null 2\>\&1
configure:8998: $? = 0
configure:9010: result: no
configure:9018: checking dynamic linker characteristics
configure:9620: result: GNU/Linux ld.so
configure:9629: checking how to hardcode library paths into programs
configure:9654: result: immediate
configure:9668: checking whether stripping libraries is possible
configure:9673: result: yes
configure:10475: checking if libtool supports shared libraries
configure:10477: result: yes
configure:10480: checking whether to build shared libraries
configure:10501: result: yes
configure:10504: checking whether to build static libraries
configure:10508: result: yes
configure:10601: creating libtool
configure:11189: checking for ld used by g++
configure:11256: result: /usr/bin/ld -m elf_x86_64
configure:11265: checking if the linker (/usr/bin/ld -m elf_x86_64) is GNU ld
configure:11280: result: yes
configure:11331: checking whether the g++ linker (/usr/bin/ld -m elf_x86_64) supports shared libraries
configure:12305: result: yes
configure:12323: g++ -c -g -O2  conftest.cpp >&5
configure:12326: $? = 0
configure:12478: checking for g++ option to produce PIC
configure:12762: result: -fPIC
configure:12770: checking if g++ PIC flag -fPIC works
configure:12788: g++ -c -g -O2  -fPIC -DPIC conftest.cpp >&5
configure:12792: $? = 0
configure:12805: result: yes
configure:12833: checking if g++ static flag -static works
configure:12861: result: yes
configure:12871: checking if g++ supports -c -o file.o
configure:12892: g++ -c -g -O2  -o out/conftest2.o conftest.cpp >&5
configure:12896: $? = 0
configure:12918: result: yes
configure:12944: checking whether the g++ linker (/usr/bin/ld -m elf_x86_64) supports shared libraries
configure:12969: result: yes
configure:13036: checking dynamic linker characteristics
configure:13586: result: GNU/Linux ld.so
configure:13595: checking how to hardcode library paths into programs
configure:13620: result: immediate
configure:19791: checking whether make sets $(MAKE)
configure:19812: result: yes
configure:19869: checking for gcc
configure:19896: result: gcc
configure:20134: checking for C compiler version
configure:20141: gcc --version >&5
gcc (Debian 4.4.5-8) 4.4.5
Copyright (C) 2010 Free Software Foundation, Inc.
This is free software; see the source for copying conditions.  There is NO
warranty; not even for MERCHANTABILITY or FITNESS FOR A PARTICULAR PURPOSE.

configure:20144: $? = 0
configure:20151: gcc -v >&5
Using built-in specs.
Target: x86_64-linux-gnu
Configured with: ../src/configure -v --with-pkgversion='Debian 4.4.5-8' --with-bugurl=file:///usr/share/doc/gcc-4.4/README.Bugs --enable-languages=c,c++,fortran,objc,obj-c++ --prefix=/usr --program-suffix=-4.4 --enable-shared --enable-multiarch --enable-linker-build-id --with-system-zlib --libexecdir=/usr/lib --without-included-gettext --enable-threads=posix --with-gxx-include-dir=/usr/include/c++/4.4 --libdir=/usr/lib --enable-nls --enable-clocale=gnu --enable-libstdcxx-debug --enable-objc-gc --with-arch-32=i586 --with-tune=generic --enable-checking=release --build=x86_64-linux-gnu --host=x86_64-linux-gnu --target=x86_64-linux-gnu
Thread model: posix
gcc version 4.4.5 (Debian 4.4.5-8) 
configure:20154: $? = 0
configure:20161: gcc -V >&5
gcc: '-V' option must have argument
configure:20164: $? = 1
configure:20167: checking whether we are using the GNU C compiler
configure:20219: result: yes
configure:20224: checking whether gcc accepts -g
configure:20359: result: yes
configure:20376: checking for gcc option to accept ISO C89
configure:20479: result: none needed
configure:20499: checking dependency style of gcc
configure:20589: result: gcc3
configure:20606: checking for inline
configure:20632: gcc -c -g -O2  conftest.c >&5
configure:20638: $? = 0
configure:20656: result: inline
configure:20675: checking for an ANSI C-conforming const
configure:20750: gcc -c -g -O2  conftest.c >&5
configure:20756: $? = 0
configure:20771: result: yes
configure:20897: checking for C++ compiler version
configure:20904: g++ --version >&5
g++ (Debian 4.4.5-8) 4.4.5
Copyright (C) 2010 Free Software Foundation, Inc.
This is free software; see the source for copying conditions.  There is NO
warranty; not even for MERCHANTABILITY or FITNESS FOR A PARTICULAR PURPOSE.

configure:20907: $? = 0
configure:20914: g++ -v >&5
Using built-in specs.
Target: x86_64-linux-gnu
Configured with: ../src/configure -v --with-pkgversion='Debian 4.4.5-8' --with-bugurl=file:///usr/share/doc/gcc-4.4/README.Bugs --enable-languages=c,c++,fortran,objc,obj-c++ --prefix=/usr --program-suffix=-4.4 --enable-shared --enable-multiarch --enable-linker-build-id --with-system-zlib --libexecdir=/usr/lib --without-included-gettext --enable-threads=posix --with-gxx-include-dir=/usr/include/c++/4.4 --libdir=/usr/lib --enable-nls --enable-clocale=gnu --enable-libstdcxx-debug --enable-objc-gc --with-arch-32=i586 --with-tune=generic --enable-checking=release --build=x86_64-linux-gnu --host=x86_64-linux-gnu --target=x86_64-linux-gnu
Thread model: posix
gcc version 4.4.5 (Debian 4.4.5-8) 
configure:20917: $? = 0
configure:20924: g++ -V >&5
g++: '-V' option must have argument
configure:20927: $? = 1
configure:20930: checking whether we are using the GNU C++ compiler
configure:20982: result: yes
configure:20987: checking whether g++ accepts -g
configure:21122: result: yes
configure:21147: checking dependency style of g++
configure:21237: result: gcc3
configure:21267: checking for a BSD-compatible install
configure:21323: result: /usr/bin/install -c
configure:21336: checking for working alloca.h
configure:21363: gcc -o conftest -g -O2   conftest.c  >&5
configure:21369: $? = 0
configure:21386: result: yes
configure:21396: checking for alloca
configure:21443: gcc -o conftest -g -O2   conftest.c  >&5
configure:21449: $? = 0
configure:21466: result: yes
configure:23733: checking for dlopen
configure:23760: gcc -c -g -O2 -Wall -DDISKAUD_SUPPORT  conftest.c >&5
configure:23766: $? = 0
configure:23782: result: yes
configure:23787: checking for dlopen in -lc
configure:23822: gcc -o conftest -g -O2 -Wall -DDISKAUD_SUPPORT -DUSE_DLOPEN   conftest.c -lc   >&5
/tmp/cc0PEeYt.o: In function `main':
/home/cedar/.cedar/local/video/mpeg4ip-1.6.1/lib/SDLAudio/conftest.c:34: undefined reference to `dlopen'
collect2: ld returned 1 exit status
configure:23828: $? = 1
configure: failed program was:
| /* confdefs.h.  */
| #define PACKAGE_NAME ""
| #define PACKAGE_TARNAME ""
| #define PACKAGE_VERSION ""
| #define PACKAGE_STRING ""
| #define PACKAGE_BUGREPORT ""
| #define PACKAGE "SDL"
| #define VERSION "1.2.8"
| #define STDC_HEADERS 1
| #define HAVE_SYS_TYPES_H 1
| #define HAVE_SYS_STAT_H 1
| #define HAVE_STDLIB_H 1
| #define HAVE_STRING_H 1
| #define HAVE_MEMORY_H 1
| #define HAVE_STRINGS_H 1
| #define HAVE_INTTYPES_H 1
| #define HAVE_STDINT_H 1
| #define HAVE_UNISTD_H 1
| #define HAVE_DLFCN_H 1
| #define HAVE_ALLOCA_H 1
| #define HAVE_ALLOCA 1
| /* end confdefs.h.  */
| 
| /* Override any GCC internal prototype to avoid an error.
|    Use char because int might match the return type of a GCC
|    builtin and then its argument prototype would still apply.  */
| #ifdef __cplusplus
| extern "C"
| #endif
| char dlopen ();
| int
| main ()
| {
| return dlopen ();
|   ;
|   return 0;
| }
configure:23846: result: no
configure:23851: checking for dlopen in -ldl
configure:23886: gcc -o conftest -g -O2 -Wall -DDISKAUD_SUPPORT -DUSE_DLOPEN   conftest.c -ldl   >&5
configure:23892: $? = 0
configure:23910: result: yes
configure:21874: checking for OSS audio support
configure:21903: gcc -c -g -O2 -Wall -DDISKAUD_SUPPORT -DUSE_DLOPEN  conftest.c >&5
conftest.c: In function 'main':
conftest.c:30: warning: unused variable 'arg'
configure:21909: $? = 0
configure:21976: result: yes
configure:22029: checking for ALSA CFLAGS
configure:22035: result: 
configure:22038: checking for ALSA LDFLAGS
configure:22051: result:  -lasound -lm -ldl -lpthread
configure:22055: checking for libasound headers version >= 0.9.0
configure:22127: gcc -c -g -O2 -Wall -DDISKAUD_SUPPORT -DUSE_DLOPEN -DOSS_SUPPORT  conftest.c >&5
configure:22133: $? = 0
configure:22138: result: found.
configure:22161: checking for snd_ctl_open in -lasound
configure:22196: gcc -o conftest -g -O2 -Wall -DDISKAUD_SUPPORT -DUSE_DLOPEN -DOSS_SUPPORT   conftest.c -lasound   -lasound -lm -ldl -lpthread  >&5
configure:22202: $? = 0
configure:22220: result: yes
configure:22291: checking for dlvsym
configure:22321: gcc -c -g -O2 -Wall -DDISKAUD_SUPPORT -DUSE_DLOPEN -DOSS_SUPPORT -DALSA_SUPPORT -DALSA_DYNAMIC=$(alsa_lib)   conftest.c >&5
configure:22327: $? = 0
configure:22343: result: yes
configure:22767: checking for artsc-config
configure:22785: found /usr/bin/artsc-config
configure:22797: result: /usr/bin/artsc-config
configure:22811: checking for aRts development environment
configure:22841: gcc -c -g -O2 -Wall -DDISKAUD_SUPPORT -DUSE_DLOPEN -DOSS_SUPPORT -DALSA_SUPPORT -DALSA_DYNAMIC=$(alsa_lib)  -DUSE_DLVSYM -I/usr/include/kde/artsc -pthread -I/usr/include/glib-2.0 -I/usr/lib/glib-2.0/include  conftest.c >&5
conftest.c: In function 'main':
conftest.c:31: warning: unused variable 'stream'
configure:22847: $? = 0
configure:22864: result: yes
configure:22473: checking for esd-config
configure:22491: found /usr/bin/esd-config
configure:22504: result: /usr/bin/esd-config
configure:22513: checking for ESD - version >= 0.2.8
configure:22605: gcc -o conftest -g -O2 -Wall -DDISKAUD_SUPPORT -DUSE_DLOPEN -DOSS_SUPPORT -DALSA_SUPPORT -DALSA_DYNAMIC=$(alsa_lib)  -DUSE_DLVSYM -DARTSC_SUPPORT -DARTSC_DYNAMIC=$(arts_lib) -I/usr/include/kde/artsc -pthread -I/usr/include/glib-2.0 -I/usr/lib/glib-2.0/include     conftest.c  -lesd   >&5
configure:22608: $? = 0
configure:22614: ./conftest
configure:22617: $? = 0
configure:22637: result: yes
configure:22908: checking for NAS audio support
configure:22926: result: no
configure:23110: checking for Linux 2.4 unified input interface
configure:23140: gcc -c -g -O2 -Wall -DDISKAUD_SUPPORT -DUSE_DLOPEN -DOSS_SUPPORT -DALSA_SUPPORT -DALSA_DYNAMIC=$(alsa_lib)  -DUSE_DLVSYM -DARTSC_SUPPORT -DARTSC_DYNAMIC=$(arts_lib) -I/usr/include/kde/artsc -pthread -I/usr/include/glib-2.0 -I/usr/lib/glib-2.0/include -DESD_SUPPORT    conftest.c >&5
configure:23146: $? = 0
configure:23162: result: yes
configure:23325: checking for pthreads
configure:23354: gcc -o conftest -g -O2 -Wall -DDISKAUD_SUPPORT -DUSE_DLOPEN -DOSS_SUPPORT -DALSA_SUPPORT -DALSA_DYNAMIC=$(alsa_lib)  -DUSE_DLVSYM -DARTSC_SUPPORT -DARTSC_DYNAMIC=$(arts_lib) -I/usr/include/kde/artsc -pthread -I/usr/include/glib-2.0 -I/usr/lib/glib-2.0/include -DESD_SUPPORT   -DUSE_INPUT_EVENTS -D_REENTRANT   conftest.c  -lpthread >&5
configure:23360: $? = 0
configure:23378: result: yes
configure:23390: checking for recursive mutexes
configure:23423: gcc -o conftest -g -O2 -Wall -DDISKAUD_SUPPORT -DUSE_DLOPEN -DOSS_SUPPORT -DALSA_SUPPORT -DALSA_DYNAMIC=$(alsa_lib)  -DUSE_DLVSYM -DARTSC_SUPPORT -DARTSC_DYNAMIC=$(arts_lib) -I/usr/include/kde/artsc -pthread -I/usr/include/glib-2.0 -I/usr/lib/glib-2.0/include -DESD_SUPPORT   -DUSE_INPUT_EVENTS -D_REENTRANT -DSDL_USE_PTHREADS   conftest.c  -lpthread >&5
conftest.c: In function 'main':
conftest.c:33: warning: implicit declaration of function 'pthread_mutexattr_setkind_np'
configure:23429: $? = 0
configure:23456: result: yes
configure:23464: checking for pthread semaphores
configure:23492: gcc -c -g -O2 -Wall -DDISKAUD_SUPPORT -DUSE_DLOPEN -DOSS_SUPPORT -DALSA_SUPPORT -DALSA_DYNAMIC=$(alsa_lib)  -DUSE_DLVSYM -DARTSC_SUPPORT -DARTSC_DYNAMIC=$(arts_lib) -I/usr/include/kde/artsc -pthread -I/usr/include/glib-2.0 -I/usr/lib/glib-2.0/include -DESD_SUPPORT   -DUSE_INPUT_EVENTS -D_REENTRANT -DSDL_USE_PTHREADS  conftest.c >&5
configure:23498: $? = 0
configure:23514: result: yes
configure:23521: checking for broken glibc 2.0 pthreads
configure:23553: gcc -c -g -O2 -Wall -DDISKAUD_SUPPORT -DUSE_DLOPEN -DOSS_SUPPORT -DALSA_SUPPORT -DALSA_DYNAMIC=$(alsa_lib)  -DUSE_DLVSYM -DARTSC_SUPPORT -DARTSC_DYNAMIC=$(arts_lib) -I/usr/include/kde/artsc -pthread -I/usr/include/glib-2.0 -I/usr/lib/glib-2.0/include -DESD_SUPPORT   -DUSE_INPUT_EVENTS -D_REENTRANT -DSDL_USE_PTHREADS  conftest.c >&5
conftest.c:29:24: error: #error pthread implementation okay
configure:23559: $? = 1
configure: failed program was:
| /* confdefs.h.  */
| #define PACKAGE_NAME ""
| #define PACKAGE_TARNAME ""
| #define PACKAGE_VERSION ""
| #define PACKAGE_STRING ""
| #define PACKAGE_BUGREPORT ""
| #define PACKAGE "SDL"
| #define VERSION "1.2.8"
| #define STDC_HEADERS 1
| #define HAVE_SYS_TYPES_H 1
| #define HAVE_SYS_STAT_H 1
| #define HAVE_STDLIB_H 1
| #define HAVE_STRING_H 1
| #define HAVE_MEMORY_H 1
| #define HAVE_STRINGS_H 1
| #define HAVE_INTTYPES_H 1
| #define HAVE_STDINT_H 1
| #define HAVE_UNISTD_H 1
| #define HAVE_DLFCN_H 1
| #define HAVE_ALLOCA_H 1
| #define HAVE_ALLOCA 1
| #define HAVE_LIBASOUND 1
| /* end confdefs.h.  */
| 
|                       #include <features.h>
|                       #if (__GLIBC__ == 2) && (__GLIBC_MINOR__ == 0)
|                       #warning Working around a bug in glibc 2.0 pthreads
|                       #else
|                       #error pthread implementation okay
|                       #endif /* glibc 2.0 */
| 
| int
| main ()
| {
| 
| 
|   ;
|   return 0;
| }
configure:23575: result: no
configure:23581: checking whether semun is defined in /usr/include/sys/sem.h
configure:23610: gcc -c -g -O2 -Wall -DDISKAUD_SUPPORT -DUSE_DLOPEN -DOSS_SUPPORT -DALSA_SUPPORT -DALSA_DYNAMIC=$(alsa_lib)  -DUSE_DLVSYM -DARTSC_SUPPORT -DARTSC_DYNAMIC=$(arts_lib) -I/usr/include/kde/artsc -pthread -I/usr/include/glib-2.0 -I/usr/lib/glib-2.0/include -DESD_SUPPORT   -DUSE_INPUT_EVENTS -D_REENTRANT -DSDL_USE_PTHREADS  conftest.c >&5
conftest.c: In function 'main':
conftest.c:32: error: storage size of 't' isn't known
conftest.c:32: warning: unused variable 't'
configure:23616: $? = 1
configure: failed program was:
| /* confdefs.h.  */
| #define PACKAGE_NAME ""
| #define PACKAGE_TARNAME ""
| #define PACKAGE_VERSION ""
| #define PACKAGE_STRING ""
| #define PACKAGE_BUGREPORT ""
| #define PACKAGE "SDL"
| #define VERSION "1.2.8"
| #define STDC_HEADERS 1
| #define HAVE_SYS_TYPES_H 1
| #define HAVE_SYS_STAT_H 1
| #define HAVE_STDLIB_H 1
| #define HAVE_STRING_H 1
| #define HAVE_MEMORY_H 1
| #define HAVE_STRINGS_H 1
| #define HAVE_INTTYPES_H 1
| #define HAVE_STDINT_H 1
| #define HAVE_UNISTD_H 1
| #define HAVE_DLFCN_H 1
| #define HAVE_ALLOCA_H 1
| #define HAVE_ALLOCA 1
| #define HAVE_LIBASOUND 1
| /* end confdefs.h.  */
| 
|       #include <sys/types.h>
|       #include <sys/sem.h>
| 
| int
| main ()
| {
| 
|       union semun t;
| 
|   ;
|   return 0;
| }
configure:23632: result: no
configure:23664: checking sigaction
configure:23693: gcc -c -g -O2 -Wall -DDISKAUD_SUPPORT -DUSE_DLOPEN -DOSS_SUPPORT -DALSA_SUPPORT -DALSA_DYNAMIC=$(alsa_lib)  -DUSE_DLVSYM -DARTSC_SUPPORT -DARTSC_DYNAMIC=$(arts_lib) -I/usr/include/kde/artsc -pthread -I/usr/include/glib-2.0 -I/usr/lib/glib-2.0/include -DESD_SUPPORT   -DUSE_INPUT_EVENTS -D_REENTRANT -DSDL_USE_PTHREADS  conftest.c >&5
configure:23699: $? = 0
configure:23715: result: yes
configure:24205: checking for GCC Altivec instruction support
configure:24235: gcc -c -g -O2 -Wall -DDISKAUD_SUPPORT -DUSE_DLOPEN -DOSS_SUPPORT -DALSA_SUPPORT -DALSA_DYNAMIC=$(alsa_lib)  -DUSE_DLVSYM -DARTSC_SUPPORT -DARTSC_DYNAMIC=$(arts_lib) -I/usr/include/kde/artsc -pthread -I/usr/include/glib-2.0 -I/usr/lib/glib-2.0/include -DESD_SUPPORT   -DUSE_INPUT_EVENTS -D_REENTRANT -DSDL_USE_PTHREADS -DHAVE_SIGACTION  conftest.c >&5
conftest.c: Assembler messages:
conftest.c:30: Error: no such instruction: `mtspr 256,%eax'
conftest.c:31: Error: no such instruction: `vand %v0,%v0,%v0'
configure:24241: $? = 1
configure: failed program was:
| /* confdefs.h.  */
| #define PACKAGE_NAME ""
| #define PACKAGE_TARNAME ""
| #define PACKAGE_VERSION ""
| #define PACKAGE_STRING ""
| #define PACKAGE_BUGREPORT ""
| #define PACKAGE "SDL"
| #define VERSION "1.2.8"
| #define STDC_HEADERS 1
| #define HAVE_SYS_TYPES_H 1
| #define HAVE_SYS_STAT_H 1
| #define HAVE_STDLIB_H 1
| #define HAVE_STRING_H 1
| #define HAVE_MEMORY_H 1
| #define HAVE_STRINGS_H 1
| #define HAVE_INTTYPES_H 1
| #define HAVE_STDINT_H 1
| #define HAVE_UNISTD_H 1
| #define HAVE_DLFCN_H 1
| #define HAVE_ALLOCA_H 1
| #define HAVE_ALLOCA 1
| #define HAVE_LIBASOUND 1
| /* end confdefs.h.  */
| 
| 
| int
| main ()
| {
| 
|         asm volatile ("mtspr 256, %0\n\t"
|                       "vand %%v0, %%v0, %%v0"
|                       :
|                       : "r" (-1));
| 
|   ;
|   return 0;
| }
configure:24260: result: no
configure:25300: creating ./config.status

## ---------------------- ##
## Running config.status. ##
## ---------------------- ##

This file was extended by config.status, which was
generated by GNU Autoconf 2.61.  Invocation command line was

  CONFIG_FILES    = 
  CONFIG_HEADERS  = 
  CONFIG_LINKS    = 
  CONFIG_COMMANDS = 
  $ ./config.status 

on debian

config.status:764: creating Makefile
config.status:764: creating include/Makefile
config.status:764: creating src/Makefile
config.status:764: creating src/audio/Makefile
config.status:764: creating src/audio/alsa/Makefile
config.status:764: creating src/audio/arts/Makefile
config.status:764: creating src/audio/baudio/Makefile
config.status:764: creating src/audio/dc/Makefile
config.status:764: creating src/audio/disk/Makefile
config.status:764: creating src/audio/dma/Makefile
config.status:764: creating src/audio/dmedia/Makefile
config.status:764: creating src/audio/dsp/Makefile
config.status:764: creating src/audio/esd/Makefile
config.status:764: creating src/audio/macrom/Makefile
config.status:764: creating src/audio/mint/Makefile
config.status:764: creating src/audio/mme/Makefile
config.status:764: creating src/audio/nas/Makefile
config.status:764: creating src/audio/nto/Makefile
config.status:764: creating src/audio/openbsd/Makefile
config.status:764: creating src/audio/paudio/Makefile
config.status:764: creating src/audio/riscos/Makefile
config.status:764: creating src/audio/sun/Makefile
config.status:764: creating src/audio/ums/Makefile
config.status:764: creating src/audio/windib/Makefile
config.status:764: creating src/audio/windx5/Makefile
config.status:949: executing depfiles commands

## ---------------- ##
## Cache variables. ##
## ---------------- ##

ac_cv_build=x86_64-unknown-linux-gnu
ac_cv_c_compiler_gnu=yes
ac_cv_c_const=yes
ac_cv_c_inline=inline
ac_cv_cxx_compiler_gnu=yes
ac_cv_env_CCC_set=
ac_cv_env_CCC_value=
ac_cv_env_CC_set=
ac_cv_env_CC_value=
ac_cv_env_CFLAGS_set=
ac_cv_env_CFLAGS_value=
ac_cv_env_CPPFLAGS_set=
ac_cv_env_CPPFLAGS_value=
ac_cv_env_CPP_set=
ac_cv_env_CPP_value=
ac_cv_env_CXXCPP_set=
ac_cv_env_CXXCPP_value=
ac_cv_env_CXXFLAGS_set=
ac_cv_env_CXXFLAGS_value=
ac_cv_env_CXX_set=
ac_cv_env_CXX_value=
ac_cv_env_F77_set=
ac_cv_env_F77_value=
ac_cv_env_FFLAGS_set=
ac_cv_env_FFLAGS_value=
ac_cv_env_LDFLAGS_set=
ac_cv_env_LDFLAGS_value=
ac_cv_env_LIBS_set=
ac_cv_env_LIBS_value=
ac_cv_env_build_alias_set=
ac_cv_env_build_alias_value=
ac_cv_env_host_alias_set=
ac_cv_env_host_alias_value=
ac_cv_env_target_alias_set=
ac_cv_env_target_alias_value=
ac_cv_f77_compiler_gnu=no
ac_cv_func_alloca_works=yes
ac_cv_header_dlfcn_h=yes
ac_cv_header_inttypes_h=yes
ac_cv_header_memory_h=yes
ac_cv_header_stdc=yes
ac_cv_header_stdint_h=yes
ac_cv_header_stdlib_h=yes
ac_cv_header_string_h=yes
ac_cv_header_strings_h=yes
ac_cv_header_sys_stat_h=yes
ac_cv_header_sys_types_h=yes
ac_cv_header_unistd_h=yes
ac_cv_host=x86_64-unknown-linux-gnu
ac_cv_lib_asound_snd_ctl_open=yes
ac_cv_lib_c_dlopen=no
ac_cv_lib_dl_dlopen=yes
ac_cv_objext=o
ac_cv_path_ARTSCCONFIG=/usr/bin/artsc-config
ac_cv_path_EGREP='/bin/grep -E'
ac_cv_path_ESD_CONFIG=/usr/bin/esd-config
ac_cv_path_GREP=/bin/grep
ac_cv_path_install='/usr/bin/install -c'
ac_cv_prog_AWK=mawk
ac_cv_prog_CPP='gcc -E'
ac_cv_prog_CXXCPP='g++ -E'
ac_cv_prog_ac_ct_AR=ar
ac_cv_prog_ac_ct_CC=gcc
ac_cv_prog_ac_ct_CXX=g++
ac_cv_prog_ac_ct_RANLIB=ranlib
ac_cv_prog_ac_ct_STRIP=strip
ac_cv_prog_cc_c89=
ac_cv_prog_cc_g=yes
ac_cv_prog_cxx_g=yes
ac_cv_prog_f77_g=no
ac_cv_prog_make_make_set=yes
ac_cv_target=x86_64-unknown-linux-gnu
ac_cv_working_alloca_h=yes
am_cv_CC_dependencies_compiler_type=gcc3
am_cv_CXX_dependencies_compiler_type=gcc3
lt_cv_deplibs_check_method=pass_all
lt_cv_file_magic_cmd='$MAGIC_CMD'
lt_cv_file_magic_test_file=
lt_cv_ld_reload_flag=-r
lt_cv_objdir=.libs
lt_cv_path_LD=/usr/bin/ld
lt_cv_path_LDCXX='/usr/bin/ld -m elf_x86_64'
lt_cv_path_NM='/usr/bin/nm -B'
lt_cv_path_SED=/bin/sed
lt_cv_prog_compiler_c_o=yes
lt_cv_prog_compiler_c_o_CXX=yes
lt_cv_prog_compiler_rtti_exceptions=no
lt_cv_prog_gnu_ld=yes
lt_cv_prog_gnu_ldcxx=yes
lt_cv_sys_global_symbol_pipe='sed -n -e '\''s/^.*[ 	]\([ABCDGIRSTW][ABCDGIRSTW]*\)[ 	][ 	]*\([_A-Za-z][_A-Za-z0-9]*\)$/\1 \2 \2/p'\'''
lt_cv_sys_global_symbol_to_c_name_address='sed -n -e '\''s/^: \([^ ]*\) $/  {\"\1\", (lt_ptr) 0},/p'\'' -e '\''s/^[BCDEGRST] \([^ ]*\) \([^ ]*\)$/  {"\2", (lt_ptr) \&\2},/p'\'''
lt_cv_sys_global_symbol_to_cdecl='sed -n -e '\''s/^. .* \(.*\)$/extern int \1;/p'\'''
lt_cv_sys_max_cmd_len=1572864
lt_lt_cv_prog_compiler_c_o='"yes"'
lt_lt_cv_prog_compiler_c_o_CXX='"yes"'
lt_lt_cv_sys_global_symbol_pipe='"sed -n -e '\''s/^.*[ 	]\\([ABCDGIRSTW][ABCDGIRSTW]*\\)[ 	][ 	]*\\([_A-Za-z][_A-Za-z0-9]*\\)\$/\\1 \\2 \\2/p'\''"'
lt_lt_cv_sys_global_symbol_to_c_name_address='"sed -n -e '\''s/^: \\([^ ]*\\) \$/  {\\\"\\1\\\", (lt_ptr) 0},/p'\'' -e '\''s/^[BCDEGRST] \\([^ ]*\\) \\([^ ]*\\)\$/  {\"\\2\", (lt_ptr) \\&\\2},/p'\''"'
lt_lt_cv_sys_global_symbol_to_cdecl='"sed -n -e '\''s/^. .* \\(.*\\)\$/extern int \\1;/p'\''"'

## ----------------- ##
## Output variables. ##
## ----------------- ##

ACLOCAL='${SHELL} /home/cedar/.cedar/local/video/mpeg4ip-1.6.1/lib/SDLAudio/missing --run aclocal-1.9'
ALLOCA=''
ALSA_CFLAGS=''
ALSA_LIBS='-L/usr/lib  -lasound -lm -ldl -lpthread'
AMDEPBACKSLASH='\'
AMDEP_FALSE='#'
AMDEP_TRUE=''
AMTAR='${SHELL} /home/cedar/.cedar/local/video/mpeg4ip-1.6.1/lib/SDLAudio/missing --run tar'
AR='ar'
ARCH='linux'
ARTSCCONFIG='/usr/bin/artsc-config'
AS='as'
ASFLAGS=''
AUDIO_DRIVERS=' disk/libaudio_disk.la dsp/libaudio_dsp.la dma/libaudio_dma.la alsa/libaudio_alsa.la arts/libaudio_arts.la esd/libaudio_esd.la'
AUDIO_SUBDIRS=' disk dsp dma alsa arts esd'
AUTOCONF='${SHELL} /home/cedar/.cedar/local/video/mpeg4ip-1.6.1/lib/SDLAudio/missing --run autoconf'
AUTOHEADER='${SHELL} /home/cedar/.cedar/local/video/mpeg4ip-1.6.1/lib/SDLAudio/missing --run autoheader'
AUTOMAKE='${SHELL} /home/cedar/.cedar/local/video/mpeg4ip-1.6.1/lib/SDLAudio/missing --run automake-1.9'
AWK='mawk'
CC='gcc'
CCAS='gcc'
CCASFLAGS=''
CCDEPMODE='depmode=gcc3'
CDROM_DRIVERS=''
CDROM_SUBDIRS=''
CFLAGS='-g -O2 -Wall -DDISKAUD_SUPPORT -DUSE_DLOPEN -DOSS_SUPPORT -DALSA_SUPPORT -DALSA_DYNAMIC=$(alsa_lib)  -DUSE_DLVSYM -DARTSC_SUPPORT -DARTSC_DYNAMIC=$(arts_lib) -I/usr/include/kde/artsc -pthread -I/usr/include/glib-2.0 -I/usr/lib/glib-2.0/include -DESD_SUPPORT   -DUSE_INPUT_EVENTS -D_REENTRANT -DSDL_USE_PTHREADS -DHAVE_SIGACTION -I$(top_srcdir)/include -I$(top_srcdir)/include/SDL -I$(top_srcdir)/src -I$(top_srcdir)/src/main/linux -I$(top_srcdir)/src/audio -I/usr/include/SDL -D_GNU_SOURCE=1 -D_REENTRANT'
CPP='gcc -E'
CPPFLAGS=''
CXX='g++'
CXXCPP='g++ -E'
CXXDEPMODE='depmode=gcc3'
CXXFLAGS='-g -O2 -Wall -DDISKAUD_SUPPORT -DUSE_DLOPEN -DOSS_SUPPORT -DALSA_SUPPORT -DALSA_DYNAMIC=$(alsa_lib)  -DUSE_DLVSYM -DARTSC_SUPPORT -DARTSC_DYNAMIC=$(arts_lib) -I/usr/include/kde/artsc -pthread -I/usr/include/glib-2.0 -I/usr/lib/glib-2.0/include -DESD_SUPPORT   -DUSE_INPUT_EVENTS -D_REENTRANT -DSDL_USE_PTHREADS -DHAVE_SIGACTION -I$(top_srcdir)/include -I$(top_srcdir)/include/SDL -I$(top_srcdir)/src -I$(top_srcdir)/src/main/linux -I$(top_srcdir)/src/audio'
CYGPATH_W='echo'
DEFS='-DPACKAGE_NAME=\"\" -DPACKAGE_TARNAME=\"\" -DPACKAGE_VERSION=\"\" -DPACKAGE_STRING=\"\" -DPACKAGE_BUGREPORT=\"\" -DPACKAGE=\"SDL\" -DVERSION=\"1.2.8\" -DSTDC_HEADERS=1 -DHAVE_SYS_TYPES_H=1 -DHAVE_SYS_STAT_H=1 -DHAVE_STDLIB_H=1 -DHAVE_STRING_H=1 -DHAVE_MEMORY_H=1 -DHAVE_STRINGS_H=1 -DHAVE_INTTYPES_H=1 -DHAVE_STDINT_H=1 -DHAVE_UNISTD_H=1 -DHAVE_DLFCN_H=1 -DHAVE_ALLOCA_H=1 -DHAVE_ALLOCA=1 -DHAVE_LIBASOUND=1'
DEPDIR='.deps'
DLLTOOL='dlltool'
ECHO='echo'
ECHO_C=''
ECHO_N='-n'
ECHO_T=''
EGREP='/bin/grep -E'
ENABLE_SHARED_FALSE='#'
ENABLE_SHARED_TRUE=''
ENABLE_STATIC_FALSE='#'
ENABLE_STATIC_TRUE=''
ESD_CFLAGS=' '
ESD_CONFIG='/usr/bin/esd-config'
ESD_LIBS='-lesd  '
EXEEXT=''
F77=''
FFLAGS=''
GREP='/bin/grep'
HAVE_NASM_FALSE=''
HAVE_NASM_TRUE='#'
INSTALL_DATA='${INSTALL} -m 644'
INSTALL_PROGRAM='${INSTALL}'
INSTALL_SCRIPT='${INSTALL}'
INSTALL_STRIP_PROGRAM='${SHELL} $(install_sh) -c -s'
JOYSTICK_DRIVERS=''
JOYSTICK_SUBDIRS=''
LDFLAGS=''
LIBOBJS=''
LIBS=' -lpthread'
LIBTOOL='$(SHELL) $(top_builddir)/libtool'
LN_S='ln -s'
LTLIBOBJS=''
LT_AGE='7'
LT_CURRENT='7'
LT_RELEASE='1.2'
LT_REVISION='1'
MAKEINFO='${SHELL} /home/cedar/.cedar/local/video/mpeg4ip-1.6.1/lib/SDLAudio/missing --run makeinfo'
OBJC=''
OBJCDEPMODE=''
OBJCFLAGS=''
OBJDUMP='objdump'
OBJEXT='o'
PACKAGE='SDL'
PACKAGE_BUGREPORT=''
PACKAGE_NAME=''
PACKAGE_STRING=''
PACKAGE_TARNAME=''
PACKAGE_VERSION=''
PATH_SEPARATOR=':'
PTH_CONFIG=''
RANLIB='ranlib'
SDL_BINARY_AGE='8'
SDL_CFLAGS=' -D_REENTRANT'
SDL_EXTRADIRS=' audio'
SDL_EXTRALIBS=' audio/libaudio.la'
SDL_INTERFACE_AGE='1'
SDL_LIBS='-lSDL -lpthread'
SDL_MAJOR_VERSION='1'
SDL_MICRO_VERSION='8'
SDL_MINOR_VERSION='2'
SDL_RLD_FLAGS='-Wl,-rpath,${exec_prefix}/lib'
SDL_STATIC_LIBS='-lSDL -lpthread'
SDL_VERSION='1.2.8'
SED='/bin/sed'
SET_MAKE=''
SHARED_SYSTEM_LIBS=''
SHELL='/bin/bash'
STATIC_SYSTEM_LIBS=' -lm -ldl -lesd  '
STRIP='strip'
SYSTEM_LIBS=' -lm -ldl -lesd  '
TARGET_AIX_FALSE=''
TARGET_AIX_TRUE='#'
TARGET_BEOS_FALSE=''
TARGET_BEOS_TRUE='#'
TARGET_BSDI_FALSE=''
TARGET_BSDI_TRUE='#'
TARGET_FREEBSD_FALSE=''
TARGET_FREEBSD_TRUE='#'
TARGET_IRIX_FALSE=''
TARGET_IRIX_TRUE='#'
TARGET_LINUX_FALSE='#'
TARGET_LINUX_TRUE=''
TARGET_MACOSX_FALSE=''
TARGET_MACOSX_TRUE='#'
TARGET_MACOS_FALSE=''
TARGET_MACOS_TRUE='#'
TARGET_MINT_FALSE=''
TARGET_MINT_TRUE='#'
TARGET_NETBSD_FALSE=''
TARGET_NETBSD_TRUE='#'
TARGET_OPENBSD_FALSE=''
TARGET_OPENBSD_TRUE='#'
TARGET_QNX_FALSE=''
TARGET_QNX_TRUE='#'
TARGET_QTOPIA_FALSE=''
TARGET_QTOPIA_TRUE='#'
TARGET_SOLARIS_FALSE=''
TARGET_SOLARIS_TRUE='#'
TARGET_WIN32_FALSE=''
TARGET_WIN32_TRUE='#'
USE_CLONE_FALSE=''
USE_CLONE_TRUE='#'
USE_DIRECTX_FALSE=''
USE_DIRECTX_TRUE='#'
VERSION='1.2.8'
VIDEO_DRIVERS=''
VIDEO_SUBDIRS=''
ac_ct_CC='gcc'
ac_ct_CXX='g++'
ac_ct_F77=''
alsa_lib='libasound.so.2'
am__fastdepCC_FALSE='#'
am__fastdepCC_TRUE=''
am__fastdepCXX_FALSE='#'
am__fastdepCXX_TRUE=''
am__fastdepOBJC_FALSE=''
am__fastdepOBJC_TRUE='#'
am__include='include'
am__leading_dot='.'
am__quote=''
am__tar='${AMTAR} chof - "$$tardir"'
am__untar='${AMTAR} xf -'
arts_lib='libartsc.so.0'
bindir='${exec_prefix}/bin'
build='x86_64-unknown-linux-gnu'
build_alias=''
build_cpu='x86_64'
build_os='linux-gnu'
build_vendor='unknown'
datadir='${datarootdir}'
datarootdir='${prefix}/share'
docdir='${datarootdir}/doc/${PACKAGE}'
dvidir='${docdir}'
esd_lib=''
exec_prefix='${prefix}'
host='x86_64-unknown-linux-gnu'
host_alias=''
host_cpu='x86_64'
host_os='linux-gnu'
host_vendor='unknown'
htmldir='${docdir}'
includedir='${prefix}/include'
infodir='${datarootdir}/info'
install_sh='/home/cedar/.cedar/local/video/mpeg4ip-1.6.1/lib/SDLAudio/install-sh'
libdir='${exec_prefix}/lib'
libexecdir='${exec_prefix}/libexec'
localedir='${datarootdir}/locale'
localstatedir='${prefix}/var'
mandir='${datarootdir}/man'
mkdir_p='mkdir -p --'
oldincludedir='/usr/include'
pdfdir='${docdir}'
prefix='/usr/local'
program_transform_name='s,x,x,'
psdir='${docdir}'
sbindir='${exec_prefix}/sbin'
sharedstatedir='${prefix}/com'
sysconfdir='${prefix}/etc'
target='x86_64-unknown-linux-gnu'
target_alias=''
target_cpu='x86_64'
target_os='linux-gnu'
target_vendor='unknown'

## ----------- ##
## confdefs.h. ##
## ----------- ##

#define PACKAGE_NAME ""
#define PACKAGE_TARNAME ""
#define PACKAGE_VERSION ""
#define PACKAGE_STRING ""
#define PACKAGE_BUGREPORT ""
#define PACKAGE "SDL"
#define VERSION "1.2.8"
#define STDC_HEADERS 1
#define HAVE_SYS_TYPES_H 1
#define HAVE_SYS_STAT_H 1
#define HAVE_STDLIB_H 1
#define HAVE_STRING_H 1
#define HAVE_MEMORY_H 1
#define HAVE_STRINGS_H 1
#define HAVE_INTTYPES_H 1
#define HAVE_STDINT_H 1
#define HAVE_UNISTD_H 1
#define HAVE_DLFCN_H 1
#define HAVE_ALLOCA_H 1
#define HAVE_ALLOCA 1
#define HAVE_LIBASOUND 1

configure: exit 0
